0 0.07790246 0.013834065 73.78225737311385 0.03899258 0.004951409 89.10590277777777  0.82 
1 0.064405866 0.0063849674 80.02722050754458 0.035552863 0.004413716 90.29947916666667  0.8 
2 0.061236646 0.0061658453 81.43046982167353 0.03979104 0.006189452 88.38975694444444  0.79 
3 0.05955425 0.006033629 82.19017918381344 0.032542285 0.005004896 91.64496527777777  0.77 
4 0.058539387 0.0060424586 82.66343021262003 0.035771858 0.005436767 91.05902777777777  0.75 
5 0.05797085 0.0060099936 82.97710905349794 0.038284928 0.004536613 89.0625  0.74 
6 0.057405073 0.005956025 83.25713734567901 0.03669002 0.00499384 89.36631944444444  0.72 
7 0.057207003 0.0059228404 83.33043981481481 0.034462623 0.006319832 90.75520833333333  0.7 
8 0.056763478 0.005928333 83.49140517832647 0.036415175 0.0065035163 90.45138888888889  0.69 
9 0.056594174 0.00598464 83.549704218107 0.040304177 0.0062077874 88.88888888888889  0.67 
10 0.05625779 0.005916719 83.63125857338821 0.03549153 0.006037569 91.05902777777777  0.65 
11 0.05589417 0.0059864596 83.84312842935527 0.040450823 0.0071324464 88.62847222222223  0.64 
12 0.05594783 0.0058969017 83.85491683813443 0.03769186 0.0060101305 89.95225694444444  0.62 
13 0.055570275 0.005868191 84.03260030864197 0.034397252 0.005347067 90.49479166666667  0.6 
14 0.05550287 0.005844129 84.0232767489712 0.037452497 0.0064014574 89.40972222222223  0.59 
15 0.055430587 0.0059322272 84.15519975994513 0.03814954 0.005459248 88.95399305555556  0.57 
16 0.055390805 0.005905977 84.14587620027434 0.034990314 0.005418938 91.40625  0.56 
17 0.05511036 0.005831779 84.26622513717422 0.03630881 0.005502069 90.27777777777777  0.54 
18 0.054989737 0.0059142015 84.36792695473251 0.03409288 0.0052211466 90.97222222222223  0.52 
19 0.05489475 0.005875127 84.41829561042525 0.03619738 0.0068683974 90.12586805555556  0.51 
20 0.05483388 0.005871391 84.3872170781893 0.036034692 0.0045902035 91.18923611111111  0.49 
21 0.054702986 0.005829336 84.47412980109739 0.034090392 0.006063392 91.23263888888889  0.47 
22 0.054566987 0.00580386 84.51571073388203 0.03558565 0.005536389 90.29947916666667  0.46 
23 0.054521933 0.0059299674 84.51067386831275 0.033267494 0.0064158915 90.75520833333333  0.44 
24 0.054592233 0.005804201 84.47734482167353 0.03458521 0.0054436894 91.6015625  0.42 
25 0.054621175 0.005869004 84.47627314814815 0.034093596 0.004792551 91.03732638888889  0.41 
26 0.054496974 0.0058646817 84.56307870370371 0.035985574 0.0056493278 90.66840277777777  0.39 
27 0.054426413 0.005864527 84.60669581618656 0.03510128 0.0061955196 91.14583333333333  0.37 
28 0.054465756 0.005810534 84.58301183127573 0.03465323 0.005838226 90.53819444444444  0.36 
29 0.054398123 0.0057679256 84.63573816872427 0.03809143 0.008023844 89.19270833333333  0.34 
30 0.054245874 0.0059216027 84.65642146776406 0.03747442 0.0052678892 89.88715277777777  0.33 
31 0.054359287 0.0058119018 84.64120370370371 0.03525673 0.0045120716 91.16753472222223  0.31 
32 0.05431963 0.00587361 84.64302554869684 0.036929972 0.006990781 90.16927083333333  0.29 
33 0.05413417 0.005819364 84.73090277777777 0.036386207 0.004948268 90.16927083333333  0.28 
34 0.054152694 0.0057969564 84.72908093278464 0.03753156 0.006357392 89.58333333333333  0.26 
35 0.054326665 0.0058257156 84.66070816186557 0.037440103 0.00566703 89.93055555555556  0.24 
36 0.05408502 0.0057600853 84.74011917009602 0.03794345 0.006306146 89.32291666666667  0.23 
37 0.05407827 0.0058966675 84.7346536351166 0.040810388 0.007217572 88.45486111111111  0.21 
38 0.054154024 0.005807274 84.73615397805213 0.035817914 0.0050543626 90.27777777777777  0.2 
39 0.05399165 0.005786 84.77805641289437 0.034611367 0.0055571543 91.2109375  0.18 
40 0.054029424 0.0057811434 84.81942301097394 0.036797315 0.0066927276 90.40798611111111  0.16 
41 0.054095037 0.0058521857 84.74987139917695 0.03822536 0.0056584766 89.56163194444444  0.15 
42 0.05399049 0.005856101 84.80881344307271 0.037262395 0.0063303974 89.69184027777777  0.13 
43 0.053939864 0.005882825 84.82917524005487 0.03793486 0.0045178626 89.73524305555556  0.11 
44 0.053941213 0.0058769295 84.822423696845 0.03616999 0.005689146 89.82204861111111  0.1 
45 0.054053463 0.0058972198 84.71354166666667 0.03337684 0.004862691 91.27604166666667  0.08 
46 0.053889375 0.005786253 84.87654320987654 0.03459606 0.007156221 91.015625  0.07 
47 0.053857163 0.0058539906 84.86196844993141 0.036144506 0.0062805447 90.27777777777777  0.05 
48 0.0538902 0.005810094 84.86764831961591 0.034604926 0.006389552 91.08072916666667  0.03 
49 0.05371169 0.0057963836 84.91490912208505 0.034876864 0.0056855986 90.8203125  0.02 
