0 55.199864498644985 82.48546511627907 0.13835463 0.07470496 0.020775137 0.015780842 
1 66.36686991869918 83.7936046511628 0.11398625 0.06539699 0.0168238 0.016467383 
2 69.59857723577235 84.44767441860465 0.105904505 0.06265445 0.016212804 0.018695345 
3 71.6869918699187 83.50290697674419 0.100521274 0.06456101 0.017047806 0.017980432 
4 73.22493224932249 87.57267441860465 0.09589696 0.05357277 0.01686899 0.015678253 
5 74.40040650406505 85.31976744186046 0.092438325 0.059460208 0.01663708 0.013159783 
6 75.32689701897019 86.84593023255815 0.08921798 0.05678712 0.016822191 0.014082361 
7 75.99932249322494 86.19186046511628 0.087543726 0.05353204 0.016983867 0.013056633 
8 77.12567750677506 88.00872093023256 0.0849683 0.050253186 0.016787855 0.015156743 
9 77.19681571815718 88.51744186046511 0.08362459 0.047522772 0.016669169 0.01397431 
10 77.90142276422765 88.37209302325581 0.08155486 0.04897593 0.016333314 0.012410266 
11 78.43665311653116 88.00872093023256 0.080614604 0.05071999 0.016459892 0.014118224 
12 78.94817073170732 87.86337209302326 0.0785751 0.048007727 0.016195858 0.01522074 
13 79.20731707317073 88.37209302325581 0.07749525 0.046705984 0.01611001 0.014689073 
14 79.79844173441734 90.33430232558139 0.076429985 0.041540306 0.016476706 0.015751278 
15 80.59112466124661 88.37209302325581 0.074270144 0.046013195 0.016296105 0.012983915 
16 80.71138211382114 88.44476744186046 0.073742285 0.047374826 0.015749572 0.018064398 
17 81.00440379403794 89.75290697674419 0.07314306 0.04459977 0.015757402 0.01643718 
18 81.31944444444444 88.59011627906976 0.071782336 0.045141038 0.0160375 0.013695777 
19 81.73780487804878 89.82558139534883 0.07100479 0.042181477 0.015489508 0.0128293475 
20 82.23238482384824 89.75290697674419 0.069604106 0.044363 0.015491255 0.01572562 
21 82.68462059620596 90.18895348837209 0.06824324 0.04400891 0.015354625 0.016142882 
22 82.8099593495935 90.98837209302326 0.06769778 0.04237194 0.015431013 0.014181178 
23 83.29607046070461 88.59011627906976 0.06691854 0.04798015 0.014842358 0.018000307 
24 83.3519647696477 90.84302325581395 0.066736616 0.042035118 0.015022744 0.015222063 
25 83.8939701897019 90.4796511627907 0.06508045 0.040909532 0.015552402 0.01159263 
26 84.17513550135502 89.89825581395348 0.0646183 0.043799415 0.014945591 0.014470155 
27 84.3309620596206 91.06104651162791 0.06395968 0.042332016 0.014214133 0.016964927 
28 84.50880758807588 91.93313953488372 0.06333197 0.03618454 0.014736509 0.010922246 
29 85.02032520325203 90.625 0.062430173 0.040839672 0.014338092 0.0142175155 
30 85.08976964769647 90.18895348837209 0.061999507 0.043891992 0.014556596 0.013011129 
31 85.29810298102981 93.75 0.061231438 0.031197421 0.014530142 0.011824502 
32 85.5860433604336 92.65988372093024 0.060899753 0.03549585 0.014486897 0.012756158 
33 85.41666666666667 91.86046511627907 0.06069546 0.03866984 0.014529357 0.013921845 
34 85.76558265582656 93.1686046511628 0.060143083 0.034960013 0.014230527 0.014426915 
35 86.1060298102981 91.86046511627907 0.05913186 0.036812954 0.013736965 0.015010213 
36 86.17378048780488 91.2063953488372 0.058763076 0.04100554 0.013819985 0.016696077 
37 86.36009485094851 91.93313953488372 0.058579475 0.036878474 0.0142664155 0.013232754 
38 86.4430894308943 91.56976744186046 0.05791822 0.038902298 0.014156238 0.0122389635 
39 87.01388888888889 89.97093023255815 0.056788176 0.04505595 0.014212605 0.019323718 
40 86.7310298102981 90.69767441860465 0.057482895 0.0417348 0.013711732 0.014795318 
41 87.21544715447155 91.42441860465117 0.056241315 0.038774066 0.013566143 0.012492737 
42 87.37127371273712 92.80523255813954 0.05584548 0.03541778 0.013678635 0.014316781 
43 87.66937669376694 92.00581395348837 0.054984365 0.035603628 0.01387046 0.013585656 
44 87.40176151761517 91.78779069767442 0.055808198 0.03788474 0.014164332 0.0136319045 
45 87.75237127371274 92.87790697674419 0.05481636 0.036193345 0.013930778 0.013006327 
46 87.86415989159892 92.58720930232558 0.0544143 0.035179436 0.013243865 0.013629979 
47 88.21646341463415 91.27906976744185 0.05363059 0.036877573 0.013654552 0.012126399 
48 88.25542005420054 91.42441860465117 0.053271055 0.03840918 0.01331722 0.014726169 
49 88.3519647696477 92.29651162790698 0.052936826 0.038013343 0.01372659 0.016341928 
50 88.49085365853658 90.69767441860465 0.052674357 0.039780393 0.013584973 0.014340901 
51 88.49424119241192 92.73255813953489 0.05262254 0.03491737 0.013316889 0.015410452 
52 88.84823848238483 92.58720930232558 0.051785693 0.03564066 0.013544378 0.014985089 
53 88.75169376693766 92.95058139534883 0.051748727 0.037282754 0.012828708 0.015196974 
54 88.8939701897019 92.80523255813954 0.051831733 0.03519981 0.0133799 0.01409517 
55 89.12262872628726 91.64244186046511 0.051281705 0.038602483 0.013206288 0.017149433 
56 89.34451219512195 92.15116279069767 0.050356813 0.03812695 0.013051844 0.014202223 
57 89.24627371273712 92.36918604651163 0.050691087 0.037606053 0.013007072 0.012431159 
58 89.27337398373983 92.58720930232558 0.05065395 0.03711971 0.012947875 0.0118264835 
59 89.2259485094851 91.78779069767442 0.05049497 0.037145205 0.013008502 0.01406076 
60 89.47154471544715 92.95058139534883 0.049721323 0.035696715 0.0129653 0.017011238 
61 89.62228997289972 92.73255813953489 0.049365655 0.03545407 0.012557579 0.010993854 
62 89.7730352303523 92.15116279069767 0.049021896 0.039491937 0.012612323 0.013784024 
63 89.92547425474255 91.42441860465117 0.048559926 0.04142672 0.0129266465 0.014222297 
64 89.95257452574526 93.6046511627907 0.048360523 0.031594526 0.012453937 0.013696511 
65 89.9170054200542 92.07848837209302 0.048054293 0.0366985 0.012302698 0.0146495905 
66 90.20325203252033 91.71511627906976 0.047541227 0.037515257 0.0125731295 0.013993477 
67 90.40311653116531 91.86046511627907 0.04738154 0.03710093 0.012870928 0.013304681 
68 90.19478319783198 92.73255813953489 0.047291767 0.035074897 0.012558334 0.012034414 
69 90.28624661246613 92.65988372093024 0.04703064 0.0364275 0.012506545 0.012557262 
70 90.3099593495935 93.53197674418605 0.04739783 0.03340052 0.012662006 0.015095179 
71 90.24728997289972 94.47674418604652 0.047134288 0.031093054 0.012704853 0.010117556 
72 90.52845528455285 93.09593023255815 0.046561003 0.03459161 0.012283429 0.012488459 
73 90.51151761517615 92.15116279069767 0.04642965 0.035920333 0.012258904 0.012836593 
74 90.46578590785907 92.95058139534883 0.0465574 0.03452345 0.012350313 0.013515163 
75 90.82486449864498 93.31395348837209 0.045789786 0.03350643 0.012241691 0.014450567 
76 90.94342818428184 92.00581395348837 0.045537688 0.038949743 0.012296654 0.014633783 
77 90.9298780487805 92.15116279069767 0.04546094 0.03886762 0.012262657 0.01776994 
78 91.04166666666667 92.00581395348837 0.04532217 0.036538385 0.012305989 0.013189898 
79 91.08739837398375 92.07848837209302 0.045138188 0.038894765 0.012069354 0.012150121 
80 91.11957994579946 92.51453488372093 0.04497489 0.036337446 0.012262101 0.015739031 
81 91.31944444444444 92.73255813953489 0.044303946 0.03610268 0.011995201 0.011690482 
82 91.14329268292683 94.69476744186046 0.04504394 0.029587727 0.011997999 0.008333764 
83 91.35670731707317 94.04069767441861 0.043943793 0.032264158 0.0122571755 0.011000249 
84 91.49559620596206 93.09593023255815 0.044044018 0.035409234 0.011688946 0.01421007 
85 91.43631436314364 92.58720930232558 0.044018745 0.035089046 0.011663856 0.01285364 
86 91.52947154471545 92.15116279069767 0.043742184 0.03607447 0.011946833 0.013235505 
87 91.51592140921409 93.31395348837209 0.04354704 0.033125017 0.011800867 0.014051908 
88 91.61077235772358 93.31395348837209 0.04342299 0.032969274 0.011924374 0.01620768 
89 91.49051490514906 92.15116279069767 0.043505784 0.0375505 0.011840456 0.014377247 
90 91.72086720867209 93.82267441860465 0.042877685 0.03288029 0.0119635835 0.011621071 
91 91.77337398373983 91.64244186046511 0.042726576 0.03844885 0.011834841 0.018338686 
92 91.70392953929539 93.09593023255815 0.04288262 0.034273613 0.011819273 0.013581122 
93 91.79878048780488 94.54941860465117 0.042709228 0.030932738 0.011757841 0.015714837 
94 91.89871273712737 94.25872093023256 0.04240902 0.030831093 0.011724225 0.009925542 
95 91.91734417344173 94.3313953488372 0.042412847 0.031749364 0.0121091455 0.01625689 
96 92.03421409214093 92.44186046511628 0.041754134 0.034339122 0.011368543 0.014326275 
97 92.13075880758808 91.27906976744185 0.04160437 0.039263066 0.011374462 0.015906123 
98 92.25779132791328 94.18604651162791 0.041270103 0.029996984 0.011449397 0.010633139 
99 92.1849593495935 93.1686046511628 0.041598663 0.03566813 0.011416598 0.015936878 
100 92.32046070460704 93.31395348837209 0.0413111 0.033758417 0.011666346 0.014402397 
101 92.27811653116531 92.51453488372093 0.0410923 0.033236444 0.0114588095 0.010641974 
102 92.20867208672087 93.1686046511628 0.04112017 0.034189675 0.011393296 0.01698626 
103 92.36619241192412 93.6046511627907 0.040949263 0.03169662 0.011504379 0.012845961 
104 92.40684281842819 93.53197674418605 0.04102087 0.03510724 0.011419846 0.013999954 
105 92.40006775067751 93.02325581395348 0.04075065 0.031422067 0.011377234 0.0114117265 
106 92.35433604336043 92.87790697674419 0.04085506 0.034126945 0.011415672 0.011869688 
107 92.56266937669376 94.54941860465117 0.04039377 0.03163291 0.01075912 0.01292516 
108 92.60331978319783 93.45930232558139 0.040503964 0.034389805 0.011366462 0.01314595 
109 92.44918699186992 93.38662790697674 0.040500514 0.035028446 0.011092791 0.014554313 
110 92.59146341463415 93.53197674418605 0.040412214 0.032419723 0.011288682 0.01299295 
111 92.73373983739837 94.47674418604652 0.03986349 0.030477269 0.011220785 0.011046566 
112 92.71849593495935 93.45930232558139 0.040236063 0.03332481 0.011122955 0.014379334 
113 92.62533875338754 93.38662790697674 0.039933197 0.034796443 0.011116363 0.012946481 
114 92.78285907859079 93.82267441860465 0.039214708 0.03118356 0.011442644 0.012964968 
115 92.8048780487805 93.96802325581395 0.03936039 0.032048635 0.011143177 0.013142491 
116 92.914972899729 93.75 0.03901219 0.031857897 0.010988557 0.01177134 
117 92.96747967479675 94.91279069767442 0.03897705 0.028702581 0.011218248 0.012423921 
118 93.08943089430895 94.40406976744185 0.038941134 0.031672582 0.01093878 0.012404711 
119 92.92852303523036 94.54941860465117 0.038966563 0.030693462 0.011068734 0.014128492 
120 92.94546070460704 93.53197674418605 0.039052583 0.03428023 0.0113306595 0.014823677 
121 93.04878048780488 93.53197674418605 0.03859823 0.0337263 0.011009204 0.015248205 
122 92.98611111111111 91.49709302325581 0.0386753 0.03739952 0.010982363 0.014722187 
123 93.13177506775068 92.87790697674419 0.03828336 0.033591263 0.0111504 0.014155615 
124 93.17411924119241 92.36918604651163 0.038338836 0.035808936 0.011140638 0.011960907 
125 93.27574525745257 93.1686046511628 0.038001467 0.031237448 0.011173411 0.011562366 
126 93.14871273712737 93.09593023255815 0.03848565 0.033860445 0.0109614795 0.014210929 
127 93.130081300813 92.87790697674419 0.038406074 0.036420584 0.010968748 0.016175661 
128 93.22323848238483 93.02325581395348 0.037980594 0.03362972 0.010850727 0.015390845 
129 93.39430894308943 92.87790697674419 0.03782981 0.0328168 0.010947017 0.014563259 
130 93.26219512195122 92.58720930232558 0.03797733 0.03393468 0.010706646 0.013379525 
131 93.1859756097561 93.24127906976744 0.03804825 0.03168887 0.010878721 0.012779584 
132 93.47560975609755 93.75 0.03736498 0.0319181 0.010918229 0.012741931 
133 93.26050135501355 93.31395348837209 0.03803998 0.03235227 0.011283647 0.012703964 
134 93.4298780487805 92.73255813953489 0.037260678 0.03327182 0.010632303 0.012739232 
135 93.44342818428184 92.87790697674419 0.037276246 0.033352274 0.010981767 0.009582347 
136 93.45020325203252 93.96802325581395 0.03738757 0.030283552 0.011154485 0.012511581 
137 93.57554200542006 93.82267441860465 0.03699917 0.030700281 0.010665696 0.0116966 
138 93.55352303523036 94.11337209302326 0.036949 0.03203752 0.01089646 0.014129925 
139 93.51456639566396 93.09593023255815 0.037032355 0.032218065 0.010968423 0.011605488 
140 93.77879403794039 91.93313953488372 0.036589023 0.034987208 0.010782119 0.012918616 
141 93.66869918699187 94.18604651162791 0.036656614 0.03009064 0.010485571 0.013850034 
142 93.69749322493224 93.82267441860465 0.036644895 0.031414103 0.010507222 0.011809674 
143 93.63821138211382 93.09593023255815 0.036801487 0.032079864 0.010904065 0.014454384 
144 93.82791327913279 94.11337209302326 0.03625973 0.030846898 0.010520165 0.012674711 
145 93.60264227642277 94.40406976744185 0.036961112 0.028407563 0.010638307 0.0108493185 
146 93.69071815718158 92.95058139534883 0.036461275 0.0335696 0.010709776 0.013286586 
147 93.83638211382114 92.58720930232558 0.036065124 0.034361638 0.010396117 0.013985211 
148 93.8329945799458 92.51453488372093 0.036105238 0.03715676 0.010430979 0.014167154 
149 93.86686991869918 94.11337209302326 0.036084164 0.033048224 0.010588493 0.014582878 
150 93.77371273712737 94.04069767441861 0.036194593 0.03226421 0.0104796 0.0138912285 
151 93.84315718157181 94.69476744186046 0.035962373 0.027536426 0.010566141 0.0114001585 
152 93.75677506775068 93.8953488372093 0.036162045 0.032525472 0.010741957 0.015075341 
153 93.92784552845528 93.75 0.03589978 0.03130701 0.01050846 0.014055938 
154 93.755081300813 93.75 0.036048375 0.03249195 0.010748488 0.0139409 
155 93.88888888888889 93.38662790697674 0.036150932 0.033120126 0.010439933 0.011040143 
156 94.00575880758808 93.31395348837209 0.035634972 0.03352921 0.011104248 0.013733072 
157 93.95494579945799 94.84011627906976 0.035643905 0.028964289 0.01051635 0.014075906 
158 94.11924119241192 93.45930232558139 0.035232957 0.03285944 0.010584125 0.01436676 
159 94.0701219512195 93.67732558139535 0.035286058 0.030562991 0.010170167 0.012062871 
160 94.04471544715447 94.18604651162791 0.035331246 0.03078518 0.010215783 0.010298161 
161 94.05657181571816 93.82267441860465 0.03539107 0.030849462 0.010593861 0.011639643 
162 94.19715447154472 93.82267441860465 0.0351059 0.031792656 0.010437049 0.01221903 
163 94.09214092140921 93.75 0.035234552 0.030808954 0.010670804 0.010724316 
164 94.23272357723577 93.6046511627907 0.03497954 0.03194107 0.010534829 0.013046876 
165 94.17682926829268 93.53197674418605 0.0350197 0.032617573 0.010335304 0.014159964 
166 94.18021680216802 92.29651162790698 0.034811515 0.03422255 0.010304656 0.012840286 
167 94.13787262872629 93.53197674418605 0.03520458 0.031988595 0.01066074 0.01213505 
168 94.04810298102981 93.45930232558139 0.035259206 0.03258665 0.010671968 0.012152109 
169 94.15989159891599 94.25872093023256 0.03506065 0.029094325 0.010501875 0.011644321 
170 94.17513550135502 92.44186046511628 0.034797136 0.03494745 0.010168768 0.01505018 
171 94.22425474254743 93.24127906976744 0.03477712 0.032584596 0.010677499 0.017117592 
172 94.3309620596206 92.44186046511628 0.034644984 0.03322554 0.010198412 0.01471154 
173 94.19037940379404 92.51453488372093 0.034481116 0.034392014 0.010313305 0.014282118 
174 94.2530487804878 93.96802325581395 0.03462784 0.030525407 0.0105120735 0.013049581 
175 94.45121951219512 94.47674418604652 0.03396364 0.029418735 0.01029065 0.0123193 
176 94.28353658536585 94.98546511627907 0.03451313 0.027125968 0.010418925 0.011409708 
177 94.36653116531166 93.09593023255815 0.034402035 0.033681374 0.010197776 0.015109069 
178 94.45291327913279 92.73255813953489 0.03382929 0.033080794 0.010140575 0.014362378 
179 94.58672086720867 93.82267441860465 0.033475652 0.030941907 0.009888602 0.013553712 
180 94.20392953929539 93.45930232558139 0.03413989 0.029807562 0.010465808 0.0120606255 
181 94.41056910569105 92.80523255813954 0.034311406 0.034316435 0.010055687 0.012727403 
182 94.36144986449864 93.82267441860465 0.034282945 0.02960992 0.010359759 0.011724066 
183 94.51558265582656 93.75 0.03385098 0.03168478 0.010205538 0.010987204 
184 94.42411924119241 93.1686046511628 0.033673454 0.033303697 0.0102748815 0.016126426 
185 94.59010840108401 93.8953488372093 0.03379111 0.032379717 0.010034324 0.011292517 
186 94.63584010840108 92.51453488372093 0.033333797 0.03465752 0.0100721065 0.016044673 
187 94.57486449864498 93.53197674418605 0.03351238 0.03178724 0.010102317 0.011920158 
188 94.57825203252033 94.11337209302326 0.033559263 0.029674696 0.010021377 0.009549703 
189 94.58841463414635 92.29651162790698 0.033620715 0.035633005 0.01039231 0.010960977 
190 94.61043360433604 94.98546511627907 0.033350736 0.028513318 0.010103612 0.009842328 
191 94.63753387533875 94.62209302325581 0.03343156 0.028980313 0.009950569 0.011818754 
192 94.71036585365853 94.62209302325581 0.03323685 0.027791217 0.010096522 0.010413386 
193 94.53590785907859 93.96802325581395 0.03346432 0.029331215 0.01009375 0.012097691 
194 94.79505420054201 94.40406976744185 0.032880962 0.029951403 0.009875711 0.01103226 
195 94.585027100271 93.75 0.033427104 0.031355586 0.010218496 0.011018031 
196 94.83739837398375 94.69476744186046 0.032792736 0.02746606 0.009773931 0.0116852615 
197 94.65447154471545 93.6046511627907 0.033271484 0.03197584 0.010215491 0.014141295 
198 94.79166666666667 93.45930232558139 0.03302835 0.03174584 0.009842821 0.012030985 
199 94.585027100271 94.3313953488372 0.03312727 0.029037982 0.0100368755 0.01088147 
