new best net in 4
TRAINING result
accuracy   = 88.294 [%]
hit_count  = 823892
miss_count = 109228

class_accuracy = 98.415%   82.286%   82.797%   85.96%   92.046%   


confusion_matrix = 
183154	 4353	 182	 313	 114	 
1365	 153424	 19558	 10126	 2020	 
345	 16595	 154548	 10220	 3904	 
390	 8331	 8955	 161068	 8799	 
848	 3747	 3415	 5648	 171698	 



TESTING result
accuracy   = 92.383 [%]
hit_count  = 4257
miss_count = 351

class_accuracy = 98.935%   88.579%   48.8%   63.736%   70.253%   


confusion_matrix = 
2600	 18	 0	 0	 0	 
13	 1427	 44	 13	 9	 
1	 94	 61	 3	 8	 
2	 57	 17	 58	 29	 
11	 14	 2	 16	 111	 



