best model
epoch = 16

TRAINING result

loss_mean = 0.0039439453
loss_std  = 0.0011601726


accuracy   = 99.364 [%]
hit_count  = 59650
miss_count = 382

class_accuracy = 99.794%   99.373%   99.598%   98.859%   99.339%   99.496%   99.577%   99.26%   99.337%   98.863%   


confusion_matrix = 
        5824           3           3           3           5           7           4           0           2           3
           0        6660           4           1           6           2           4           5           8           2
           1          28        5941          12           0           1           0          20           2           0
           0           2           0        6063           0           5           0           1           1           2
           1           3           2           0        5865           1           6           5           4          20
           0           0           0          13           1        5527           4           2           7          15
           2           0           0           0           5           8        5880           0           4           0
           0           5          10          12           3           1           0        6307           2          20
           4           0           3          13           2           1           6           2        5844           3
           3           0           1          15          16           1           0          11           8        5739





TESTING result

loss_mean = 0.004284406
loss_std  = 0.0013156824


accuracy   = 99.283 [%]
hit_count  = 9976
miss_count = 72

class_accuracy = 99.691%   99.74%   99.328%   99.218%   99.393%   99.088%   98.671%   98.633%   99.689%   98.364%   


confusion_matrix = 
         969           0           2           0           0           0           5           2           0           1
           0        1149           0           0           0           0           2           2           0           1
           0           0        1034           0           0           0           1           6           0           0
           0           0           0        1015           0           6           0           3           0           0
           0           0           0           0         982           0           0           0           0           2
           0           0           0           3           0         869           3           0           0           2
           0           1           2           0           3           1         965           0           0           0
           2           0           2           3           0           0           0        1010           0           9
           0           1           0           1           0           0           1           0         961           1
           0           0           0           0           2           0           0           0           2        1022

