0 0.028927118 0.016914375 88.8775986140725 0.015510417 0.002332151 96.51671974522293  0.03 
1 0.0139819635 0.0025729465 96.74840085287846 0.012061825 0.0018875805 97.32285031847134  0.03 
2 0.0108450195 0.0021164734 97.6529184434968 0.009432332 0.0018457961 98.1687898089172  0.03 
3 0.009169505 0.0018338278 98.10601012793177 0.008226268 0.0017462239 98.55692675159236  0.03 
4 0.00806131 0.0017803297 98.43916577825159 0.007550781 0.0015290724 98.46735668789809  0.03 
5 0.007205242 0.0016062517 98.6257329424307 0.0071538407 0.0015146763 98.74601910828025  0.02 
6 0.006618215 0.0015743924 98.76732409381663 0.0062687183 0.0014700933 98.87539808917198  0.02 
7 0.0062235566 0.0015380252 98.73234275053305 0.006155603 0.0014214455 98.9749203821656  0.02 
8 0.005736846 0.0014181861 98.96388592750533 0.005995282 0.0015380505 98.73606687898089  0.02 
9 0.005404424 0.0014137282 99.0138592750533 0.005469281 0.0014380586 98.91520700636943  0.02 
10 0.0051174327 0.0013818276 99.0405117270789 0.0054230867 0.0013620565 98.93511146496816  0.02 
11 0.004760565 0.0013115428 99.21708422174841 0.005031806 0.0013074676 99.02468152866243  0.01 
12 0.004659073 0.0013014941 99.12546641791045 0.0050046593 0.0013658474 98.93511146496816  0.01 
13 0.0044539156 0.0012413001 99.21875 0.004860897 0.001390975 98.95501592356688  0.01 
14 0.004290474 0.001215982 99.20708955223881 0.0044953087 0.0011977963 99.15406050955414  0.01 
15 0.0041098422 0.0011960282 99.27372068230277 0.0043524634 0.0012777764 99.22372611464968  0.01 
16 0.0039439453 0.0011601726 99.36367270788912 0.004284406 0.0013156824 99.28343949044586  0.01 
17 0.0038111953 0.0011217295 99.37533315565032 0.004129003 0.0012197633 99.2734872611465  0.0 
18 0.0036709304 0.0010686296 99.37533315565032 0.00429669 0.0011874215 99.15406050955414  0.0 
19 0.0035128125 0.001037642 99.4386327292111 0.0040875827 0.0011911341 99.07444267515923  0.0 
