best model
epoch = 20

TRAINING result

loss_mean = 0.03642902
loss_std  = 0.0046098703


accuracy   = 92.149 [%]
hit_count  = 859859
miss_count = 73261

class_accuracy = 99.201%   86.544%   87.007%   92.288%   95.742%   


confusion_matrix = 
      184949        2080          19          88          28
         769      161509       16708        6552        1222
         115       14331      163026        4815        2332
         206        6006        5491      172327        4336
         399        2693        2126        2945      178048





TESTING result

loss_mean = 0.027956165
loss_std  = 0.0066380077


accuracy   = 93.403 [%]
hit_count  = 4304
miss_count = 304

class_accuracy = 99.424%   89.55%   61.585%   50.0%   81.538%   


confusion_matrix = 
        2588          11           0           0           0
           4        1474          48           6           5
           0         104         101           9           1
           2          40           9          35          17
           8          16           5          19         106

