0 0.08814119 0.012871296 69.08768432784636 0.038156327 0.0053907256 91.27604166666667  0.82 
1 0.07456885 0.006620276 75.55716306584362 0.03545509 0.0053060553 91.29774305555556  0.8 
2 0.07082985 0.006482914 77.3712920096022 0.039933834 0.005762804 90.4296875  0.78 
3 0.06902571 0.0064700046 78.27492712620027 0.037252594 0.0061329156 91.12413194444444  0.77 
4 0.0675452 0.00626109 78.9704432441701 0.038706828 0.005846368 90.12586805555556  0.75 
5 0.06668999 0.0063494 79.40050582990398 0.034657102 0.0049608937 91.92708333333333  0.73 
6 0.065873586 0.0062567866 79.7516932441701 0.038516928 0.0058843237 89.73524305555556  0.72 
7 0.06510027 0.0062316367 80.12034893689986 0.03803737 0.005999334 90.64670138888889  0.7 
8 0.06458486 0.006206339 80.39201817558299 0.035505906 0.0060159727 91.38454861111111  0.69 
9 0.06404315 0.006221693 80.59027777777777 0.03541641 0.0067171077 90.75520833333333  0.67 
10 0.063802324 0.006277541 80.75445816186557 0.04079879 0.0069322456 89.51822916666667  0.65 
11 0.0634113 0.006221936 80.90620713305898 0.036491346 0.005508358 90.45138888888889  0.64 
12 0.06304677 0.0062397853 81.07488854595336 0.03645222 0.0077629494 91.10243055555556  0.62 
13 0.062891595 0.0061815903 81.19588048696845 0.036833126 0.0066418475 90.71180555555556  0.6 
14 0.06260009 0.0060829683 81.30154749657065 0.035543755 0.007472954 91.18923611111111  0.59 
15 0.06241764 0.006128092 81.3997127914952 0.032975078 0.0056744 91.84027777777777  0.57 
16 0.062157325 0.006119078 81.49648491083676 0.03615214 0.0049319537 91.23263888888889  0.56 
17 0.062008206 0.0061060204 81.57568158436214 0.036381945 0.0054830206 91.73177083333333  0.54 
18 0.06183548 0.0060523865 81.674704218107 0.03310084 0.0053343624 91.75347222222223  0.52 
19 0.061604187 0.006014963 81.75582990397805 0.033446703 0.004595345 91.31944444444444  0.51 
20 0.06158519 0.0061243996 81.8030907064472 0.03973938 0.006350911 89.80034722222223  0.49 
21 0.0614211 0.006170447 81.90018432784636 0.03776352 0.0059564025 90.47309027777777  0.47 
22 0.061397243 0.006118631 81.87467849794238 0.036260806 0.0056083254 91.03732638888889  0.46 
23 0.06117289 0.0060040136 81.93683556241426 0.035311054 0.0063025537 91.75347222222223  0.44 
24 0.06109864 0.006085556 81.99213391632374 0.03414083 0.003945773 91.68836805555556  0.43 
25 0.06098403 0.0061535453 82.00317215363512 0.036086384 0.006198893 91.64496527777777  0.41 
26 0.060842447 0.0060194014 82.10776748971193 0.037746258 0.006770404 90.27777777777777  0.39 
27 0.060734384 0.006013271 82.17710476680384 0.03638899 0.006448966 90.77690972222223  0.38 
28 0.06069445 0.0060586836 82.22425840192044 0.037513062 0.006012371 90.19097222222223  0.36 
29 0.060600914 0.006013319 82.1883573388203 0.036328483 0.0064017014 91.05902777777777  0.34 
30 0.060431786 0.006044617 82.31127829218107 0.03707012 0.0057786773 90.84201388888889  0.33 
31 0.06055507 0.006048556 82.20389660493827 0.034639318 0.0059787845 92.23090277777777  0.31 
32 0.060401153 0.006020743 82.30249056927298 0.033866167 0.0054908716 91.66666666666667  0.29 
33 0.060349517 0.006010832 82.32070901920439 0.033028368 0.006704229 91.55815972222223  0.28 
34 0.060317487 0.0060562836 82.38876028806584 0.03331186 0.004702246 91.68836805555556  0.26 
35 0.060265586 0.0060376753 82.40022719478738 0.035178546 0.0054722005 92.12239583333333  0.25 
36 0.06012847 0.006127681 82.47352966392319 0.035923008 0.0066801943 90.49479166666667  0.23 
37 0.06008233 0.0060558445 82.44673782578874 0.034879997 0.0055557266 91.49305555555556  0.21 
38 0.0601151 0.005960074 82.46827846364883 0.03760917 0.007190797 90.32118055555556  0.2 
39 0.05993109 0.0060116183 82.53493655692729 0.036223754 0.006365854 90.92881944444444  0.18 
40 0.059887003 0.0059816055 82.54093792866941 0.034721546 0.0054569123 91.38454861111111  0.16 
41 0.06001793 0.0060169054 82.50503686556927 0.03582181 0.0061765066 91.10243055555556  0.15 
42 0.05991467 0.006021499 82.55336934156378 0.03298387 0.006339147 91.71006944444444  0.13 
43 0.059854127 0.006019758 82.54125943072702 0.03277183 0.0059090643 91.62326388888889  0.11 
44 0.059746552 0.0060553313 82.60138031550069 0.034121946 0.0056553483 92.31770833333333  0.1 
45 0.05990421 0.0060833087 82.56644375857339 0.032664042 0.00648331 92.40451388888889  0.08 
46 0.05969241 0.0060376995 82.62077760631001 0.034032114 0.006790887 91.38454861111111  0.07 
47 0.05971608 0.006047733 82.63052983539094 0.03433169 0.0052341293 91.16753472222223  0.05 
48 0.059777364 0.0060307304 82.62131344307271 0.034545757 0.004273678 91.64496527777777  0.03 
49 0.05973221 0.0059822686 82.59709362139918 0.034789123 0.005768613 90.55989583333333  0.02 
