0 50.89769647696477 79.14244186046511 0.14873289 0.08770311 0.01977999 0.015359929 
1 57.46104336043361 80.37790697674419 0.13298112 0.075849764 0.0154448245 0.017480424 
2 60.78252032520325 81.8313953488372 0.12529211 0.07017984 0.015430212 0.0158989 
3 64.05657181571816 82.19476744186046 0.119193524 0.06881075 0.01597094 0.018897818 
4 66.13651761517615 82.04941860465117 0.1144221 0.068001084 0.01592196 0.015704969 
5 67.86924119241192 82.04941860465117 0.110490255 0.06819352 0.016827121 0.016419265 
6 69.32418699186992 81.61337209302326 0.10678386 0.06598055 0.017009404 0.01981477 
7 70.35907859078591 85.10174418604652 0.1043132 0.06163042 0.01683082 0.016329935 
8 71.13651761517615 82.77616279069767 0.10212084 0.0667697 0.016294222 0.014979766 
9 72.16124661246613 84.88372093023256 0.099838786 0.059208497 0.016666798 0.016296191 
10 72.6439701897019 85.24709302325581 0.09879864 0.060665157 0.017059293 0.016948448 
11 73.2079945799458 85.10174418604652 0.09670613 0.061212484 0.016712641 0.015584361 
12 73.78387533875339 85.61046511627907 0.09582608 0.061032716 0.016839404 0.016788837 
13 73.92445799457994 85.39244186046511 0.09458685 0.06153614 0.017013408 0.01819934 
14 74.23949864498645 85.97383720930233 0.09380301 0.05830077 0.0165861 0.014596789 
15 74.72560975609755 87.42732558139535 0.09311535 0.057622045 0.01680637 0.017754752 
16 74.97120596205961 85.24709302325581 0.09252907 0.062481314 0.016666783 0.01458134 
17 74.994918699187 85.02906976744185 0.0920466 0.05944064 0.016947988 0.016463298 
18 75.42513550135502 87.28197674418605 0.09116998 0.05435509 0.01651475 0.015154712 
19 75.65548780487805 87.20930232558139 0.0902861 0.053884495 0.016549991 0.019675149 
20 75.92479674796748 87.06395348837209 0.089493334 0.056067754 0.016917465 0.014781278 
21 76.24153116531166 86.9186046511628 0.0889486 0.05590342 0.01643881 0.01778456 
22 76.25338753387534 89.38953488372093 0.08891998 0.048798796 0.01691928 0.013346026 
23 76.66836043360433 88.15406976744185 0.087848745 0.051882252 0.016651453 0.012873103 
24 76.79708672086721 87.20930232558139 0.087400526 0.05697359 0.016448596 0.01753799 
25 76.90887533875339 87.86337209302326 0.08667367 0.056239914 0.016530158 0.014908256 
26 77.58638211382114 86.26453488372093 0.08517239 0.05581641 0.016593874 0.015173182 
27 77.18326558265582 86.55523255813954 0.085525766 0.055916846 0.016468054 0.015255371 
28 77.5609756097561 88.66279069767442 0.085102335 0.052690078 0.016549645 0.016971227 
29 77.55928184281842 88.66279069767442 0.08461449 0.050998464 0.016830586 0.017976226 
30 78.16565040650407 89.46220930232558 0.083693184 0.04711627 0.016630271 0.011722756 
31 78.07926829268293 88.59011627906976 0.08356487 0.051474877 0.016221318 0.01602172 
32 78.14532520325203 88.22674418604652 0.083402224 0.049372446 0.016267197 0.012657188 
33 78.25880758807588 88.59011627906976 0.082969576 0.049947616 0.01609204 0.015164845 
34 78.44681571815718 88.66279069767442 0.082305014 0.049181893 0.016050665 0.016201008 
35 78.66192411924119 91.64244186046511 0.082031496 0.042088024 0.015828317 0.012963808 
36 79.0701219512195 89.75290697674419 0.08103873 0.045489434 0.016331522 0.016774092 
37 78.69579945799458 89.53488372093024 0.08121895 0.047791984 0.015840229 0.016135853 
38 79.39532520325203 91.71511627906976 0.080546714 0.04308224 0.015847012 0.014054845 
39 79.02608401084011 89.75290697674419 0.08072268 0.048173882 0.015842069 0.01384797 
40 79.25643631436314 89.17151162790698 0.080137655 0.04925464 0.01588516 0.015944548 
41 79.43258807588076 89.68023255813954 0.079770766 0.049085934 0.015856221 0.01626533 
42 79.11924119241192 89.46220930232558 0.08045823 0.04910593 0.015782138 0.013504229 
43 79.37669376693766 89.60755813953489 0.07971168 0.04704982 0.016503884 0.016521133 
44 79.61043360433604 89.68023255813954 0.07919985 0.049684137 0.016025454 0.016467344 
45 79.74932249322494 89.75290697674419 0.07878859 0.04828948 0.015869409 0.017213577 
46 80.0 89.02616279069767 0.0784168 0.049945526 0.015627986 0.013688066 
47 80.17107046070461 90.40697674418605 0.07749164 0.046067458 0.015674835 0.013422258 
48 80.00677506775068 88.95348837209302 0.07755805 0.04942223 0.015851062 0.0141673535 
49 80.14566395663957 89.46220930232558 0.07746799 0.04750949 0.015476571 0.0169241 
50 80.44884823848238 90.69767441860465 0.07676855 0.046562444 0.016149107 0.014314371 
51 80.56571815718158 88.80813953488372 0.07659326 0.04915667 0.015688853 0.0139950905 
52 80.48949864498645 90.4796511627907 0.07672161 0.045169648 0.015725885 0.01395148 
53 80.45562330623306 89.17151162790698 0.07688613 0.04900839 0.01623589 0.015524037 
54 80.54369918699187 89.97093023255815 0.0765272 0.047321808 0.015703201 0.013633674 
55 80.89092140921409 91.42441860465117 0.07541775 0.041070078 0.0148308985 0.015013343 
56 80.71307588075881 90.625 0.07599044 0.04359622 0.015583812 0.013589823 
57 80.9400406504065 88.59011627906976 0.075035594 0.047282614 0.015829852 0.013916307 
58 80.92479674796748 90.84302325581395 0.075370066 0.044811558 0.015930932 0.018345121 
59 80.92310298102981 90.11627906976744 0.0756152 0.04419648 0.015455579 0.013964202 
60 81.26524390243902 89.68023255813954 0.074898414 0.049513806 0.015813973 0.016369222 
61 81.5819783197832 90.625 0.073995195 0.04498205 0.015287825 0.013101604 
62 81.40582655826559 89.17151162790698 0.073885605 0.047653288 0.015624244 0.013059709 
63 81.19918699186992 88.95348837209302 0.074697204 0.04982677 0.015033543 0.015460093 
64 81.52947154471545 90.91569767441861 0.07385226 0.043336853 0.015854783 0.014442872 
65 81.53794037940379 89.68023255813954 0.073943466 0.048798133 0.015415823 0.015282254 
66 81.30758807588076 91.13372093023256 0.07423566 0.043061767 0.01500731 0.0141208675 
67 81.460027100271 91.64244186046511 0.07375971 0.042017765 0.01539847 0.013526995 
68 81.49559620596206 91.64244186046511 0.073383406 0.04200715 0.015530587 0.014127934 
69 81.7530487804878 89.89825581395348 0.07287538 0.047373544 0.015698072 0.016511673 
70 81.89871273712737 91.49709302325581 0.072697096 0.041164808 0.014960245 0.015626535 
71 81.94444444444444 90.7703488372093 0.07266138 0.04356869 0.015226353 0.01389997 
72 81.9359756097561 90.98837209302326 0.07244601 0.044216104 0.0154972 0.016003808 
73 82.17310298102981 88.95348837209302 0.07217105 0.04897146 0.01512707 0.015169686 
74 81.94275067750678 90.98837209302326 0.072197855 0.04345104 0.015325044 0.014614816 
75 82.04607046070461 89.24418604651163 0.07232786 0.0462132 0.015564505 0.011608862 
76 81.99356368563686 91.56976744186046 0.07243506 0.04106337 0.015430429 0.014648074 
77 82.04776422764228 91.2063953488372 0.07195767 0.043532938 0.015855588 0.015890459 
78 82.02066395663957 90.7703488372093 0.071986325 0.04156166 0.015544689 0.013395867 
79 82.14939024390245 91.13372093023256 0.07130059 0.04069637 0.01581536 0.012331135 
80 82.20359078590786 91.86046511627907 0.07171197 0.040873207 0.015082231 0.011170975 
81 82.41192411924119 90.84302325581395 0.0710209 0.043154888 0.015394912 0.013448063 
82 82.68123306233062 88.80813953488372 0.07034143 0.048873723 0.015753511 0.016380016 
83 82.55250677506776 90.33430232558139 0.07111834 0.042663466 0.0155268675 0.012375719 
84 82.76592140921409 88.88081395348837 0.07015619 0.04830582 0.015428277 0.019929236 
85 82.5660569105691 91.06104651162791 0.07066451 0.04520445 0.015520029 0.013079516 
86 82.56944444444444 92.07848837209302 0.07004322 0.040393036 0.015275018 0.015164816 
87 82.96070460704607 88.29941860465117 0.06928784 0.051321078 0.014934436 0.016191786 
88 82.56775067750678 90.55232558139535 0.06985958 0.043816283 0.015266815 0.016597021 
89 83.0589430894309 90.33430232558139 0.069413 0.04579201 0.015178111 0.012307127 
90 82.7710027100271 91.35174418604652 0.069682956 0.042889014 0.01486289 0.014764096 
91 82.85569105691057 91.06104651162791 0.06947084 0.041576587 0.015207909 0.012265061 
92 82.81165311653116 92.44186046511628 0.070030004 0.03946203 0.014959246 0.014077946 
93 82.84214092140921 90.69767441860465 0.06949164 0.042359795 0.015042646 0.015583611 
94 82.75575880758808 91.71511627906976 0.07014395 0.038770307 0.015575531 0.013768933 
95 83.25880758807588 90.33430232558139 0.068609186 0.046502836 0.015087746 0.013333833 
96 83.09959349593495 90.625 0.069340646 0.044576682 0.015001843 0.016514111 
97 83.09451219512195 90.40697674418605 0.068938404 0.044424623 0.015516525 0.013167975 
98 83.16226287262873 90.84302325581395 0.069050506 0.04460976 0.015243048 0.015655179 
99 83.19444444444444 90.18895348837209 0.06890576 0.04426263 0.015660012 0.013019166 
100 83.44681571815718 91.27906976744185 0.06838339 0.043620408 0.015199159 0.012985973 
101 82.93529810298104 90.84302325581395 0.06932772 0.04466212 0.015413779 0.014900664 
102 83.35704607046071 89.02616279069767 0.068460025 0.04901248 0.0157499 0.014994953 
103 83.61111111111111 92.00581395348837 0.06803199 0.03888383 0.015321077 0.013116155 
104 83.69071815718158 92.58720930232558 0.0675805 0.036723256 0.015392719 0.012761113 
105 83.40955284552845 91.35174418604652 0.068372175 0.043118667 0.015676089 0.01534498 
106 83.59925474254743 90.4796511627907 0.06763494 0.045260593 0.015274094 0.016089642 
107 83.56029810298104 91.42441860465117 0.067743525 0.043720834 0.014944404 0.013075888 
108 83.39430894308943 91.13372093023256 0.068279214 0.04415722 0.015421832 0.020338459 
109 83.6890243902439 92.36918604651163 0.06724786 0.038593654 0.015261772 0.01213244 
110 83.57892953929539 90.40697674418605 0.06757751 0.043514136 0.015181979 0.015232297 
111 84.0548780487805 92.00581395348837 0.066659465 0.042207085 0.014528842 0.015450895 
112 83.66192411924119 91.42441860465117 0.067527026 0.040885247 0.015160605 0.012138894 
113 83.92445799457994 91.56976744186046 0.066867985 0.039442506 0.014918462 0.012931439 
114 83.70934959349593 91.35174418604652 0.066997126 0.040554993 0.015351701 0.016272515 
115 83.75846883468834 91.13372093023256 0.06699286 0.0432022 0.014966449 0.015272258 
116 83.99051490514906 89.60755813953489 0.066639796 0.04656528 0.015111505 0.013128902 
117 83.72628726287263 91.06104651162791 0.06699337 0.04264883 0.015006966 0.012376351 
118 83.64159891598916 91.42441860465117 0.06711186 0.041677315 0.014916232 0.014748069 
119 84.12771002710028 92.29651162790698 0.06635899 0.03778334 0.015334961 0.01322721 
120 83.89735772357723 91.49709302325581 0.06680147 0.042150687 0.01531601 0.012863895 
121 84.17174796747967 89.68023255813954 0.06607857 0.0464888 0.014575294 0.012542265 
122 83.94139566395664 92.29651162790698 0.066475585 0.037824575 0.015123512 0.011861548 
123 84.07689701897019 91.27906976744185 0.06591948 0.04061433 0.014528072 0.013567952 
124 84.06334688346884 91.56976744186046 0.06620589 0.04036032 0.015076066 0.013858989 
125 84.1310975609756 90.91569767441861 0.06601996 0.041068744 0.014519845 0.010941494 
126 84.11754742547426 91.42441860465117 0.065822355 0.040571403 0.01495065 0.014297955 
127 84.16327913279133 90.55232558139535 0.06600261 0.041759886 0.014842944 0.014543873 
128 84.30555555555556 91.64244186046511 0.06565369 0.03931223 0.014714515 0.014518586 
129 84.42411924119241 91.49709302325581 0.06517445 0.04161468 0.0146302935 0.013822459 
130 84.42073170731707 89.31686046511628 0.06559553 0.046890914 0.0145136425 0.015293972 
131 84.49186991869918 92.00581395348837 0.06490208 0.038957447 0.014911922 0.014874305 
132 84.25474254742548 92.44186046511628 0.06533358 0.038227603 0.014596511 0.016295122 
133 84.63584010840108 90.625 0.065166555 0.043453205 0.01527907 0.016940856 
134 84.32079945799458 92.29651162790698 0.06557751 0.036491513 0.015138629 0.011842605 
135 84.49017615176152 91.13372093023256 0.065035835 0.042219628 0.014654863 0.015029002 
136 84.45630081300813 90.625 0.06501912 0.04169985 0.014375304 0.015081266 
137 84.8509485094851 89.24418604651163 0.064332426 0.04599066 0.014891531 0.015541201 
138 84.52913279132791 90.33430232558139 0.06440733 0.044520624 0.014595413 0.016119216 
139 84.57486449864498 91.06104651162791 0.06487506 0.04324771 0.014998104 0.014047171 
140 84.76964769647697 90.33430232558139 0.06444797 0.044795573 0.014530103 0.01608281 
141 84.49356368563686 90.7703488372093 0.064497836 0.04243831 0.0147798965 0.0121685425 
142 84.86111111111111 91.27906976744185 0.06409026 0.043088913 0.0149203185 0.013510005 
143 84.84417344173441 91.42441860465117 0.06411476 0.042351965 0.014665753 0.01482732 
144 84.69342818428184 92.44186046511628 0.06451147 0.036603708 0.014595649 0.011576352 
145 84.94918699186992 91.42441860465117 0.06362269 0.041283417 0.014722806 0.013410165 
146 84.62228997289972 91.56976744186046 0.06438474 0.03853006 0.014991119 0.014511478 
147 84.80521680216802 92.44186046511628 0.06387692 0.037975766 0.014990507 0.011657258 
148 84.87127371273712 91.13372093023256 0.06388302 0.04168481 0.014676545 0.01771255 
149 84.7459349593496 91.27906976744185 0.06421626 0.04051727 0.014856416 0.014240821 
150 84.83231707317073 91.49709302325581 0.063913435 0.0387579 0.014785056 0.0139496345 
151 84.95765582655827 90.4796511627907 0.06376228 0.044178143 0.014502226 0.013934898 
152 84.9559620596206 92.36918604651163 0.063812524 0.039127562 0.014715243 0.013473393 
153 85.04234417344173 92.15116279069767 0.0635904 0.040507253 0.014358879 0.017029794 
154 84.92716802168022 90.4796511627907 0.06346354 0.043994926 0.014688158 0.014066177 
155 84.81537940379404 92.22383720930233 0.06341436 0.040032323 0.014457997 0.013683119 
156 84.81537940379404 90.84302325581395 0.06378162 0.042120334 0.014715615 0.011549751 
157 85.0440379403794 91.35174418604652 0.063186675 0.04210426 0.014760513 0.013542614 
158 85.17615176151762 90.625 0.06306578 0.044127252 0.014287545 0.014255803 
159 84.99322493224932 91.06104651162791 0.06358708 0.043465834 0.0146424025 0.015440023 
160 85.0558943089431 90.84302325581395 0.063557245 0.04146392 0.013943059 0.013632832 
161 85.08468834688347 91.71511627906976 0.063057505 0.039289936 0.014473341 0.013425905 
162 85.40989159891599 91.86046511627907 0.06260798 0.03836878 0.014778863 0.013183586 
163 85.34552845528455 91.27906976744185 0.06276344 0.0407009 0.0150007 0.01386512 
164 84.93733062330624 92.51453488372093 0.06381401 0.036623355 0.01502453 0.014094679 
165 85.32859078590786 91.64244186046511 0.062259126 0.04115324 0.014791188 0.0146877365 
166 85.34552845528455 92.87790697674419 0.062488467 0.036078263 0.014969965 0.012993573 
167 85.09823848238483 91.35174418604652 0.06279441 0.040143225 0.0146527495 0.01129156 
168 85.40989159891599 91.64244186046511 0.06230428 0.040058352 0.014831769 0.011282993 
169 85.23035230352303 90.55232558139535 0.06278152 0.044597622 0.014783674 0.016075335 
170 85.09993224932249 90.4796511627907 0.063321814 0.042172674 0.014552945 0.015327051 
171 85.57249322493224 90.91569767441861 0.061811652 0.04189936 0.01440499 0.014564589 
172 85.42513550135502 90.55232558139535 0.062060025 0.04435707 0.014640416 0.015597731 
173 85.41158536585365 91.06104651162791 0.062389396 0.04184019 0.01496345 0.0128463395 
174 85.7689701897019 92.36918604651163 0.061930817 0.03899765 0.014776058 0.014825376 
175 85.54708672086721 91.13372093023256 0.062154632 0.04082702 0.014355498 0.012839948 
176 85.5809620596206 92.95058139534883 0.06217465 0.037156958 0.0146206515 0.014340744 
177 85.72323848238483 91.56976744186046 0.06167137 0.0405482 0.014282212 0.01565381 
178 85.57757452574526 92.15116279069767 0.061802026 0.03994716 0.014460725 0.016738929 
179 85.5589430894309 90.84302325581395 0.061975494 0.043423858 0.014673035 0.016430307 
180 85.58265582655827 91.35174418604652 0.061897375 0.039002378 0.01444051 0.014437403 
181 85.68258807588076 91.06104651162791 0.061598476 0.04221543 0.014153384 0.013857239 
182 85.50643631436314 92.07848837209302 0.062003266 0.038566876 0.014190627 0.01124025 
183 85.72493224932249 90.91569767441861 0.061894786 0.04178961 0.014610988 0.0151645625 
184 85.81639566395664 92.87790697674419 0.061232984 0.038584597 0.014235571 0.014623538 
185 86.04336043360433 92.36918604651163 0.060758866 0.0388515 0.014345684 0.01399863 
186 85.77574525745257 91.13372093023256 0.061538167 0.040444814 0.014693444 0.014119306 
187 85.85365853658537 91.42441860465117 0.06148928 0.040708277 0.014153785 0.01300672 
188 85.70460704607046 91.86046511627907 0.06134089 0.039373565 0.014413591 0.015523871 
189 86.08570460704607 92.00581395348837 0.06079584 0.039265096 0.014426097 0.017549476 
190 85.63177506775068 91.06104651162791 0.061136026 0.041949425 0.014484654 0.0148107 
191 85.9789972899729 91.78779069767442 0.061008103 0.039348412 0.014348162 0.016037539 
192 85.75542005420054 90.69767441860465 0.061533485 0.04426022 0.014252634 0.015251215 
193 86.08231707317073 91.27906976744185 0.06049965 0.03985331 0.014331524 0.013074363 
194 85.92140921409214 92.65988372093024 0.060890995 0.036124233 0.014212515 0.015039399 
195 85.92310298102981 91.56976744186046 0.060649857 0.042140633 0.01441658 0.015715575 
196 86.07046070460704 92.07848837209302 0.060708694 0.038695242 0.01429675 0.014073566 
197 86.0060975609756 91.64244186046511 0.060805 0.04096398 0.014846059 0.014440472 
198 86.12466124661246 91.71511627906976 0.060459558 0.037308604 0.014152301 0.012840894 
199 86.15345528455285 90.7703488372093 0.060176726 0.043969855 0.0142881805 0.01577878 
