new best net in 88
TRAINING result
accuracy   = 75.968 [%]
hit_count  = 708877
miss_count = 224243

class_accuracy = 96.774%   77.643%   66.648%   59.758%   79.037%   


confusion_matrix = 
180692	 4375	 1017	 1391	 1209	 
2556	 144869	 30256	 17236	 4347	 
1084	 23131	 124332	 26797	 10021	 
1087	 9463	 20745	 111724	 23479	 
1295	 4744	 10198	 29812	 147260	 



TESTING result
accuracy   = 91.385 [%]
hit_count  = 4211
miss_count = 397

class_accuracy = 97.573%   85.733%   66.013%   61.29%   76.119%   


confusion_matrix = 
2653	 14	 0	 0	 0	 
34	 1298	 25	 11	 3	 
2	 132	 101	 10	 6	 
6	 51	 22	 57	 22	 
23	 18	 4	 14	 102	 



