0 0.07893903 0.012368377 73.40824331275721 0.04340242 0.0057423813 87.56510416666667  0.84 
1 0.06700701 0.006434879 78.98737568587106 0.041216623 0.006893116 88.4765625  0.82 
2 0.06369559 0.006227894 80.53155006858711 0.038615976 0.0059574004 89.53993055555556  0.81 
3 0.06196573 0.0060378825 81.3923182441701 0.04062439 0.0070960945 89.43142361111111  0.79 
4 0.060769908 0.006141248 81.96887860082305 0.041947756 0.005852375 88.25954861111111  0.77 
5 0.060230672 0.005982681 82.15138460219478 0.03889817 0.005875709 89.51822916666667  0.76 
6 0.059674736 0.0060851537 82.41340877914952 0.042898312 0.008018469 88.45486111111111  0.74 
7 0.05928435 0.005963386 82.6147762345679 0.039945282 0.0054786387 88.75868055555556  0.72 
8 0.058888707 0.006035751 82.84765089163237 0.041944396 0.007077496 88.69357638888889  0.7 
9 0.058727767 0.0060243094 82.89662637174212 0.041583985 0.0072260667 88.99739583333333  0.69 
10 0.058251854 0.0059881746 83.08063271604938 0.039798975 0.005935847 89.04079861111111  0.67 
11 0.05816137 0.005991409 83.13464506172839 0.034842193 0.0063670063 91.10243055555556  0.65 
12 0.057946272 0.006005409 83.21480624142661 0.03680575 0.00550498 90.06076388888889  0.64 
13 0.05781034 0.005953024 83.30075445816186 0.037915364 0.005209044 90.06076388888889  0.62 
14 0.057612605 0.005952359 83.33772719478738 0.041341387 0.006161935 88.65017361111111  0.6 
15 0.057533238 0.005909633 83.36548353909465 0.038357973 0.0069541694 89.51822916666667  0.59 
16 0.05734392 0.005940429 83.51851851851852 0.041133523 0.005554552 88.49826388888889  0.57 
17 0.057330202 0.005926192 83.44017918381344 0.039783366 0.0067638475 89.21440972222223  0.55 
18 0.057225987 0.0059197596 83.52001886145405 0.035519093 0.005687697 90.60329861111111  0.54 
19 0.057030424 0.006029506 83.60103737997257 0.037131086 0.0060104933 90.19097222222223  0.52 
20 0.05700014 0.005884974 83.62022033607681 0.039443746 0.0069028954 89.27951388888889  0.5 
21 0.056936223 0.0059064287 83.68302040466392 0.04046047 0.0055975127 88.62847222222223  0.49 
22 0.056839604 0.005909534 83.6883787722908 0.039058894 0.0063338093 89.58333333333333  0.47 
23 0.056718644 0.005900504 83.76039523319616 0.034750864 0.004894946 91.40625  0.45 
24 0.05658013 0.0058977827 83.81333590534979 0.038197413 0.005514915 89.6484375  0.44 
25 0.056602523 0.0059453184 83.77121913580247 0.040622495 0.0063138017 88.17274305555556  0.42 
26 0.05643671 0.005914068 83.84473593964334 0.03732182 0.0062919543 89.69184027777777  0.4 
27 0.05654348 0.005868956 83.7980109739369 0.041479155 0.006538245 88.69357638888889  0.39 
28 0.056426473 0.005851592 83.79093792866941 0.03607947 0.0054507027 90.64670138888889  0.37 
29 0.056405343 0.0059436336 83.8215877914952 0.03881171 0.004898239 89.34461805555556  0.35 
30 0.056270614 0.0059419903 83.86123971193416 0.03821288 0.0055153747 89.17100694444444  0.34 
31 0.05601075 0.005957228 83.99734224965707 0.039954524 0.006610153 89.0625  0.32 
32 0.05598907 0.0058794757 83.9735510973937 0.041333698 0.0065144184 88.30295138888889  0.3 
33 0.056075837 0.0058209854 83.9735510973937 0.03951955 0.006636864 89.12760416666667  0.29 
34 0.055954456 0.005955391 84.02799211248285 0.03983298 0.0064141005 88.73697916666667  0.27 
35 0.055941075 0.005875257 83.99637774348423 0.04069479 0.006642619 88.80208333333333  0.25 
36 0.055983383 0.005930972 84.0241340877915 0.040310707 0.0064030616 88.78038194444444  0.24 
37 0.055817556 0.005919255 84.10118741426612 0.035665892 0.004749298 90.10416666666667  0.22 
38 0.055732474 0.005816305 84.11715534979425 0.03532569 0.007511005 90.47309027777777  0.2 
39 0.055779006 0.005933307 84.12551440329219 0.03778514 0.005318451 89.58333333333333  0.18 
40 0.055641286 0.0058002025 84.16945301783265 0.038852103 0.005937327 89.49652777777777  0.17 
41 0.055691674 0.005820317 84.17084619341564 0.036854014 0.0049848286 90.40798611111111  0.15 
42 0.055785086 0.005876615 84.07353823731138 0.037323743 0.0054692263 89.97395833333333  0.13 
43 0.055688072 0.005928072 84.12079903978052 0.037952866 0.005597579 89.82204861111111  0.12 
44 0.055565655 0.005874018 84.17909807956104 0.035041984 0.0060579744 90.19097222222223  0.1 
45 0.05556799 0.005862217 84.20814043209876 0.038941834 0.006165672 89.36631944444444  0.08 
46 0.05554239 0.0058697932 84.18702846364883 0.03529604 0.0048699696 90.32118055555556  0.07 
47 0.055658232 0.0058970354 84.15905778463649 0.040463213 0.007906969 88.82378472222223  0.05 
48 0.05560076 0.0058324845 84.20599708504801 0.036987018 0.005255528 90.55989583333333  0.03 
49 0.05547171 0.0058099846 84.20717592592592 0.038153186 0.0050520063 89.17100694444444  0.02 
