best model
epoch = 46

TRAINING result

loss_mean = 0.015371991
loss_std  = 0.0055254665


accuracy   = 95.502 [%]
hit_count  = 891149
miss_count = 41971

class_accuracy = 99.029%   90.159%   94.134%   96.461%   97.727%   


confusion_matrix = 
      185068        1882         107         250          86
        1066      168424        8161        3019         868
         195       10729      175383        1669        1045
         239        3850        1813      180333        2232
         313        1921         848        1678      181941





TESTING result

loss_mean = 0.026324218
loss_std  = 0.009055181


accuracy   = 91.797 [%]
hit_count  = 4230
miss_count = 378

class_accuracy = 99.124%   86.596%   60.0%   41.304%   77.857%   


confusion_matrix = 
        2604          19           0           0           0
          14        1389          38          14           6
           3         128          90          19           4
           2          44          16          38          20
           3          23           5          20         109

