0 0.094314314 0.011198955 66.00919495884774 0.03596409 0.005106335 91.12413194444444  0.97 
1 0.082931794 0.0066976026 71.70406807270233 0.038519472 0.0055689598 90.49479166666667  0.95 
2 0.07934279 0.0065761176 73.48036694101509 0.036064923 0.0049576377 91.12413194444444  0.93 
3 0.07748113 0.006481807 74.38710991083676 0.039863802 0.006564801 89.2578125  0.91 
4 0.07589616 0.006500909 75.10041580932784 0.039244357 0.006775418 89.12760416666667  0.9 
5 0.07503397 0.006447308 75.52629886831275 0.037073694 0.0052542672 90.06076388888889  0.88 
6 0.07417783 0.0063027935 75.96557784636488 0.038070068 0.005986702 90.58159722222223  0.86 
7 0.07379509 0.0063684625 76.12750771604938 0.038372472 0.005070483 89.40972222222223  0.84 
8 0.07329777 0.006349348 76.42318244170096 0.03830636 0.005853237 89.23611111111111  0.82 
9 0.07277859 0.0064482186 76.57546724965707 0.040279604 0.005116974 89.23611111111111  0.8 
10 0.07226887 0.006387429 76.82302383401921 0.03328781 0.0052177175 91.47135416666667  0.78 
11 0.0720426 0.006353758 76.94047925240055 0.03528179 0.005373658 90.95052083333333  0.76 
12 0.07168726 0.0062976563 77.08547668038409 0.03469604 0.0047804047 91.31944444444444  0.74 
13 0.07151921 0.0063083568 77.16177983539094 0.036906954 0.0058171432 90.19097222222223  0.72 
14 0.071148455 0.006327136 77.36228995198903 0.035091985 0.0061803623 91.03732638888889  0.7 
15 0.070990615 0.006300034 77.38222307956104 0.037939135 0.004969801 89.71354166666667  0.68 
16 0.07080214 0.0063113184 77.51586076817559 0.034890175 0.0053355363 91.05902777777777  0.66 
17 0.07062843 0.006354671 77.57951817558299 0.03244165 0.0052172584 92.31770833333333  0.65 
18 0.07048672 0.0063433023 77.72312242798354 0.034934588 0.0048878863 91.2109375  0.63 
19 0.07029353 0.006325161 77.76963305898491 0.036784247 0.0060924054 90.71180555555556  0.61 
20 0.07010913 0.006347719 77.88022976680384 0.038221106 0.0059345677 90.234375  0.59 
21 0.06998407 0.006339657 77.89748371056241 0.038456406 0.0067000007 89.86545138888889  0.57 
22 0.069894284 0.006262509 77.96896433470508 0.03752016 0.0063730655 90.10416666666667  0.55 
23 0.06990892 0.0063628866 77.97678755144032 0.036543462 0.004389027 90.34288194444444  0.53 
24 0.069560245 0.0062531396 78.11749828532236 0.03856273 0.0058467872 89.77864583333333  0.51 
25 0.06967777 0.0063923877 78.0551268861454 0.03743336 0.00639454 90.4296875  0.49 
26 0.069609344 0.006280494 78.10988940329219 0.035886023 0.00572219 90.47309027777777  0.47 
27 0.06949636 0.006341228 78.1471836419753 0.040711306 0.0064939805 88.82378472222223  0.45 
28 0.06939 0.0063209543 78.18083419067216 0.033745304 0.0056326445 91.6015625  0.43 
29 0.0691892 0.0063043484 78.30686299725652 0.034442645 0.0047269273 91.14583333333333  0.41 
30 0.06922826 0.006351056 78.32240226337449 0.03455868 0.0041942378 91.34114583333333  0.39 
31 0.06904214 0.0062583117 78.41467335390946 0.035790797 0.0066764997 90.625  0.37 
32 0.069074884 0.0064029014 78.38316615226337 0.03732054 0.0063814446 89.84375  0.35 
33 0.068833314 0.0062542763 78.4954775377229 0.036139395 0.0068546073 89.99565972222223  0.33 
34 0.0688413 0.006171136 78.48572530864197 0.036867302 0.005177233 90.01736111111111  0.31 
35 0.06881771 0.0063540204 78.46054098079561 0.03727735 0.0075224126 90.40798611111111  0.29 
36 0.06864453 0.0062601566 78.55238340192044 0.036236204 0.005952029 90.51649305555556  0.27 
37 0.06871902 0.0062507815 78.58303326474623 0.038520806 0.0035526943 89.21440972222223  0.25 
38 0.06858698 0.00618144 78.60371656378601 0.038072135 0.0057075312 89.67013888888889  0.24 
39 0.06868818 0.0063468046 78.57938957475994 0.035856288 0.0054633413 90.34288194444444  0.22 
40 0.06853132 0.006358533 78.65087019890261 0.03682942 0.0065434133 90.10416666666667  0.2 
41 0.068496846 0.006241732 78.63854595336076 0.037441555 0.006357819 89.62673611111111  0.18 
42 0.06829 0.006322302 78.67830504115226 0.037577927 0.006376197 90.0390625  0.16 
43 0.06842777 0.006273984 78.65119170096023 0.033710513 0.0051770397 91.62326388888889  0.14 
44 0.0682717 0.006255425 78.72342249657065 0.036289755 0.0057536326 90.06076388888889  0.12 
45 0.06823868 0.0062488886 78.7434627914952 0.040367406 0.0060853544 88.54166666666667  0.1 
46 0.06821019 0.0061206245 78.74228395061728 0.041585278 0.0052993367 87.97743055555556  0.08 
47 0.06798753 0.0062363558 78.87399262688615 0.035886537 0.005858315 90.69010416666667  0.06 
48 0.06821518 0.006289126 78.76896862139918 0.034724105 0.0044202474 90.69010416666667  0.04 
49 0.06813668 0.006155102 78.78911608367626 0.03838678 0.0049284925 89.36631944444444  0.02 
