best model
epoch = 11

TRAINING result

loss_mean = 0.00942241
loss_std  = 0.0017266684


accuracy   = 98.591 [%]
hit_count  = 59186
miss_count = 846

class_accuracy = 99.623%   99.033%   98.617%   98.237%   98.381%   98.508%   98.933%   98.207%   98.407%   97.767%   


confusion_matrix = 
        5821           1           8           3           5           7          12           7          14          11
           2        6658          20           4           8           8           8          21           7           2
           0          31        5917          25           2           5           0          32          13           0
           1           1           9        5962           0          18           0           3           4          16
           2           8           3           0        5711           1           2          13           6          34
           1           0           0          18           0        5347          35           0          16          26
          10           1           2           1          11          21        6027           1          10           0
           0          13          25          27           8           2           0        6026           6          28
           4           9          12          21           3          13           6           5        5806          17
           1           0           3           7          56           5           1          27          17        5911





TESTING result

loss_mean = 0.009774228
loss_std  = 0.0016487996


accuracy   = 98.477 [%]
hit_count  = 9895
miss_count = 153

class_accuracy = 99.701%   99.241%   98.07%   98.587%   97.439%   98.465%   98.248%   98.655%   98.23%   96.882%   


confusion_matrix = 
        1001           0           9           0           0           1           5           2           1           7
           0        1177           0           0           0           2           3           4           0           6
           0           2        1067           3           0           0           1           5           1           0
           0           1           3         977           0           8           0           1           2           5
           0           2           4           0         951           0           1           0           1           2
           0           0           0           2           0         898           5           0           1           2
           2           3           0           0           6           0         897           0           0           0
           0           0           3           5           2           1           0        1027           1           6
           0           0           1           3           3           1           0           0         999           0
           0           0           0           0          13           0           0           1          10         901

