0 0.054244842 0.019167064 71.42024253731343 0.032189753 0.0028605713 93.03343949044586  0.04 
1 0.027793525 0.003828121 93.5534381663113 0.022471592 0.0029870418 95.19307324840764  0.04 
2 0.021863604 0.0031432637 94.9393656716418 0.019159043 0.0025689842 95.82006369426752  0.03 
3 0.018792313 0.0028072153 95.85054637526652 0.016967947 0.002228043 96.06886942675159  0.03 
4 0.016826566 0.002595778 96.40191897654584 0.015222227 0.0022137128 96.83519108280255  0.03 
5 0.015442448 0.0024330048 96.76172707889125 0.014465226 0.00249297 96.984474522293  0.03 
6 0.014211265 0.002332302 97.11487206823028 0.01317859 0.0021661355 97.27308917197452  0.03 
7 0.013292781 0.0021989548 97.35474413646055 0.012327996 0.0020211383 97.56170382165605  0.02 
8 0.012437353 0.0022448762 97.55963486140725 0.012022403 0.00209629 97.51194267515923  0.02 
9 0.012067927 0.0022020065 97.58295575692964 0.011067959 0.0020941542 97.73089171974522  0.02 
10 0.011412287 0.0020877414 97.76785714285714 0.011005013 0.002004195 97.91998407643312  0.02 
11 0.010833761 0.002030836 97.90611673773988 0.010188392 0.0018494426 98.00955414012739  0.02 
12 0.010515339 0.001901868 97.90278518123668 0.009615026 0.0017904623 98.04936305732484  0.01 
13 0.009948009 0.0019879541 98.15265191897655 0.010133034 0.001848879 97.89012738853503  0.01 
14 0.009638841 0.001918123 98.08768656716418 0.008980806 0.0018042611 98.2782643312102  0.01 
15 0.009381001 0.0019117857 98.20262526652452 0.008921392 0.0016139592 98.44745222929936  0.01 
16 0.009037632 0.0019512197 98.17597281449893 0.00827593 0.0017036317 98.44745222929936  0.01 
17 0.008695743 0.0018855208 98.36420575692964 0.008628985 0.0017869981 98.46735668789809  0.01 
18 0.00838198 0.001830403 98.39918710021323 0.008359988 0.0018102332 98.51711783439491  0.0 
19 0.008096522 0.0017528736 98.38752665245202 0.0075633493 0.0016879572 98.93511146496816  0.0 
