0 0.06615919 0.014264688 79.55900634430726 0.04084107 0.006355979 88.45486111111111  0.84 
1 0.050727893 0.0058072237 86.54181670096023 0.039709654 0.007018729 89.10590277777777  0.83 
2 0.046962995 0.0054483935 88.15297067901234 0.03800112 0.006170737 89.97395833333333  0.81 
3 0.044757113 0.0051575247 89.0982938957476 0.036561597 0.005630673 89.84375  0.79 
4 0.043521475 0.0050567524 89.5931927297668 0.041726712 0.0059883962 88.06423611111111  0.78 
5 0.042534016 0.005067924 89.98113854595336 0.036279224 0.0064579174 90.55989583333333  0.76 
6 0.041748483 0.004978247 90.3383273319616 0.03574129 0.0055240956 90.10416666666667  0.74 
7 0.041125685 0.0048824013 90.5852409122085 0.033555202 0.006065333 90.97222222222223  0.72 
8 0.04073343 0.0048615136 90.76228137860082 0.036904 0.0065957676 90.06076388888889  0.71 
9 0.04028218 0.004765463 90.94564471879286 0.040067893 0.0071263113 88.671875  0.69 
10 0.039901465 0.0047957804 91.06138545953361 0.03464743 0.0058903764 90.90711805555556  0.67 
11 0.03944586 0.004708298 91.24142661179698 0.03795095 0.005436245 89.77864583333333  0.66 
12 0.039096985 0.004735917 91.41160836762688 0.03270777 0.005654866 91.62326388888889  0.64 
13 0.03892894 0.004731174 91.45008144718793 0.037155963 0.006388108 89.82204861111111  0.62 
14 0.038754184 0.0047344104 91.5014146090535 0.035455525 0.006187358 89.90885416666667  0.61 
15 0.038407214 0.0047748755 91.66109396433471 0.03294156 0.0038044762 91.38454861111111  0.59 
16 0.038316306 0.0046801884 91.65187757201646 0.031911325 0.0051917625 91.97048611111111  0.57 
17 0.03818 0.004723457 91.71424897119341 0.03525248 0.0077689495 91.27604166666667  0.55 
18 0.038026057 0.0047277035 91.75925925925925 0.037175223 0.0074689477 89.93055555555556  0.54 
19 0.037847053 0.0046623494 91.83084705075446 0.033133186 0.0054351985 91.55815972222223  0.52 
20 0.037775915 0.0046757623 91.85270919067216 0.03348161 0.0061586415 91.25434027777777  0.5 
21 0.037633505 0.0046874224 91.86856995884774 0.033538554 0.006043553 91.51475694444444  0.49 
22 0.037447274 0.004612223 91.97305812757202 0.03586833 0.007343969 90.75520833333333  0.47 
23 0.03744831 0.0046595912 91.94894547325103 0.0367053 0.007069488 89.97395833333333  0.45 
24 0.037276052 0.0045504635 92.02031893004116 0.037007324 0.006209264 89.32291666666667  0.44 
25 0.037168447 0.004647653 92.06597222222223 0.02963522 0.0051249196 92.7734375  0.42 
26 0.03700874 0.0046317223 92.14323988340192 0.03250606 0.006805267 91.16753472222223  0.4 
27 0.03706028 0.0045931037 92.07475994513031 0.030500948 0.005204137 92.55642361111111  0.39 
28 0.036902484 0.0046065897 92.1425968792867 0.034916304 0.0063056806 91.27604166666667  0.37 
29 0.03690221 0.004688651 92.15642146776406 0.034702882 0.0055909087 90.51649305555556  0.35 
30 0.03687324 0.0046461327 92.14988425925925 0.033906296 0.005182733 91.10243055555556  0.34 
31 0.036710687 0.0045727724 92.21064814814815 0.03212358 0.0055392752 91.53645833333333  0.32 
32 0.036672432 0.004593112 92.23025977366255 0.032613456 0.0062021394 91.62326388888889  0.3 
33 0.0366527 0.0046188496 92.20496827846365 0.031679086 0.0044104722 91.86197916666667  0.29 
34 0.03645141 0.004573259 92.30602709190673 0.033053722 0.0074698967 91.08072916666667  0.27 
35 0.036358684 0.0045635523 92.33367626886145 0.032607898 0.0073875966 91.73177083333333  0.25 
36 0.036433868 0.0045657335 92.29873971193416 0.03321139 0.0068968073 91.12413194444444  0.24 
37 0.036333404 0.0045883586 92.3411779835391 0.03097667 0.005725008 90.99392361111111  0.22 
38 0.03621878 0.0045875562 92.36271862139918 0.029701836 0.0049834354 92.23090277777777  0.2 
39 0.036214914 0.0047065695 92.34160665294925 0.031895474 0.0060792253 91.77517361111111  0.19 
40 0.036178946 0.0046475045 92.37611454046639 0.032974444 0.005653474 91.05902777777777  0.17 
41 0.036164645 0.004678922 92.37900805898491 0.03353411 0.004271544 90.60329861111111  0.15 
42 0.035900816 0.004551671 92.48113854595336 0.036046293 0.0053968653 90.0390625  0.13 
43 0.036004767 0.004622301 92.41715963648834 0.031521842 0.005024811 91.68836805555556  0.12 
44 0.0358694 0.0045471736 92.4698859739369 0.03489715 0.0075196135 91.16753472222223  0.1 
45 0.035883293 0.0046159863 92.46827846364883 0.031390492 0.005313779 92.3828125  0.08 
46 0.03584661 0.0045877486 92.46045524691358 0.033790354 0.006500587 90.99392361111111  0.07 
47 0.03589828 0.004547535 92.46838563100137 0.02999826 0.0051049273 91.66666666666667  0.05 
48 0.035670277 0.004566194 92.54897548010975 0.034924198 0.0054912185 90.95052083333333  0.03 
49 0.03562057 0.004542981 92.54533179012346 0.038881335 0.006992536 89.40972222222223  0.02 
