0 59.98800639658849 90.59175531914893 0.13690746 0.09395527 0.019917699 0.0028044607 
1 91.3929237739872 93.11835106382979 0.08600093 0.052467447 0.036226142 0.0040180576 
2 92.92543976545842 93.48404255319149 0.08145614 0.045710646 0.05573491 0.004048026 
3 91.99760127931769 92.61968085106383 0.0876655 0.044436276 0.07232323 0.005118265 
4 92.33575426439232 93.60039893617021 0.0691041 0.04034982 0.050225373 0.004844847 
5 92.91211353944563 93.21808510638297 0.058143627 0.03719621 0.039085582 0.0050282343 
6 93.31523187633262 93.96609042553192 0.053586263 0.034022614 0.039260834 0.004570441 
7 93.18030383795309 94.06582446808511 0.04702337 0.0320989 0.02720518 0.0050586555 
8 93.1653118336887 93.73337765957447 0.047264956 0.03218534 0.035001636 0.004427979 
9 93.24860074626865 93.7001329787234 0.041053277 0.03169304 0.021076214 0.004702836 
10 93.29024520255864 93.28457446808511 0.0418731 0.032051537 0.029943353 0.0047586663 
11 93.25526385927505 93.66688829787235 0.037493214 0.03008185 0.017067429 0.004658714 
12 93.28358208955224 94.03257978723404 0.039525457 0.02990776 0.026626691 0.0048252246 
13 93.20695628997868 93.26795212765957 0.036267042 0.030946968 0.018321492 0.005061453 
14 93.53178304904051 94.09906914893617 0.034551475 0.02963358 0.016384069 0.0053373086 
15 93.68836620469084 94.53125 0.032911338 0.028472612 0.013278515 0.0043367855 
16 93.68336886993603 93.75 0.032396574 0.029132186 0.013498546 0.004740497 
17 93.70002665245202 93.94946808510639 0.031564664 0.028328208 0.011668845 0.004936004 
18 93.86993603411514 94.36502659574468 0.032195948 0.02796606 0.015309856 0.00462476 
19 93.87160181236673 94.71409574468085 0.031126212 0.028105568 0.012412009 0.004228459 
