0 0.1747471 0.11663255 0.45509767285947195 0.1765227061339587 0.10697032 0.01598918 0.6198178897051274 0.06719188507639352  3.1 
1 0.10918908 0.01745659 0.6076365914853598 0.08109898912811507 0.11581803 0.041561417 0.6512511400370852 0.08628120576840108  3.08 
2 0.10159342 0.018126637 0.6384148822749052 0.08225807933054531 0.10754999 0.04042732 0.6720919716275803 0.07242497606551647  3.07 
3 0.0954186 0.018486535 0.6622303049565715 0.07877925472042999 0.08520286 0.0192888 0.71257462891773 0.07473215709244714  3.05 
4 0.08885558 0.017689476 0.6868520025620463 0.0721306205805401 0.11572716 0.0727921 0.6855206786594277 0.06824619792860451  3.04 
5 0.08670624 0.017731084 0.6958290368970008 0.07498075011280844 0.0871158 0.0200098 0.7069196317167616 0.07123498905575303  3.02 
6 0.083422504 0.016816853 0.708474996678526 0.06857615066416639 0.08380136 0.020139346 0.7197620203380389 0.06873758470416516  3.01 
7 0.0813069 0.017355938 0.7153763475238747 0.07100786255876611 0.08470758 0.02001446 0.7259681295063057 0.07320836400132597  2.99 
8 0.07971647 0.018142305 0.7227487304515798 0.07031939207575778 0.08727247 0.028734425 0.7213005339617405 0.06189791500529219  2.98 
9 0.07666014 0.017446268 0.7339928356111112 0.06996378880879348 0.093264185 0.040723894 0.7111971430487859 0.07571237212555358  2.96 
10 0.07649013 0.019484185 0.7347424948340338 0.0777472778143751 0.09901167 0.060651377 0.7534203973575617 0.0692018617451697  2.94 
11 0.073749766 0.017361764 0.7450949606442694 0.06936405523886603 0.07014869 0.017630897 0.7596964425756685 0.07468627596909495  2.93 
12 0.073268525 0.016581327 0.7470684146068817 0.06743838422974072 0.07773389 0.02632126 0.7634814451712496 0.07284660191653046  2.91 
13 0.07214569 0.01640071 0.7518246982264333 0.06472148855028095 0.07814626 0.027912581 0.7512583879549777 0.06891759639777376  2.9 
14 0.07095121 0.016659033 0.7558038845334223 0.06625016173318674 0.06646432 0.014541484 0.7835274217661967 0.06092641896713664  2.88 
15 0.06879165 0.017418548 0.7635818264010397 0.06988285436214986 0.06522758 0.017119646 0.7836465196801633 0.07019600771117505  2.86 
16 0.07067259 0.01575331 0.75742831267635 0.06290962482933457 0.06838214 0.015530226 0.7726228021404248 0.06578569176622184  2.85 
17 0.06800483 0.016048849 0.7654465482758029 0.06459519652665544 0.06531407 0.015073816 0.7784517493708141 0.061786768828449384  2.83 
18 0.0680491 0.017781842 0.766160159709501 0.0708717041502344 0.06963493 0.020352062 0.7935647072174958 0.05857642057019155  2.82 
19 0.067016885 0.016150065 0.7703002903914212 0.0641410284291804 0.065006085 0.01535228 0.7936235329721455 0.06636130260512499  2.8 
20 0.06431132 0.016359348 0.7804848990264714 0.0643092108617144 0.061907407 0.015231053 0.7923308127745189 0.06061696110553824  2.79 
21 0.06339797 0.014601962 0.7813026366784079 0.0596274910580688 0.0797845 0.037805405 0.7668880937371949 0.06137973276045821  2.77 
22 0.064155005 0.016765844 0.7812557095534468 0.06671497494908715 0.06456006 0.016307771 0.7841574661024736 0.06260146188546198  2.75 
23 0.06191982 0.015571976 0.7895767657624085 0.0607346908656032 0.07205336 0.028416099 0.7805359390233939 0.07124790949212437  2.74 
24 0.062227536 0.017511701 0.7889965167638231 0.06646778233122523 0.058785986 0.018213434 0.8006277396255433 0.06869685113363565  2.72 
25 0.062331047 0.016461119 0.7892889721687891 0.06417545007520785 0.057379358 0.020987978 0.8111102316123024 0.07957244698646762  2.71 
26 0.06124982 0.015751801 0.791592543644264 0.06172823996972998 0.059137743 0.014879767 0.8095976261161553 0.060180166654758366  2.69 
27 0.0612639 0.016739594 0.7913279658711508 0.06541394760913553 0.060406808 0.019071054 0.8079471830235962 0.0578506349339627  2.67 
28 0.059001576 0.015347271 0.800416177746992 0.060367279208775576 0.054973297 0.014473108 0.8160639927571685 0.05709136560901482  2.66 
29 0.05973734 0.016991071 0.7976202204293007 0.06604822737134511 0.06664547 0.021650445 0.8097586061872425 0.05079847198246536  2.64 
30 0.0583548 0.017320711 0.8033957491622206 0.06616121272545035 0.06005074 0.01706661 0.8023767766538206 0.06116623570368987  2.63 
31 0.05743453 0.014841707 0.8056487413165306 0.05762731720143627 0.051733967 0.014627705 0.8256678654341393 0.057709588176485735  2.61 
32 0.058708884 0.015961517 0.8006073652900484 0.06315154932824234 0.0663139 0.02689471 0.803508993617064 0.05976313802871312  2.6 
33 0.05658042 0.015633093 0.8094197764149459 0.06139823894054806 0.054850418 0.013725604 0.8160255279297562 0.055867992225633434  2.58 
34 0.056520663 0.01603611 0.8089731322656628 0.0620501288176172 0.048630103 0.01416405 0.8382178577888574 0.0548910483620199  2.57 
35 0.055474803 0.014828266 0.8136319600530397 0.05668001086369756 0.05323787 0.014496588 0.8279518655600242 0.05227386122007837  2.55 
36 0.05525134 0.015243621 0.8137732555591181 0.05976187115623647 0.05463402 0.015233381 0.8189629373903872 0.0508311309616342  2.54 
37 0.054232784 0.015068785 0.8177273400099245 0.057754253130093615 0.050871134 0.017170144 0.8384256314351098 0.059754485096576763  2.52 
38 0.053768966 0.015669135 0.8203744709982936 0.059256788766583475 0.046583984 0.0136268865 0.8483696953108831 0.05096807213979884  2.51 
39 0.053269647 0.015965093 0.8217319558318362 0.05785844442716887 0.046061393 0.012392702 0.8549347194658412 0.04334922677502805  2.49 
40 0.05372666 0.015109442 0.8206235369271374 0.05697159186432597 0.049473725 0.014707546 0.8372469864715069 0.05591948483599461  2.48 
41 0.053608093 0.015896762 0.8195886254637522 0.06156914037166585 0.060232997 0.024171853 0.8265192573681603 0.05684983007989928  2.46 
42 0.05169274 0.014714286 0.8269010841364617 0.05535983525197063 0.049625676 0.01930183 0.8637961573955306 0.04010423465062471  2.44 
43 0.052944098 0.015508929 0.8225525784790234 0.05906857564125633 0.04981894 0.0118345795 0.8425289702139184 0.0478757119348218  2.43 
44 0.05114708 0.014389054 0.8291584690490064 0.05481453816303604 0.049746726 0.015863245 0.8415429831730684 0.05627158825396136  2.41 
45 0.051413402 0.015523592 0.8285658622545139 0.05901505497437081 0.0528679 0.02144632 0.8554895348648692 0.048635851401490335  2.4 
46 0.05131677 0.014324747 0.8287400967876215 0.054154734288305396 0.04678813 0.020927783 0.8697977830907981 0.0475386643794625  2.38 
47 0.050419487 0.014589641 0.83140223081685 0.05532162730006333 0.057251 0.03289282 0.8377176878760453 0.054109904403611304  2.37 
48 0.050683483 0.015226261 0.8308229035249648 0.05834623618586387 0.060452785 0.033262044 0.8396523415384214 0.048150511646871196  2.35 
49 0.049591433 0.014970996 0.8348142318525927 0.05466391262829479 0.047483962 0.013838286 0.8446614793191153 0.04968096451491406  2.34 
50 0.050500836 0.014536354 0.8312053398805979 0.0553687627352111 0.045973625 0.015092198 0.8572680245068635 0.04497388192200666  2.32 
51 0.04748329 0.014294044 0.8424733081864396 0.05395492355937495 0.04546869 0.017175112 0.8663219932028515 0.05461148474139162  2.3 
52 0.048225287 0.013453027 0.8391478117220453 0.0512303269168683 0.03875705 0.012744275 0.8758906435419941 0.048747928250102  2.29 
53 0.04821884 0.014601848 0.8390455422366688 0.054817943616470875 0.041845776 0.012533689 0.8641414030633895 0.04854316496408045  2.27 
54 0.04727435 0.013812143 0.8429714933219712 0.051944410639433745 0.04188085 0.011953163 0.8663035078333144 0.0475862992776747  2.26 
55 0.047579307 0.01376859 0.8419589931836486 0.05145115248661875 0.04258832 0.014729858 0.8783351627968189 0.03864781938799235  2.24 
56 0.04633154 0.014843749 0.846941249450579 0.0540789648115583 0.044085104 0.017802188 0.8789627593713512 0.04478087267136129  2.23 
57 0.04722408 0.014326213 0.8429571296152392 0.05384581070217419 0.0516942 0.030436624 0.8778871906084784 0.03880667487794088  2.21 
58 0.04637208 0.013851631 0.8458123105842783 0.051978472197037294 0.040742774 0.01770011 0.8762083121538364 0.03914940234370752  2.2 
59 0.04484169 0.014419306 0.852640878566991 0.053233683301081684 0.040538784 0.010386331 0.8722030110012585 0.039830314959796526  2.18 
60 0.045685716 0.013028314 0.8485229487626494 0.04750658251924026 0.036061987 0.011714039 0.882736651671742 0.044162147453041395  2.17 
61 0.046315774 0.014543263 0.8463943257433912 0.054701264023089245 0.046031058 0.02374034 0.8782896566807525 0.04469460840547769  2.15 
62 0.04488508 0.01346405 0.8520737572291575 0.050646055955909 0.038139448 0.012506988 0.8753273404496442 0.04765390744142108  2.14 
63 0.044341203 0.01364168 0.853416582663934 0.05067002557478763 0.03629551 0.012755415 0.8874072830766522 0.04534855325940704  2.12 
64 0.043990202 0.012557423 0.8548540322134788 0.0473037569170853 0.038050618 0.013721641 0.8777862760674705 0.05115599145093184  2.11 
65 0.044472367 0.013968624 0.8537536875660322 0.05162392808145774 0.03658061 0.009400841 0.8800213050639102 0.035917431384938914  2.09 
66 0.042566273 0.012193064 0.859698855618018 0.04526209556580901 0.035899147 0.012258659 0.8870221261767135 0.04503883930879568  2.08 
67 0.043661825 0.013958461 0.8563583667683327 0.05121239597215617 0.03713696 0.011720416 0.880132312648475 0.04123636304116752  2.06 
68 0.043431334 0.013077919 0.8567101497164422 0.04829098858282889 0.03482346 0.010143352 0.8908364860186712 0.038591142915436666  2.05 
69 0.04288887 0.014148532 0.8584605053713578 0.05204402838232138 0.038806804 0.014060738 0.8812402904126257 0.04473860831416429  2.03 
70 0.043042094 0.012602031 0.8581772750250736 0.0476523115362025 0.034010988 0.012122827 0.893086885051519 0.043846829009982984  2.02 
71 0.043088686 0.013274402 0.8576834320338249 0.05001972533642298 0.04463186 0.017387958 0.8740160554096964 0.04048060518496661  2.0 
72 0.04299141 0.014022797 0.8581687079477646 0.05268494810813913 0.043757997 0.020907693 0.8856206077379153 0.04847471444272017  1.98 
73 0.041698135 0.012990568 0.8630009551172366 0.04750281212271893 0.034125585 0.010200826 0.9007571531068612 0.03620766353901279  1.97 
74 0.042315796 0.012793534 0.860227318552273 0.047659087166195206 0.03411444 0.010830628 0.8954431736216478 0.038730061382889265  1.95 
75 0.04158039 0.013009182 0.8634564353969405 0.048236490278732336 0.03338604 0.01312298 0.9023780482183633 0.035511312331214524  1.94 
76 0.040450394 0.012764905 0.8670270898603243 0.04699384633097202 0.042623363 0.025607515 0.8755315696097344 0.056432223549146315  1.92 
77 0.040543772 0.012797186 0.8666894734909241 0.047504882249683286 0.033825703 0.01073474 0.8935116193978442 0.040241567028808364  1.91 
78 0.040750753 0.012921475 0.8662404638053691 0.04726320885712046 0.037647728 0.017100126 0.8951761768568259 0.04386460012377416  1.89 
79 0.03950603 0.011620587 0.8699978038339942 0.04324940693443519 0.033462066 0.011931878 0.8982171552494475 0.0360367045852591  1.87 
80 0.04010652 0.012219852 0.8688419143703254 0.04541088668757907 0.04041705 0.027025258 0.8904008003227231 0.04502912197079835  1.86 
81 0.04001314 0.0122606885 0.8687667260130346 0.04516107256969274 0.05131878 0.046062876 0.8983814572829019 0.03927844101642258  1.84 
82 0.04066146 0.012107804 0.8662885390678677 0.04485273779736589 0.036792662 0.013109252 0.8895155052990861 0.039188011110940724  1.83 
83 0.04000939 0.012155696 0.8691783852660805 0.04393710038741391 0.031694897 0.012204503 0.9030649791733623 0.04363257740773815  1.81 
84 0.039564695 0.013476067 0.8702413928004786 0.04975908183971298 0.034022007 0.013890186 0.9016279681892699 0.03259519014251476  1.8 
85 0.03852592 0.011772324 0.8734036459509747 0.04343825548470516 0.029676551 0.009349676 0.9053352622967445 0.03533752569512433  1.78 
86 0.03967789 0.012811729 0.8702031286529454 0.047098651125905944 0.029121937 0.010470662 0.9093318850213191 0.03830486108880784  1.77 
87 0.03760784 0.011815185 0.877282003938266 0.043384141267660686 0.0320586 0.009744097 0.9072825998154326 0.025236550084880984  1.75 
88 0.03877209 0.01307153 0.8731216756257002 0.04818103213990381 0.03438345 0.010497425 0.8965357654548337 0.03582197063058541  1.74 
89 0.039015643 0.012347876 0.8716442943321064 0.04507113609753665 0.029304586 0.012049239 0.9085873998762132 0.04285906074065633  1.72 
90 0.03771264 0.01186277 0.8770488867320124 0.043925223849849634 0.0348318 0.01282913 0.893525113876552 0.03550457842918424  1.7 
91 0.03878008 0.012135878 0.8723543814364264 0.04497688622319822 0.033171035 0.0104446085 0.9019588451777981 0.03546429749429359  1.69 
92 0.03796772 0.012783516 0.8765209326011673 0.04593474614836993 0.031581182 0.010266364 0.8988075585611103 0.037315268928374556  1.67 
93 0.03692149 0.011438496 0.8794050327839087 0.04228604498200559 0.030153172 0.010249321 0.9045084274529513 0.03678603424980381  1.66 
94 0.036834337 0.012087694 0.8797641387716706 0.04371192268592712 0.04255026 0.036014963 0.9129261847246315 0.03213741074884624  1.64 
95 0.03622137 0.012091195 0.8817658646221813 0.04492516859529279 0.03341001 0.014893608 0.9029604724625212 0.04045693918684857  1.63 
96 0.037183892 0.010988116 0.8792657591720086 0.04040731846401356 0.03272039 0.013299949 0.9074931550091219 0.03556501192692944  1.61 
97 0.037061024 0.011968879 0.8792306330894847 0.04289522532617784 0.027882934 0.008790784 0.9134529144418261 0.03206372131269131  1.6 
98 0.038056955 0.012154127 0.8753704801414748 0.0442480303220729 0.037762046 0.017914154 0.9080835106371143 0.03374040141396109  1.58 
99 0.03690533 0.011429436 0.8796530358197654 0.041924434838093175 0.027017392 0.007617922 0.9153360538456723 0.027673103847345764  1.57 
100 0.0367292 0.012096571 0.879657753572848 0.044345335506667485 0.030945666 0.011809177 0.9124526858780995 0.03868999189048448  1.55 
101 0.03592298 0.011999025 0.8837104819517494 0.04317508868458133 0.031272136 0.012321833 0.916345580725116 0.033908307329575726  1.53 
102 0.03565013 0.011792997 0.8842392885280979 0.043295618251856016 0.03819696 0.023700943 0.9130347445474516 0.03658612705360866  1.52 
103 0.035531502 0.011295575 0.8844825045496748 0.04095338931856032 0.035244897 0.016772002 0.8982948955266676 0.04026985817429487  1.5 
104 0.036496792 0.012074795 0.8809640197510984 0.04471360359238819 0.043118734 0.046467606 0.9047392799956512 0.03497701411606825  1.49 
105 0.035214745 0.011763124 0.8851353632579035 0.042902821425105694 0.030332046 0.010130107 0.9074182439630089 0.035887595853018255  1.47 
106 0.035602827 0.010981217 0.8833166308180478 0.04124150592132185 0.02336487 0.007826585 0.9286873702805484 0.030937721995668358  1.46 
107 0.03515103 0.012354163 0.8859162592807408 0.044637612119898425 0.03764745 0.031823557 0.9100080712559337 0.0334685098789328  1.44 
108 0.034987338 0.011583985 0.8866857724922155 0.04160558712427144 0.03376404 0.020030756 0.9188938914357265 0.03202608983778953  1.43 
109 0.034524098 0.011010202 0.887908541633409 0.040886863224571315 0.024401154 0.008499528 0.9260841120871428 0.030048133837344202  1.41 
110 0.034425832 0.011682549 0.8887184607617444 0.04135419595768054 0.04004492 0.02684457 0.898432526493842 0.04331650308242051  1.4 
111 0.03444082 0.011598297 0.888464424010059 0.041719857010854115 0.026097378 0.008681824 0.9212342695545169 0.03224169992602853  1.38 
112 0.03450039 0.011837435 0.8879331533334271 0.042508384135879373 0.02373708 0.008637856 0.9254321173679503 0.02999247696735698  1.36 
113 0.034213837 0.01109194 0.8891854490557444 0.04002379148455508 0.025183864 0.007953159 0.9220786201998835 0.028752172497591204  1.35 
114 0.033565883 0.010948321 0.8912803658470202 0.039973627536629704 0.028419618 0.010954873 0.9180810596964586 0.036990373742518394  1.33 
115 0.03286259 0.0110133095 0.8938622820904881 0.03971177437232386 0.029987752 0.01117805 0.908987100295607 0.03351631692591089  1.32 
116 0.03340913 0.010191877 0.8917305529729269 0.03669201687498831 0.026398625 0.008893625 0.917261091301195 0.03219317218476468  1.3 
117 0.034864247 0.011546979 0.886176036720113 0.042430268789744124 0.039603677 0.029623574 0.9013203449373133 0.043156238700952816  1.29 
118 0.03239374 0.011282837 0.8948990103283523 0.04098491569084339 0.023655094 0.0073112072 0.9299272410768752 0.022753552703006573  1.27 
119 0.033795644 0.011467654 0.890639428056378 0.04101673388842618 0.028903024 0.0110633895 0.9202852691472985 0.02537878770548334  1.25 
120 0.03321141 0.011060717 0.8927356821215374 0.04007756548157234 0.02331028 0.0069352966 0.9319395555436875 0.024522764500476267  1.24 
121 0.03276462 0.011426071 0.8939196969590333 0.040879403565841445 0.029857079 0.012385607 0.9159076221075482 0.02948354061132369  1.22 
122 0.032615628 0.010734196 0.8941307411545341 0.039056955880252424 0.022838227 0.0066226004 0.9290067713990802 0.02300923700134002  1.21 
123 0.033984452 0.010669067 0.8897106487220565 0.038744290639096186 0.02448916 0.0090257125 0.9264215853167356 0.030519784344317277  1.19 
124 0.033739492 0.011535135 0.8909157216273785 0.040780952298917234 0.028515695 0.010647683 0.9283625332235973 0.02366526962991657  1.18 
125 0.0330298 0.010809315 0.8931226817245056 0.039256588307173004 0.028535618 0.011312045 0.9210759756635263 0.029584076654349936  1.16 
126 0.032021843 0.009406709 0.8963959312712191 0.034339099469275956 0.035363235 0.026491337 0.9150927717595688 0.03520321621908628  1.15 
127 0.0325552 0.01141019 0.8942342813164889 0.041584451092222134 0.02577712 0.008272723 0.9230076570437841 0.028497210161310436  1.13 
128 0.032302734 0.010917073 0.8954402173228828 0.039083599911284156 0.024102025 0.008395801 0.9278893204790872 0.028658205141359454  1.11 
129 0.03235858 0.010104147 0.8951181474283508 0.03710479525068265 0.02516382 0.008246136 0.9256922317896857 0.024051326909722833  1.1 
130 0.032774433 0.01139034 0.8940954046245264 0.041301440629684674 0.033454716 0.021055559 0.9259812743047641 0.026222762758906323  1.08 
131 0.0306855 0.010236211 0.9008299212292937 0.03692787019325975 0.026785355 0.01097316 0.925478338739072 0.02431387204135581  1.07 
132 0.031214423 0.010731933 0.8994607019506186 0.03840629801380338 0.02280476 0.0077809193 0.9296039775810456 0.027082671047794216  1.05 
133 0.031501483 0.011514565 0.8980046078195796 0.041282923890972226 0.023679068 0.007908312 0.9263591991813668 0.028351899729155333  1.04 
134 0.030794745 0.009980138 0.9005528657851246 0.0359785927079569 0.023489835 0.007847011 0.9291960755703524 0.02692511638467662  1.02 
135 0.03172067 0.010233643 0.8973306031350825 0.03718969090337613 0.029180897 0.01750138 0.9215093089650704 0.03303789245230363  1.01 
136 0.030743178 0.010900643 0.900851994240047 0.038733457797766484 0.023477716 0.006723749 0.9289754432276632 0.023646111449665403  0.99 
137 0.030299118 0.009732058 0.9016762131417017 0.035091834674701665 0.021178786 0.006789918 0.9358062720556843 0.02533046465716038  0.97 
138 0.031004133 0.01119695 0.8997741594816744 0.03964758396409179 0.0262852 0.011947069 0.9248174430680819 0.03000052713406526  0.96 
139 0.030822705 0.0114257345 0.9005295274255773 0.0404760618302156 0.022083247 0.0061354553 0.932154052587459 0.022294473199965966  0.94 
140 0.030307094 0.009868935 0.901806549395277 0.03584998005265294 0.024848843 0.010964515 0.9279185505690092 0.027184442647645163  0.93 
141 0.0302523 0.010076869 0.9027598258822521 0.03533804084399121 0.027200777 0.013081931 0.9310419104494314 0.02701416454579386  0.91 
142 0.030997027 0.010072754 0.8994929110711855 0.035969311856742715 0.022658281 0.008415669 0.9332566579914175 0.028048439330263793  0.9 
143 0.031015538 0.010159875 0.9000066373538007 0.035780026691855184 0.02120808 0.00794021 0.9351594271728892 0.027758451122653717  0.88 
144 0.03102014 0.010981122 0.8995737069215534 0.03911687407056607 0.02540753 0.00921354 0.9225732111232652 0.02813229789715647  0.87 
145 0.030219538 0.010349738 0.9023650583696342 0.0368975076543617 0.022673832 0.0069219545 0.9308951401121074 0.02402605011593629  0.85 
146 0.03091471 0.011965114 0.9000105772503616 0.04256412906971077 0.022392517 0.006920033 0.9323320716234158 0.024828995668816557  0.84 
147 0.03016228 0.009871587 0.9028211433528672 0.03531442496400155 0.025724651 0.0097768195 0.9295803423751109 0.02705716150743767  0.82 
148 0.029563013 0.0101969065 0.9050128340199152 0.03634173048081964 0.028060466 0.015421853 0.9263286021595617 0.027020975269102316  0.8 
149 0.02987616 0.010395772 0.9039948995415085 0.03707682981102775 0.040991064 0.035677046 0.9177629142479126 0.031070776691082786  0.79 
150 0.030348016 0.01010295 0.9016643215269294 0.0363412400494395 0.0241552 0.009952288 0.9276823097715603 0.02880144295524254  0.77 
151 0.030121675 0.011366675 0.9032467880399531 0.040507286812939435 0.02626946 0.015022765 0.9265043323793419 0.029779812741246713  0.76 
152 0.030059531 0.010290633 0.902819648909344 0.037372328535043145 0.024338534 0.008696503 0.9299781036585772 0.026287356876177476  0.74 
153 0.029289791 0.009903746 0.9054737779425175 0.03556279614048465 0.022971665 0.009582117 0.9307388330407143 0.028547228955534517  0.73 
154 0.028677749 0.009552056 0.9077477296006422 0.033979588361140456 0.021177001 0.0058979113 0.9359313145338871 0.021242802905696967  0.71 
155 0.03041533 0.011146014 0.9019130677887096 0.039360320476318905 0.024358494 0.011386077 0.9275027966472658 0.03161838139672572  0.7 
156 0.02777809 0.0092933355 0.9107978968230118 0.033037280291769354 0.022941917 0.0069777276 0.933988443385655 0.021860326220355476  0.68 
157 0.029123988 0.009876282 0.9063999573180537 0.035609092499590926 0.024748392 0.015151084 0.9377028423600111 0.026564229138998054  0.67 
158 0.029166317 0.010028525 0.9061222225813741 0.03556092434605009 0.035762556 0.035312247 0.9264288968128552 0.030475535653346122  0.65 
159 0.028968172 0.0099313855 0.9068199652092482 0.035580547737882884 0.029777981 0.024869466 0.9295151429031917 0.02501701956056328  0.63 
160 0.029643022 0.01005752 0.9044457553043567 0.03573718340744609 0.023752332 0.013791399 0.9388877497789863 0.01945302163863308  0.62 
161 0.02857942 0.010054736 0.9077111809996844 0.03666784716684038 0.01793499 0.0054836483 0.9451942489678871 0.01969594579507966  0.6 
162 0.0283559 0.009825638 0.9087224983698713 0.03506692704605637 0.051488195 0.06272063 0.9306712493852781 0.029495655739716336  0.59 
163 0.028657332 0.010058465 0.9077779434659528 0.03617422910428736 0.022962432 0.013215435 0.9352106712239541 0.024245805952257452  0.57 
164 0.028600741 0.009417447 0.9081111670771181 0.03347415618275796 0.020044545 0.005244365 0.9391107345160792 0.018432402778807404  0.56 
165 0.028420046 0.009138014 0.9082798553866696 0.032889675763598636 0.01904159 0.0049017714 0.9441179172662888 0.01742409015686968  0.54 
166 0.02882885 0.010055719 0.9067856063276774 0.03646445017167095 0.019891521 0.006368004 0.9385880102271937 0.024097547652312076  0.53 
167 0.028386004 0.009605537 0.9085393477895766 0.03388025213630855 0.022646835 0.012121582 0.9433467292657891 0.019758352403063915  0.51 
168 0.028913243 0.010114145 0.9069909551216585 0.035928094126147864 0.022556512 0.0089402115 0.9366149712101894 0.03018295086608776  0.5 
169 0.028415978 0.00991515 0.9087614844321901 0.03519361334344002 0.02131608 0.008601711 0.9352369290317577 0.02669771647544612  0.48 
170 0.027830482 0.010055046 0.9103564019773475 0.03610799688167986 0.021719707 0.006994592 0.9335632480971832 0.022684071093080443  0.46 
171 0.02758326 0.009192704 0.9113707481929634 0.03293983337813778 0.025529867 0.019062903 0.9344145287693068 0.030337457875622875  0.45 
172 0.027752599 0.00986684 0.9107659487638801 0.035098671928741616 0.02762453 0.019810505 0.9392896754363296 0.020279231497083217  0.43 
173 0.027159456 0.008922733 0.9127276150035161 0.031908082260327514 0.02126314 0.006824493 0.9387416152239337 0.020791508472579136  0.42 
174 0.028051766 0.009278265 0.9095593973983885 0.03325924936818102 0.025501538 0.012760717 0.9379998321534803 0.02515520658201158  0.4 
175 0.02725424 0.009373932 0.9125503809277933 0.03326591791146983 0.020760698 0.007297813 0.9403282575655708 0.022324680614755114  0.39 
176 0.027514203 0.00890182 0.911312470223346 0.031985259442784776 0.018930942 0.006637053 0.9434013747520051 0.020350325019304175  0.37 
177 0.027360292 0.009908205 0.9118803614260249 0.03542063452632722 0.02633037 0.02027918 0.9433356189705986 0.017835921607290823  0.36 
178 0.02704114 0.009650331 0.9130840970574631 0.03438853456872706 0.01987556 0.0069734557 0.9447668920196928 0.020321550481996496  0.34 
179 0.025972355 0.008466893 0.9170145154899818 0.02980518898559951 0.022776173 0.0092412755 0.9357395943899843 0.02629391120609406  0.33 
180 0.026994323 0.009284547 0.9131563950917189 0.032976975018831865 0.021822251 0.009316217 0.9412751439967372 0.02316318797090274  0.31 
181 0.026910862 0.008602465 0.9135656648334632 0.030436762551876287 0.029048419 0.021421978 0.9413783632484788 0.023566063622382828  0.29 
182 0.027231675 0.00948462 0.9123095544175184 0.033603018563988625 0.022252476 0.009951455 0.9387773302930226 0.021897698412015137  0.28 
183 0.027808553 0.009537734 0.9106361053303614 0.03392861110905154 0.022849232 0.012771603 0.9448751021622636 0.020534372338592937  0.26 
184 0.026751693 0.009354229 0.914141936640997 0.03309131385778096 0.019548858 0.0063014617 0.9423628244118777 0.02165118104452544  0.25 
185 0.027129138 0.008592383 0.9128386806609305 0.03073128219040149 0.024442047 0.017417021 0.9324721344577781 0.02936609593536417  0.23 
186 0.027041774 0.00954 0.9131064737519271 0.033967204633869055 0.04313564 0.047764692 0.9268473528092515 0.030156894872121528  0.22 
187 0.02680477 0.008588306 0.914147640034193 0.030218865846774082 0.03415137 0.035750534 0.94005547518208 0.022914002909109204  0.2 
188 0.027019901 0.00931928 0.9131675807750586 0.033589211887498985 0.023857895 0.008355771 0.9253590024067538 0.02700632741856388  0.19 
189 0.026474848 0.008654994 0.9150402783430629 0.030862598612850966 0.021218231 0.0060491576 0.938408354051888 0.019025636167757078  0.17 
190 0.025455097 0.008363317 0.9187391219629105 0.02998034606676533 0.035797186 0.03785756 0.9450582551400613 0.01816922576591094  0.15 
191 0.026896842 0.009455667 0.9137442708136677 0.033403016443716224 0.018910997 0.0072203465 0.9444990687379182 0.020082762830105075  0.14 
192 0.02642185 0.009078334 0.9151897972843569 0.03161650644943226 0.021520147 0.007916331 0.9425414474409924 0.0199803885094782  0.12 
193 0.026089862 0.008769259 0.9166353983440275 0.030613587814699108 0.02034356 0.009465119 0.9449570227079175 0.01855240950698991  0.11 
194 0.026656764 0.008593188 0.9142709675873953 0.030844620209422597 0.018562952 0.0062740804 0.946595656144788 0.017303884452900608  0.09 
195 0.025331957 0.00904648 0.9193363692576121 0.03182876896983274 0.020258004 0.006484483 0.9445979964593285 0.01665102089922251  0.08 
196 0.025293201 0.008424058 0.9192408314278202 0.029591783147420003 0.020543719 0.0080452375 0.944846809851192 0.01822188896663142  0.06 
197 0.026598888 0.009129179 0.9147157789788462 0.032009828444216966 0.020678766 0.007289794 0.9369676873197359 0.025045008312388137  0.05 
198 0.025371674 0.00842875 0.9187332320972607 0.029646328367119362 0.020378377 0.0052158367 0.9377025562579889 0.01959760560933909  0.03 
199 0.025477495 0.008516737 0.918542683888332 0.030175686791093177 0.023807764 0.017044215 0.934850707196515 0.03070005718008312  0.02 
