best model
epoch = 18

TRAINING result

loss_mean = 0.002811794
loss_std  = 0.0009199471


accuracy   = 99.59 [%]
hit_count  = 59786
miss_count = 246

class_accuracy = 99.916%   99.598%   99.742%   99.407%   99.433%   99.482%   99.782%   99.618%   99.453%   99.296%   


confusion_matrix = 
        5939           0           0           1           2           0           4           0           4           5
           0        6694           2           0           4           0           0           7           2           1
           0          15        5804          12           0           1           1          11           2           0
           0           0           0        6037           0           6           1           0           3           0
           0           1           2           0        5782           1           2           3           3          11
           0           0           0           6           0        5568           0           0           5           8
           4           0           0           0           3          14        5962           0           3           2
           0          10           5           4           1           1           0        6259           1          11
           0           0           3           8           2           2           4           1        5817           3
           0           0           2           4          20           3           0           1           8        5924





TESTING result

loss_mean = 0.003121378
loss_std  = 0.0011552443


accuracy   = 99.512 [%]
hit_count  = 9999
miss_count = 49

class_accuracy = 99.605%   99.465%   99.716%   99.614%   99.498%   99.507%   99.067%   99.049%   99.698%   98.914%   


confusion_matrix = 
        1009           0           0           0           0           1           3           0           1           1
           0        1115           0           0           0           0           1           3           0           0
           1           3        1055           0           0           0           0           6           0           0
           0           0           0        1032           0           2           0           0           0           0
           0           0           0           0         991           0           2           0           0           3
           0           0           0           2           0         807           1           0           0           1
           0           0           1           0           2           0         956           0           0           0
           2           2           0           1           0           0           0        1041           0           4
           0           0           1           0           0           0           1           0         991           1
           0           0           0           0           2           0           0           0           1        1002

