0 0.024578413 0.016153168 91.86433901918977 0.01314167 0.0019369364 97.50199044585987  0.04 
1 0.011753774 0.0022960722 97.59461620469084 0.010055805 0.0018792727 98.10907643312102  0.04 
2 0.009297408 0.0018002886 98.2592617270789 0.008374011 0.0015467709 98.67635350318471  0.03 
3 0.0080077015 0.0016853474 98.55243869936034 0.0072729285 0.0014430614 98.87539808917198  0.03 
4 0.006939445 0.0015729908 98.77065565031982 0.0067964382 0.0015840796 98.87539808917198  0.03 
5 0.006227454 0.0014711897 98.94722814498934 0.0060679843 0.0013692988 98.94506369426752  0.03 
6 0.0056663905 0.0013680054 99.0138592750533 0.005541862 0.0013405881 99.0047770700637  0.03 
7 0.005261904 0.0013850353 99.12546641791045 0.0052686613 0.0011724316 99.20382165605096  0.02 
8 0.0048186122 0.0012736582 99.18376865671642 0.0047511943 0.0013207123 99.09434713375796  0.02 
9 0.004509721 0.001249685 99.25206556503198 0.004799622 0.0011980062 99.04458598726114  0.02 
10 0.0042696567 0.0011951785 99.26206023454158 0.0044574784 0.001234181 99.12420382165605  0.02 
11 0.0039666477 0.0011411939 99.35700959488273 0.004085257 0.0012737458 99.22372611464968  0.02 
12 0.0037927292 0.0011831055 99.36367270788912 0.0039374363 0.0010853821 99.3531050955414  0.01 
13 0.0036099828 0.0010787031 99.4203091684435 0.0038474589 0.0012151645 99.29339171974522  0.01 
14 0.0034002038 0.0010796067 99.48527452025586 0.0035384241 0.0011128031 99.34315286624204  0.01 
15 0.0032431702 0.0010329018 99.46361940298507 0.0034361896 0.0011099763 99.33320063694268  0.01 
16 0.003101571 0.0010606798 99.52525319829424 0.0033711935 0.0011132562 99.29339171974522  0.01 
17 0.0030052713 0.0009704124 99.52691897654584 0.0033630235 0.001093903 99.33320063694268  0.01 
18 0.002811794 0.0009199471 99.59021855010661 0.003121378 0.0011552443 99.51234076433121  0.0 
19 0.0027297763 0.0009829637 99.57855810234541 0.0032657986 0.0011439663 99.20382165605096  0.0 
