0 70.7375608436993 87.13662790697674 0.106377244 0.05525462 0.023200925 0.01743633 
1 78.9683612763656 89.38953488372093 0.08295665 0.049581856 0.015645746 0.014855735 
2 81.68266630611141 90.7703488372093 0.07529769 0.046549547 0.015635058 0.015169318 
3 83.56375067604111 90.84302325581395 0.06913017 0.043513287 0.014462048 0.014830447 
4 84.86512979989183 91.06104651162791 0.065567166 0.045201305 0.014442454 0.014501181 
5 86.00425905895078 89.89825581395348 0.062386148 0.048864912 0.0138869975 0.013913214 
6 86.90677393185506 92.00581395348837 0.059633914 0.04315951 0.013829383 0.015238048 
7 87.78055705786912 92.07848837209302 0.056910455 0.041252524 0.013511075 0.017347917 
8 88.18787182260681 92.44186046511628 0.055825233 0.03694326 0.013271445 0.016140478 
9 88.91630611141157 91.56976744186046 0.05388723 0.042119958 0.012946506 0.017453635 
10 89.48587074094105 92.15116279069767 0.05195886 0.03874803 0.013124394 0.015169907 
11 89.72417522985397 92.00581395348837 0.05131747 0.04203359 0.013116669 0.016069172 
12 90.09599783666847 93.09593023255815 0.05020463 0.040422622 0.012655158 0.015234098 
13 90.18388318009735 92.44186046511628 0.049539447 0.042206284 0.012844386 0.014736913 
14 90.86330448891293 92.73255813953489 0.047672983 0.04001197 0.012103487 0.016205499 
15 91.0356949702542 92.15116279069767 0.047170922 0.038860317 0.012095767 0.014037808 
16 91.17259329367225 91.86046511627907 0.045925718 0.041334018 0.011791394 0.014388339 
17 91.52244456462952 92.95058139534883 0.04516604 0.035755783 0.011857868 0.013488933 
18 91.6880746349378 91.06104651162791 0.044805866 0.043098196 0.01208812 0.0139288325 
19 91.94159004867495 91.93313953488372 0.04391318 0.04045951 0.011518558 0.015687013 
20 92.48918334234722 91.78779069767442 0.04253066 0.04175592 0.011815424 0.010712591 
21 92.29144131963223 92.07848837209302 0.04273442 0.038980838 0.011310011 0.013450485 
22 92.46890210924825 90.98837209302326 0.042283688 0.04057486 0.011468549 0.014987291 
23 92.59058950784208 93.02325581395348 0.04178492 0.038456377 0.011217695 0.0153910285 
24 92.87621687398594 93.02325581395348 0.0409055 0.038088743 0.010789054 0.013505113 
25 92.83227420227149 93.6046511627907 0.040718783 0.03352778 0.011536476 0.013718069 
26 93.17705516495403 91.86046511627907 0.03974613 0.040254805 0.011097982 0.013532009 
27 93.39676852352623 93.31395348837209 0.03916121 0.038859926 0.010845457 0.013407628 
28 93.47789345592211 93.02325581395348 0.03882609 0.036484715 0.010881945 0.010252072 
29 93.51507571660358 93.24127906976744 0.03862286 0.037055314 0.010858773 0.015578897 
30 93.90886965927528 93.24127906976744 0.037466038 0.039217167 0.010614401 0.014621737 
31 93.84295565170362 91.64244186046511 0.037799973 0.0417184 0.010630038 0.01766974 
32 94.08126014061655 93.8953488372093 0.036755823 0.03540808 0.010222454 0.012479321 
33 94.05421849648458 92.95058139534883 0.036839418 0.036676046 0.010290737 0.012565422 
34 94.31618442401297 92.29651162790698 0.03617537 0.039474536 0.010357824 0.018148145 
35 94.35674689021093 90.91569767441861 0.035769474 0.04219359 0.010414326 0.013302997 
36 94.48012439156301 94.69476744186046 0.035489466 0.032204524 0.009983419 0.011451629 
37 94.53082747431044 93.8953488372093 0.035339512 0.034059063 0.00981472 0.011293762 
38 94.62209302325581 91.71511627906976 0.035202924 0.0406269 0.010136565 0.018224316 
39 94.6322336398053 92.58720930232558 0.03452709 0.040657837 0.009919756 0.017224383 
40 94.87560843699296 93.82267441860465 0.03417096 0.03388874 0.009929069 0.011051682 
41 94.82828555976204 92.00581395348837 0.034288388 0.03918362 0.01007213 0.013674723 
42 94.99560573282855 92.65988372093024 0.033616394 0.038980868 0.0094058225 0.016159628 
43 95.10208220659815 91.78779069767442 0.033416674 0.04177111 0.009957717 0.01402829 
44 95.22545970795025 92.29651162790698 0.032579612 0.040377185 0.009280496 0.015463525 
45 95.21531909140076 91.71511627906976 0.032704342 0.0385558 0.009897938 0.015296862 
46 95.16799621416982 92.58720930232558 0.033006873 0.037869215 0.009640743 0.018034065 
47 95.4434829637642 92.65988372093024 0.032314748 0.039368156 0.009061611 0.014044587 
48 95.43841265548946 94.11337209302326 0.031924497 0.03305526 0.009363371 0.012403465 
49 95.49418604651163 93.24127906976744 0.031799864 0.037062235 0.009378111 0.0134208305 
50 95.49925635478637 92.73255813953489 0.031459115 0.037174564 0.009187855 0.0127233425 
51 95.61249323958897 93.09593023255815 0.031089619 0.03498817 0.009128211 0.012648134 
52 95.70882909680908 93.82267441860465 0.030839583 0.03474138 0.009052508 0.015377871 
53 95.64122498647917 93.53197674418605 0.031146152 0.036334798 0.009467707 0.012432735 
54 95.75784207679827 94.25872093023256 0.030586159 0.03386977 0.009304912 0.012871267 
55 95.83220659816116 93.45930232558139 0.030291194 0.033713866 0.008763871 0.011852608 
56 95.99445646295295 94.84011627906976 0.029791104 0.03357773 0.008878341 0.015087277 
57 95.97755543537048 92.73255813953489 0.029973093 0.037849933 0.009060705 0.014850222 
58 96.00121687398594 93.53197674418605 0.029356543 0.035797372 0.008877942 0.012511761 
59 95.90488101676581 93.53197674418605 0.02974806 0.03472084 0.00912195 0.014555676 
60 96.04853975121688 93.09593023255815 0.029502608 0.034982935 0.008831776 0.01551835 
61 96.12459437533802 93.82267441860465 0.02932224 0.03449032 0.00884124 0.012218233 
62 96.20233910221741 93.02325581395348 0.028865943 0.0391005 0.008613787 0.01636234 
63 96.17022714981071 93.8953488372093 0.028772758 0.0350042 0.008754887 0.013574666 
64 96.2902244456463 92.95058139534883 0.028503414 0.037144702 0.008531399 0.012807392 
65 96.37810978907518 92.51453488372093 0.028329704 0.037799608 0.008717666 0.013110815 
66 96.37134937804218 94.84011627906976 0.028172482 0.031509046 0.008839616 0.013627046 
67 96.2868442401298 93.6046511627907 0.028265186 0.035492994 0.008582 0.015605305 
68 96.3933207138994 92.65988372093024 0.02766043 0.04065652 0.0088148955 0.014241687 
69 96.43895348837209 93.82267441860465 0.027658561 0.03543661 0.008736238 0.011403374 
70 96.41867225527312 94.25872093023256 0.027833277 0.034220017 0.008920062 0.014440326 
71 96.59444294213088 94.04069767441861 0.027251508 0.033794157 0.00857222 0.015177734 
72 96.32064629529475 94.04069767441861 0.027651908 0.034635093 0.008588826 0.01384434 
73 96.50824770146025 94.18604651162791 0.027248554 0.034858808 0.0088492595 0.014510667 
74 96.57416170903191 93.82267441860465 0.026929831 0.03870026 0.008238249 0.016231852 
75 96.61979448350459 94.40406976744185 0.026760792 0.03438368 0.008435209 0.016251102 
76 96.74824229313143 94.91279069767442 0.02630486 0.031033957 0.008173243 0.013255826 
77 96.63162520281233 94.91279069767442 0.026659383 0.032722965 0.0083554145 0.013859375 
78 96.64345592212007 92.22383720930233 0.026310893 0.03857303 0.008319789 0.014892558 
79 96.81246619794483 95.13081395348837 0.026070626 0.0316345 0.008239413 0.014658854 
80 96.75669280692266 93.38662790697674 0.026114415 0.034815345 0.008432745 0.014046845 
81 96.76007301243915 93.09593023255815 0.026041323 0.03484204 0.00822658 0.01514378 
82 96.85471876690103 94.76744186046511 0.025852878 0.03043033 0.008380486 0.0132986335 
83 96.78204434829638 93.1686046511628 0.02594939 0.036789104 0.008117057 0.012151554 
84 96.77866414277987 95.05813953488372 0.025574025 0.029307103 0.007984192 0.01286608 
85 96.98823688480259 93.67732558139535 0.025474602 0.032087572 0.008012352 0.01231927 
86 97.01865873445105 93.1686046511628 0.025176715 0.036130346 0.007867656 0.016029757 
87 96.92570308274743 93.24127906976744 0.02527726 0.03583398 0.008386506 0.013466222 
88 97.13527582477015 94.04069767441861 0.024795217 0.034537617 0.0078110816 0.01326497 
89 97.0237290427258 93.31395348837209 0.025131594 0.036387574 0.008135591 0.015966719 
90 97.09302325581395 93.02325581395348 0.024967182 0.035543773 0.00791159 0.013459146 
91 97.1623174689021 94.54941860465117 0.024391806 0.03460461 0.007741552 0.012793979 
92 97.18090859924284 94.25872093023256 0.024538344 0.033893935 0.007775815 0.01432994 
93 97.15893726338561 94.47674418604652 0.024543036 0.031818002 0.007635379 0.014379336 
94 97.03217955651704 94.40406976744185 0.024583833 0.029925114 0.007941243 0.012888427 
95 97.17076798269335 94.84011627906976 0.024354657 0.029851958 0.007840261 0.012542634 
96 97.18428880475933 94.84011627906976 0.024416668 0.031067586 0.007628609 0.012147087 
97 97.29414548404543 94.11337209302326 0.023884535 0.034017757 0.007725064 0.014288825 
98 97.21809085992429 94.54941860465117 0.024212945 0.032196812 0.0076072086 0.0141640585 
99 97.2789345592212 93.8953488372093 0.023846917 0.034951292 0.007753564 0.012920478 
100 97.3211871281774 93.67732558139535 0.023587704 0.03344589 0.007592288 0.009509807 
101 97.27048404542997 94.47674418604652 0.02367979 0.030754743 0.007922879 0.013940354 
102 97.3144267171444 93.6046511627907 0.02369156 0.037559275 0.007294067 0.017589755 
103 97.37358031368308 94.04069767441861 0.023469493 0.032840036 0.007694428 0.016442558 
104 97.33639805300162 92.44186046511628 0.023325844 0.03709661 0.007748578 0.0170767 
105 97.33470795024337 93.6046511627907 0.023300918 0.035305314 0.007425115 0.013287413 
106 97.40400216333153 94.40406976744185 0.023142874 0.02979684 0.0075887246 0.010430454 
107 97.36851000540833 93.82267441860465 0.023212032 0.03439967 0.007703654 0.0135729285 
108 97.4242833964305 93.45930232558139 0.02315468 0.034845334 0.0075102993 0.014405872 
109 97.3921714440238 93.09593023255815 0.023009907 0.03530698 0.007790239 0.014045607 
110 97.47667658193618 94.11337209302326 0.022929903 0.033477917 0.007508466 0.014414141 
111 97.50033802055165 94.04069767441861 0.022768397 0.03339629 0.00752972 0.016229965 
112 97.4986479177934 93.38662790697674 0.022711435 0.037770778 0.0071861367 0.01717094 
113 97.5763926446728 94.69476744186046 0.022334501 0.033633683 0.0073518995 0.012411722 
114 97.57470254191455 94.18604651162791 0.022575643 0.034346152 0.0072445096 0.017151847 
115 97.41245267712277 94.91279069767442 0.022608396 0.029251218 0.0073156343 0.011856118 
116 97.59498377501352 94.91279069767442 0.022498876 0.031782713 0.0071749357 0.017381545 
117 97.56794213088156 94.04069767441861 0.022432128 0.03617018 0.0075036865 0.013760484 
118 97.51723904813413 93.96802325581395 0.02242662 0.032519367 0.007400445 0.014526224 
119 97.56118171984856 94.04069767441861 0.022512926 0.03289278 0.0075174496 0.010958084 
120 97.62371552190373 94.54941860465117 0.022313775 0.034751985 0.007420296 0.014681616 
121 97.58653326122229 93.1686046511628 0.0220847 0.037189133 0.007287809 0.014952305 
122 97.6794889129259 93.09593023255815 0.021856062 0.038637877 0.0070973546 0.018809957 
123 97.73695240670632 94.62209302325581 0.021548288 0.03306594 0.0071899393 0.0155087225 
124 97.60512439156301 94.76744186046511 0.021979267 0.03171643 0.0072952514 0.016221153 
125 97.63892644672796 93.53197674418605 0.021728285 0.034161557 0.0071681854 0.01228192 
126 97.70146024878312 94.47674418604652 0.021662548 0.032309018 0.007373889 0.01445969 
127 97.62202541914549 94.47674418604652 0.02169263 0.034195904 0.0074285883 0.018386323 
128 97.83835857220119 93.53197674418605 0.02109152 0.03484429 0.0070359437 0.015252894 
129 97.69808004326663 93.82267441860465 0.021618852 0.03630432 0.0072928774 0.016010828 
130 97.79103569497025 94.84011627906976 0.021394003 0.029409511 0.007171027 0.012167516 
131 97.80286641427799 92.15116279069767 0.02136521 0.037735716 0.007194515 0.018316528 
132 97.73357220118983 94.69476744186046 0.021484386 0.03339772 0.0073185973 0.015499798 
133 97.84849918875068 94.04069767441861 0.02107145 0.035124928 0.0070256456 0.014257283 
134 97.8704705246079 94.11337209302326 0.02100742 0.033477105 0.0070632384 0.016341623 
135 97.86540021633316 92.87790697674419 0.020930318 0.03789843 0.006878934 0.016295457 
136 97.89920227149811 95.42151162790698 0.020819621 0.030712832 0.0070130494 0.013168104 
137 97.87216062736614 94.62209302325581 0.020758918 0.032851934 0.0069693825 0.015943494 
138 97.9414548404543 94.54941860465117 0.02069818 0.032362532 0.00691914 0.0125785265 
139 97.83835857220119 95.05813953488372 0.020899825 0.03210321 0.0071788654 0.012516981 
140 97.83835857220119 94.40406976744185 0.02079369 0.03356946 0.0070622754 0.015693033 
141 97.85356949702542 94.40406976744185 0.020961883 0.033778157 0.0070901294 0.014968738 
142 97.96342617631151 94.91279069767442 0.020651625 0.032300733 0.007088042 0.015626762 
143 97.91272309356408 92.80523255813954 0.020534782 0.036211416 0.0071040713 0.014432923 
144 98.04624121146566 94.11337209302326 0.020268893 0.034334414 0.0068469 0.014481913 
145 97.95497566252028 94.04069767441861 0.020105395 0.032874275 0.006663876 0.012005416 
146 97.92962412114656 93.31395348837209 0.02047871 0.035631575 0.006977888 0.016595483 
147 97.96173607355327 94.04069767441861 0.020296907 0.036007907 0.006730052 0.0153662 
148 98.06314223904813 94.98546511627907 0.020183243 0.0316046 0.006675511 0.010994475 
149 98.04962141698215 93.38662790697674 0.019836603 0.036409445 0.006732572 0.0143481735 
150 97.96004597079502 93.96802325581395 0.020203063 0.032019954 0.0068379208 0.013629381 
151 97.98201730665224 94.84011627906976 0.020219307 0.029178824 0.006885616 0.011248303 
152 97.99046782044348 93.38662790697674 0.020075873 0.036952205 0.006796063 0.0136137735 
153 98.0158193618172 93.53197674418605 0.019988028 0.033405174 0.006787096 0.01497386 
154 98.10032449972958 94.25872093023256 0.019849306 0.036229834 0.0066159707 0.016405703 
155 98.0580719307734 93.96802325581395 0.019855104 0.0339871 0.0067518908 0.015003532 
156 98.08173336938886 94.40406976744185 0.019762782 0.031339057 0.006842444 0.013228562 
157 98.0834234721471 94.98546511627907 0.019889448 0.03239616 0.006885508 0.015597811 
158 98.06652244456463 95.34883720930233 0.019667517 0.032112733 0.006718031 0.014920398 
159 98.03103028664142 92.87790697674419 0.019586384 0.037152287 0.006822629 0.01312167 
160 98.18482963764197 94.62209302325581 0.019375267 0.03136474 0.00684378 0.013355643 
161 98.1544077879935 93.8953488372093 0.019582245 0.032935157 0.006786554 0.011505898 
162 98.17130881557598 94.91279069767442 0.019167976 0.030738348 0.0065553486 0.011289384 
163 98.10201460248783 93.1686046511628 0.019512298 0.037531268 0.0069038104 0.016399946 
164 98.16792861005949 95.05813953488372 0.019477136 0.031390704 0.00677758 0.012391094 
165 98.15609789075175 93.38662790697674 0.019477481 0.035010982 0.0066045723 0.013149768 
166 98.18989994591671 93.8953488372093 0.019401146 0.033792354 0.00655634 0.014977565 
167 98.2355327203894 93.53197674418605 0.019265331 0.03272936 0.0068791853 0.011722916 
168 98.29299621416982 92.87790697674419 0.01892797 0.036008198 0.0066179535 0.015806178 
169 98.24229313142239 95.27616279069767 0.018963434 0.030252688 0.0065439316 0.013646556 
170 98.26088426176311 94.18604651162791 0.018652627 0.031217633 0.0063631176 0.013627522 
171 98.23046241211466 95.27616279069767 0.018948764 0.030864796 0.006620803 0.01250031 
172 98.2389129259059 93.8953488372093 0.01902428 0.03402393 0.0065987296 0.016830532 
173 98.26257436452136 94.76744186046511 0.018898822 0.030969173 0.0065618693 0.01310118 
174 98.23215251487291 94.54941860465117 0.019150293 0.03513342 0.006460125 0.016930025 
175 98.31327744726879 94.54941860465117 0.018635033 0.027979579 0.0064581847 0.013618535 
176 98.26088426176311 94.54941860465117 0.018963894 0.030128038 0.0068128128 0.012448722 
177 98.17130881557598 95.05813953488372 0.019198606 0.03078854 0.006642763 0.01404079 
178 98.3098972417523 94.84011627906976 0.018802486 0.030417807 0.006388458 0.012054318 
179 98.34369929691725 95.27616279069767 0.018541843 0.028494574 0.0064975866 0.014719505 
180 98.24567333693889 94.54941860465117 0.018651286 0.03180353 0.00654642 0.014561641 
181 98.26933477555436 95.20348837209302 0.018733945 0.0308502 0.0063299853 0.01334693 
182 98.37074094104922 95.27616279069767 0.018441662 0.03147445 0.006415233 0.014306509 
183 98.36398053001622 93.96802325581395 0.018398844 0.03633061 0.0064503783 0.014611315 
184 98.31327744726879 94.76744186046511 0.018545957 0.030102588 0.0067359246 0.012988928 
185 98.25750405624662 94.84011627906976 0.018426336 0.029214649 0.006402982 0.014272279 
186 98.4231341265549 94.69476744186046 0.01831051 0.032558244 0.0065488974 0.016490335 
187 98.25750405624662 93.09593023255815 0.018558629 0.036282912 0.006447965 0.015639517 
188 98.3453893996755 94.91279069767442 0.018225506 0.031156195 0.0064001023 0.012115843 
189 98.35045970795025 95.13081395348837 0.018193832 0.030308802 0.0065049203 0.011899307 
190 98.36567063277447 94.3313953488372 0.018057832 0.031468183 0.0063846936 0.012386046 
191 98.35383991346674 94.76744186046511 0.018219788 0.032569606 0.006272097 0.01675095 
192 98.35553001622499 94.62209302325581 0.018302497 0.03168213 0.0066229175 0.013200734 
193 98.3098972417523 94.69476744186046 0.018154081 0.033172343 0.006439268 0.014420072 
194 98.3808815575987 93.53197674418605 0.017990887 0.03408981 0.0065140883 0.012516372 
195 98.44510546241212 94.76744186046511 0.017944662 0.030547129 0.0062548504 0.013621599 
196 98.4620064899946 95.05813953488372 0.017737143 0.027199298 0.006121561 0.010968056 
197 98.4620064899946 94.40406976744185 0.01783998 0.033098407 0.0062119737 0.015068492 
198 98.47214710654407 93.45930232558139 0.017748438 0.034034472 0.006103767 0.010194185 
199 98.47383720930233 94.69476744186046 0.017821249 0.03320726 0.006186041 0.012420377 
