0 0.10422009 0.061749335 0.6510363343845993 0.10416085898493176 0.08128917 0.024092715 0.7358423050159089 0.07099225348205598  10.33 
1 0.07881436 0.018407647 0.7280491424091888 0.07289300752842884 0.068119004 0.021195779 0.7774824039309146 0.06467343203987941  10.28 
2 0.06501555 0.017096434 0.7796274219251423 0.06589439867985325 0.057988837 0.019748954 0.8279314410545593 0.05849246305835844  10.24 
3 0.05767738 0.015901364 0.8062791604240794 0.061003063971423674 0.051056266 0.023874154 0.8481905000777242 0.048402358460850926  10.19 
4 0.052100822 0.014682084 0.8262159158554881 0.055342144526656194 0.044442236 0.022455228 0.8623310607296045 0.05695149944300179  10.14 
5 0.04735588 0.013465406 0.8438125894426446 0.05012114259818633 0.049019657 0.025149127 0.8623604974487648 0.050232091176159954  10.1 
6 0.044217065 0.014086424 0.8544528007003777 0.05191239904520596 0.03597007 0.014253979 0.895498391311908 0.032705714101690805  10.05 
7 0.040800836 0.012983982 0.8663027497265342 0.04826648871488803 0.0357777 0.01643921 0.8926814943807974 0.045527053779400604  10.0 
8 0.038010858 0.012521065 0.8761739652881954 0.04543190377351939 0.030233013 0.011485165 0.9100617948578567 0.03579183986460343  9.95 
9 0.036829103 0.0122514265 0.8802124601245305 0.04492289371642444 0.027869826 0.009313093 0.9112974694911931 0.0330986708635024  9.91 
10 0.034573235 0.011702604 0.8877786485875621 0.04257019031035657 0.028032033 0.013094287 0.9208787560029766 0.02926612491226689  9.88 
11 0.032748774 0.011294493 0.8940106220144062 0.04083768490447978 0.028634198 0.008662866 0.9108726874611973 0.0322437102708989  9.83 
12 0.03170488 0.011225478 0.8976080299300861 0.04024226239359828 0.023749176 0.00858916 0.9259709746319695 0.029796117641424594  9.77 
13 0.030253677 0.010419905 0.9025887395966152 0.037306220758888495 0.022622429 0.007262859 0.9284897055724092 0.026659920056108222  9.72 
14 0.029559702 0.010766485 0.9048975432419364 0.03872499725557603 0.023317154 0.010976119 0.9316284831729095 0.029733665867084605  9.67 
15 0.028138494 0.009995387 0.9095661026324248 0.03592507513321097 0.024607193 0.011055467 0.9267548464887813 0.03155188871010857  9.61 
16 0.02699307 0.009341462 0.913374895691971 0.033512817205860024 0.020580571 0.008078618 0.9353151461456811 0.029356062391283955  9.56 
17 0.025713842 0.009126789 0.9178658383695236 0.03244933392162282 0.020824669 0.008003169 0.9371536218449702 0.02627974090165138  9.51 
18 0.025819669 0.009235067 0.9171798816872772 0.03316155729207103 0.018410712 0.0060329176 0.9440734442964133 0.021595798955886154  9.46 
19 0.024021445 0.008262714 0.9234284421649532 0.02951132002543738 0.0204427 0.008389792 0.9362861923031562 0.026847653330715926  9.4 
20 0.024082161 0.008958625 0.9230292123515966 0.03182697984531683 0.016894367 0.005756854 0.9467818449829308 0.020386938811281785  9.35 
21 0.023340771 0.00849603 0.9256906600087547 0.029906402283000767 0.016117867 0.004337861 0.951379488583099 0.014046338842132074  9.3 
22 0.022994015 0.008440281 0.926943691498097 0.029743404188384764 0.01588104 0.0048800167 0.9504369572604905 0.01748889268061834  9.25 
23 0.022482874 0.0078477245 0.928520925406527 0.027603823719606138 0.0168904 0.0063560004 0.9486524435814759 0.019215927050543036  9.2 
24 0.022345114 0.008358132 0.9290028326007532 0.02936364495722659 0.018256152 0.0058658365 0.9449074793744284 0.019458037985615937  9.15 
25 0.021601165 0.007638165 0.9311804924197269 0.027139118727389482 0.014547361 0.004712048 0.9560769341053 0.01623475576735016  9.1 
26 0.021169858 0.008165791 0.9328483222500589 0.028656465967189012 0.013588338 0.0036842504 0.9582766771856843 0.0123732743726516  9.05 
27 0.021001643 0.007873289 0.9331789402208899 0.028055600982423927 0.018282266 0.009729612 0.9471385188371161 0.0211137994725159  9.0 
28 0.020239685 0.007653892 0.9359191544350106 0.0269256049810628 0.014888745 0.004900222 0.954323081026318 0.01702827019001908  8.95 
29 0.02005783 0.007217793 0.9365970186261955 0.02550314105470679 0.014196235 0.004628915 0.9572142532212703 0.015880151279376812  8.9 
30 0.020236554 0.00790667 0.9359029816599068 0.02783059184984317 0.015928594 0.007821704 0.9529874614199371 0.021577209482347665  8.85 
31 0.01964639 0.007459553 0.9379914669118243 0.026221933512162624 0.013716093 0.0041678487 0.9598141735577516 0.013976226242767212  8.79 
32 0.019305283 0.0073369946 0.9389525484537616 0.025622261055041305 0.013473748 0.0039793085 0.9604955096287635 0.013087814553758475  8.74 
33 0.018892571 0.0070947097 0.9403755886310686 0.02471635881459576 0.014009566 0.0050444715 0.9574311662376725 0.01839205944356165  8.69 
34 0.018428318 0.0067261457 0.9417880468482522 0.023638610070428834 0.015413986 0.007606075 0.9594770500084081 0.018753336278582895  8.64 
35 0.018339643 0.006910247 0.9419961185492338 0.024421312447960534 0.014580519 0.005521547 0.9561080238583652 0.01961409795466272  8.59 
36 0.018079199 0.0070196264 0.9430162072980813 0.02446505646800473 0.013352864 0.0042949314 0.9596550849389219 0.014545033378098865  8.54 
37 0.017481793 0.0062605464 0.9451529400320625 0.021790894956571487 0.0133629395 0.004614003 0.9622550211699601 0.014341167869181352  8.49 
38 0.017462509 0.006653394 0.9451652019832593 0.02313707115008889 0.011868835 0.0029980037 0.963835035481419 0.010413500169967204  8.44 
39 0.017329093 0.006137308 0.9452823016335471 0.021546481532146174 0.012879489 0.0032813973 0.9633183193349971 0.011225259713957944  8.38 
40 0.017058948 0.0064448644 0.9463309540453396 0.022562507765523987 0.011956726 0.0038321186 0.9635566264248278 0.01262331679525789  8.33 
41 0.016818436 0.006238949 0.9471335854210038 0.022039790025037056 0.013366752 0.0040555275 0.9580917281229705 0.014685408289355951  8.28 
42 0.016522625 0.005959479 0.9481745718244822 0.02080683155236354 0.012566152 0.004616288 0.96325799949201 0.015526063739414987  8.23 
43 0.01655914 0.006114976 0.9480473754431005 0.021267526608792428 0.012539616 0.0032724405 0.9624021093984199 0.012405714208247074  8.18 
44 0.016605128 0.005966175 0.9478335405029864 0.020820904005323156 0.011834472 0.0033387283 0.9652972075488973 0.010664891984095865  8.12 
45 0.016239936 0.0060344227 0.949036917651255 0.02095899446586564 0.011230665 0.0036046926 0.9660430437313299 0.011969558094241254  8.07 
46 0.016138671 0.0061562182 0.9493318232232825 0.021380567570688545 0.015370415 0.008662799 0.9626785157408566 0.01297089152061775  8.02 
47 0.015720353 0.0056321598 0.950745647863724 0.019661724454483984 0.010793679 0.0030254899 0.9673834475993021 0.010334998105971611  7.97 
48 0.015824014 0.0058639687 0.9503003808017915 0.020502804778519276 0.012232361 0.0030364334 0.9650105333227794 0.008295819338422104  7.92 
49 0.01543199 0.0055955113 0.951667336590446 0.019442432712604225 0.011731989 0.0033123735 0.964496249043545 0.010947152264967796  7.86 
50 0.015457315 0.005543146 0.95160325660395 0.019270410334498608 0.011322209 0.0033676669 0.9663249336958565 0.011445675080329386  7.81 
51 0.015366839 0.006009386 0.9518685159029808 0.0204861200086593 0.013794596 0.0045519234 0.963279202830757 0.009000854899147209  7.75 
52 0.015350855 0.0053394865 0.9519099053288408 0.018566684619593658 0.011239815 0.003095966 0.9670648412086095 0.01035861955154785  7.7 
53 0.015135885 0.0056881877 0.9527113762747038 0.019560189404776634 0.011151511 0.004188256 0.9669596351372703 0.013395402321030883  7.65 
54 0.014881674 0.005025642 0.953371846225885 0.017677807875285605 0.010801584 0.0034350583 0.9672841543030857 0.012182719281419068  7.6 
55 0.014562198 0.0052597253 0.9543359337464011 0.01848573224602763 0.011542531 0.0038148188 0.9647193291479788 0.014507834118474222  7.55 
56 0.014984576 0.0054970062 0.9532577281401365 0.018390595879783225 0.009950007 0.0021550283 0.9714058989786475 0.00739238914181414  7.5 
57 0.014656604 0.0053921845 0.9541769861440791 0.01875691829561691 0.012747824 0.0048720757 0.9648401118849641 0.013747344694686078  7.44 
58 0.014466204 0.0051958147 0.9548101856134552 0.018001128052430457 0.011188492 0.0027329552 0.9666021188715755 0.008424382290175765  7.39 
59 0.014183396 0.005244938 0.9558777772161702 0.018113559853479805 0.010156831 0.002338011 0.9694293472645944 0.008748093088790303  7.34 
60 0.014246243 0.0052177347 0.9555236370814925 0.01805945364353556 0.012206747 0.004269066 0.9645665824573048 0.012849277661007122  7.29 
61 0.014182196 0.005281275 0.9556243472820785 0.018362633017981293 0.009577882 0.0030429547 0.9714495613261273 0.010436537583714694  7.23 
62 0.013933835 0.004863019 0.956585595144658 0.016779445965725052 0.010514611 0.0028876166 0.9688010831186775 0.009279898572357002  7.18 
63 0.013831736 0.004963357 0.9569453306719486 0.017004030779532622 0.011046963 0.003229134 0.9666009267798169 0.010961524370290627  7.13 
64 0.013730981 0.0047007357 0.9572199672508552 0.016392665771422406 0.010206956 0.0032996575 0.9713108177399784 0.009945946353138804  7.08 
65 0.013798377 0.0049210973 0.9569616667159396 0.01699996672380999 0.010531079 0.0027349032 0.9679389146751584 0.009730249293575166  7.03 
66 0.013354818 0.0044217003 0.9585517134173264 0.015151876469156765 0.010293195 0.0024881882 0.9707621694289816 0.006922250442900819  6.98 
67 0.01336365 0.004809302 0.958386849225188 0.016632738200065778 0.01102239 0.004172298 0.967725562039475 0.012758300933069835  6.93 
68 0.013448599 0.0048790975 0.9582138017522795 0.0168201978951738 0.0094006555 0.0024603375 0.9724268699389745 0.00807098052653332  6.87 
69 0.0134517 0.0050176587 0.9581606050867032 0.01739171689618186 0.0090075005 0.0019220493 0.9742311405520689 0.006334825894628644  6.83 
70 0.013253606 0.0046269693 0.9587472645308833 0.016105437790476615 0.010557813 0.0029687756 0.9689010757753921 0.010735792649490532  6.77 
71 0.013235594 0.0044694645 0.9588584346213964 0.01557738419003688 0.01100892 0.0033963674 0.9685284914698682 0.010775045859295064  6.72 
72 0.012977715 0.004581464 0.9596843295246795 0.016023230891221093 0.009592947 0.0025608905 0.9707747738125099 0.009432373507778116  6.67 
73 0.012998474 0.004430547 0.9596177173445536 0.015195832680401632 0.010579755 0.0026764288 0.9689504442687566 0.008685488919215455  6.62 
74 0.012968644 0.0044212583 0.9596495090012465 0.01536876720177834 0.009640826 0.0024913517 0.9736587457732401 0.00809992441888969  6.57 
75 0.01273579 0.004554258 0.9605118800049973 0.015686175603984547 0.0093209725 0.0029624044 0.9718788256211355 0.01043211142845277  6.52 
76 0.012991109 0.004681311 0.9595906635373463 0.016128574385579294 0.009000603 0.002623046 0.9731721180228061 0.009065641276063517  6.47 
77 0.012729531 0.0043005208 0.9604692630107278 0.014807071352254196 0.00978456 0.0024803923 0.9708089471095909 0.008410824593967843  6.42 
78 0.012648701 0.0045561506 0.9607450584935585 0.01576540742583729 0.010096063 0.0026793845 0.969891529186698 0.00894842655553624  6.36 
79 0.012480798 0.004201936 0.9613558100168131 0.014325593067342615 0.00940513 0.0026870666 0.9720513928241162 0.008943064949982373  6.31 
80 0.012477653 0.004278802 0.9612938166677315 0.014759866196687387 0.009111796 0.0023946855 0.9738707314770398 0.007398288058601999  6.26 
81 0.01222849 0.004189633 0.962164878306505 0.014431827107373094 0.009130352 0.00295371 0.9730528611632717 0.009577943595893845  6.21 
82 0.012283344 0.004178681 0.9619838634644857 0.014430731550548796 0.012084781 0.0043872735 0.9674177957365077 0.014506167679159448  6.16 
83 0.012383374 0.004180759 0.9616526504014488 0.014458221039545086 0.008710443 0.002095781 0.9748701971020408 0.006929013628244076  6.11 
84 0.012185962 0.0042647948 0.9621607042687376 0.014898911148688227 0.009630467 0.0034625102 0.971541543126224 0.010218183053143847  6.06 
85 0.012165174 0.0040497924 0.9622942750031711 0.01400963560680742 0.009331543 0.0026000096 0.9723125721811561 0.008736636776281871  6.0 
86 0.01214263 0.004140333 0.9623729622145057 0.014319486979537567 0.009276527 0.0024621594 0.9723450447606614 0.008301320158311037  5.95 
87 0.012032588 0.004181037 0.9626408643332823 0.014606454901888758 0.008869102 0.0023839253 0.973681856458801 0.007912403692249851  5.9 
88 0.011991565 0.004067848 0.9629247645141938 0.014065891290872967 0.009376714 0.002876619 0.9720169334250132 0.010338365460238877  5.85 
89 0.011727787 0.003978382 0.9638313462912118 0.013560060416862006 0.009016636 0.002123464 0.9730486014220542 0.007218511602289587  5.8 
90 0.0118989535 0.004124198 0.9632688956557315 0.014125315903008674 0.008639569 0.002157761 0.9740049769036195 0.007577659645166073  5.74 
91 0.011729329 0.0039580986 0.9637643534046618 0.013684866291146092 0.009165218 0.0028924758 0.9736577762052764 0.009036127198851333  5.69 
92 0.01205807 0.0042670867 0.9627603596111683 0.014678689854073567 0.008245671 0.0019401897 0.97566198444813 0.006710513979416654  5.64 
93 0.011660132 0.0039613885 0.9639996437076152 0.013708806636653218 0.0088594025 0.0018390616 0.9741671808555786 0.006240206927659451  5.59 
94 0.011713578 0.00397183 0.9637460344829231 0.013842402153354751 0.009174991 0.0025365404 0.9739595979440072 0.007196398477545629  5.53 
95 0.011696266 0.0040873108 0.9639193024451234 0.014051190914491992 0.008855381 0.002600346 0.9742251641987189 0.008685114041487696  5.48 
96 0.01163166 0.004081579 0.9641333349863671 0.013907714991527525 0.010959219 0.0034578496 0.9694486432565277 0.011037995662888477  5.43 
97 0.011608109 0.0040098946 0.9641232870833519 0.013875229562542304 0.010232695 0.0040401444 0.97017190916833 0.014206584400856885  5.38 
98 0.011622811 0.0039054984 0.9640712302482316 0.013544690135402958 0.008825725 0.00226257 0.9736996901515099 0.00796013618035565  5.33 
99 0.011426534 0.0038940434 0.9647369278555605 0.01331276560302568 0.00875724 0.0018745016 0.9745890700762398 0.006552523391578602  5.27 
100 0.0112325 0.0037683037 0.9654230363626133 0.012778656365876152 0.012123598 0.004885216 0.9648026007309588 0.014769160842153174  5.22 
101 0.011599877 0.0042141546 0.9641710096635725 0.014539055700523022 0.008379599 0.0016215531 0.9762315499958514 0.005400214840582008  5.17 
102 0.011223291 0.003863135 0.9654167184670273 0.013264978511003032 0.008225319 0.0015531767 0.9752600428962298 0.005432657327009297  5.12 
103 0.011343249 0.0038536687 0.9649634680142708 0.013317726185462148 0.00927414 0.003126814 0.9728277465555699 0.010369009476862567  5.06 
104 0.011155658 0.0037917248 0.965619749431849 0.012911003391260433 0.008517101 0.002480739 0.9745791677673649 0.008795146924273899  5.01 
105 0.011006789 0.0036217752 0.9660927104065795 0.012406101157101147 0.008579244 0.0018587662 0.9750028371783855 0.006006950940952841  4.96 
106 0.011024623 0.0035342458 0.9659617374785067 0.012271114285497124 0.008177097 0.0021242492 0.9757987888983515 0.007222137347781502  4.91 
107 0.01101181 0.0035595724 0.9660565959390679 0.012364720504269082 0.0088336235 0.0022774602 0.9750882545265314 0.007666030533908745  4.85 
108 0.011049979 0.0036205703 0.9659240277061197 0.012401435257410973 0.008187991 0.0023420453 0.9756912940108357 0.007743881002266688  4.8 
109 0.010900791 0.0034316548 0.9663489006529802 0.011890764225336931 0.0083364565 0.0023384194 0.9755239720115928 0.007160250907477005  4.75 
110 0.011030996 0.00356694 0.9660276187633335 0.012266833905727196 0.00859041 0.0022382345 0.9746276302709925 0.00818597319543312  4.7 
111 0.011233 0.004365053 0.9657132849566602 0.013666264216970217 0.008620292 0.0019921386 0.9746822439680953 0.00682192680319007  4.65 
112 0.011140378 0.003511515 0.9656831778686734 0.012063405185701835 0.008506511 0.0018865125 0.9747112197451084 0.006331379490606885  4.59 
113 0.010988167 0.0035186238 0.9661058230344551 0.012205208909746778 0.008826088 0.0030591995 0.9741186388791667 0.009711736617879742  4.54 
114 0.010885237 0.0036800706 0.9665395689586936 0.012613470600639295 0.008555159 0.0019546996 0.9749408643014927 0.006662761946281942  4.49 
115 0.010728199 0.003388586 0.9670128892775638 0.011721097093882157 0.008330875 0.0019957956 0.9752407151151828 0.007016729678815545  4.44 
116 0.010801543 0.0036656167 0.9667477802774616 0.012593275552085349 0.008909331 0.0023113296 0.9742012905744324 0.008114849141782995  4.38 
117 0.010799553 0.0035928816 0.9668489451895282 0.012256946744661086 0.008620375 0.0021512841 0.975642799718094 0.00743614267954729  4.33 
118 0.010522794 0.003401766 0.9676407977668783 0.011795940510707188 0.007918487 0.0018710914 0.9770697653423004 0.0060839601187651264  4.28 
119 0.010701928 0.0035976274 0.9670564675746273 0.012231933500890862 0.008472471 0.0021567796 0.9751532314746556 0.007126246828872981  4.23 
120 0.01050126 0.0033292014 0.9676640620574358 0.011551334252184728 0.007893687 0.0018384235 0.9769497137549269 0.006767357559269313  4.17 
121 0.010339887 0.0032017448 0.9682131444805675 0.010965064124262767 0.007165559 0.001231327 0.9791090846610853 0.004081677419841537  4.12 
122 0.0105858855 0.0034762989 0.9674706097883132 0.011857905984096636 0.008430421 0.0023926715 0.9750439881858939 0.008260468044799463  4.07 
123 0.010325975 0.003184566 0.9683360935820642 0.010922236833569885 0.007675874 0.0014120297 0.9775531506031508 0.004570444349005597  4.02 
124 0.010547249 0.0034168249 0.967575693153674 0.011683034645681163 0.008602328 0.0024934744 0.9747935535492387 0.008528089058252326  3.97 
125 0.01048627 0.0035905044 0.9678616647132258 0.012227754762073148 0.008183223 0.0017610779 0.9762914406858058 0.005787602436313061  3.91 
126 0.01063302 0.003562316 0.9673696729949255 0.012065830819362931 0.008882175 0.002580558 0.9745592995713874 0.008234372354270327  3.86 
127 0.010368032 0.0034592608 0.9682456166786034 0.011792613838226697 0.008041535 0.002341892 0.9764205044868743 0.007550733022038824  3.81 
128 0.010401625 0.0033213024 0.9680598929787703 0.011542101887187517 0.009373535 0.0036521952 0.9723240003674822 0.011922831547208572  3.76 
129 0.010334045 0.0034551588 0.9683227078221247 0.011852267265435859 0.008961512 0.003659031 0.9735952311243398 0.011191100110560728  3.7 
130 0.010232396 0.0032851328 0.9686064248977424 0.011337845321934015 0.008257023 0.002001326 0.9754008209856468 0.006860737572793285  3.65 
131 0.010389674 0.0033783335 0.9680910712327278 0.011597516317043841 0.008053304 0.0022424797 0.9766120497906529 0.007487965497699746  3.6 
132 0.010332329 0.0033760553 0.9683145214895996 0.011574191587117666 0.008047416 0.0019778486 0.976352618834859 0.007053354244859709  3.54 
133 0.010364272 0.00323412 0.9682234380498523 0.011010628625804632 0.0077695646 0.0016770669 0.9774546679293301 0.005564186338872584  3.49 
134 0.01027946 0.0033090438 0.9685113657842961 0.011366841946532433 0.0075337244 0.0015957517 0.9781641214712893 0.005298592745190473  3.44 
135 0.010220441 0.0035222168 0.968689813337504 0.01198745056787351 0.007729134 0.001704496 0.9777830017887735 0.005485323840723524  3.38 
136 0.010233339 0.0032856353 0.9686270616273293 0.011237492410410332 0.008311159 0.0022783394 0.9751881836050189 0.007946233270430562  3.33 
137 0.010277645 0.003181325 0.9684862300050449 0.01086028254511602 0.0076540103 0.002148474 0.977526892795347 0.006935598409564378  3.28 
138 0.010070947 0.0032837759 0.9691038769685012 0.011315453231867062 0.008624879 0.0029275103 0.9745032235750609 0.009927806045954633  3.23 
139 0.010226311 0.003347358 0.9686337144530158 0.011394479944373745 0.0077136564 0.0024623498 0.9774689412413202 0.008855659230720523  3.17 
140 0.0098084835 0.0030244885 0.9700727557442133 0.010324175472560336 0.00797857 0.0022094601 0.9763654934258524 0.008233680661604929  3.12 
141 0.00999489 0.0031647522 0.969418789845667 0.010975193387755669 0.008145148 0.002215752 0.9771032710679965 0.006453403024831455  3.07 
142 0.0098479865 0.0029348657 0.9699185536207642 0.01005724051758552 0.008272522 0.0018866293 0.9754719650218026 0.006338794479688799  3.02 
143 0.009994495 0.0030882116 0.9693657747595072 0.010717712014426136 0.008112512 0.0019937826 0.9766002560295207 0.006251509777188563  2.97 
144 0.009798825 0.0032197742 0.9701050387334453 0.010861905575087104 0.008356821 0.0022406937 0.9757354490895758 0.0072528053948770635  2.91 
145 0.009597133 0.0032343061 0.9707898502446649 0.010604714605687389 0.0075921277 0.0015551177 0.977900732770857 0.004963723112163245  2.86 
146 0.009738202 0.0031124763 0.9702293519693834 0.010692210058698389 0.0078177815 0.0018582753 0.9775800918768962 0.005791185601986934  2.81 
147 0.009871953 0.0031133185 0.9698690839108621 0.010502151809592537 0.007464115 0.0024288932 0.978528488290957 0.007319347840527192  2.76 
148 0.009758765 0.0029110021 0.9703945732168453 0.009633809698951931 0.0075554084 0.0017906744 0.9786689325946815 0.00548653338733541  2.71 
149 0.009684972 0.0028937121 0.9704595267681819 0.009944103009882067 0.00756496 0.0018251985 0.9781833379904387 0.005731511582815188  2.65 
150 0.009918865 0.0033486616 0.9696880622023942 0.011378761596525908 0.007825916 0.0016848666 0.9784075466084036 0.005313772195663221  2.6 
151 0.0097779855 0.0030747573 0.9701807298844051 0.010462699823936985 0.007712885 0.002033243 0.9775943175052159 0.007042509889706336  2.55 
152 0.009941453 0.0032313354 0.9696147743084199 0.011057385360290994 0.008070194 0.0021402005 0.97715387933679 0.0068723966443764465  2.5 
153 0.009752501 0.003006586 0.9702550248574973 0.010267828104047192 0.0077555045 0.0017339222 0.9768702091819039 0.006777822234152811  2.44 
154 0.009738143 0.0030358573 0.9702149392939192 0.010396515147517346 0.007570039 0.0014090203 0.9784225828591192 0.00461861899093985  2.39 
155 0.009769672 0.0030234281 0.97014484506145 0.010306720149190325 0.008392096 0.0029973194 0.9757185849648302 0.009786479170435045  2.34 
156 0.009613551 0.0030202258 0.970734656968444 0.010258089276679616 0.007841625 0.0022597474 0.9774625675240508 0.007525012586367342  2.29 
157 0.009763839 0.003076631 0.970203081700247 0.010542265591129554 0.007886278 0.0025943404 0.9772795417027076 0.007753286331525605  2.24 
158 0.009643846 0.0028912358 0.9705558187906085 0.009880778236327032 0.007619498 0.0019461093 0.9784922487014942 0.006010220686944933  2.18 
159 0.009561448 0.0028967136 0.9708664103828331 0.009918806628072485 0.007246793 0.0018124231 0.9788735432241344 0.006058068485991434  2.13 
160 0.009768377 0.003704825 0.9702354447980455 0.01244248099745543 0.007488713 0.0016962958 0.9786407356509504 0.005316492265856944  2.08 
161 0.009762499 0.0031889123 0.9702058793965536 0.010804394405355914 0.0075749746 0.002268446 0.9774212575709748 0.008463518506160454  2.03 
162 0.0096096955 0.0028213295 0.9707347752239465 0.00958344408768548 0.007095364 0.0017521349 0.979669304209419 0.0057167860655795094  1.98 
163 0.009632737 0.0031016944 0.9706979939479886 0.01034174601205683 0.007322668 0.0011992062 0.9788763247715714 0.0037689283474402493  1.92 
164 0.009444777 0.002853926 0.9712710532464472 0.009782550623722429 0.0071830507 0.0011789328 0.979497134370358 0.003771975380214119  1.87 
165 0.009406317 0.0029107756 0.9713671461418666 0.009946238734342954 0.0075054313 0.001934408 0.9796505327378597 0.006350328085235613  1.82 
166 0.009514777 0.002946999 0.9709940538463079 0.010102896640326889 0.007034438 0.0018041364 0.9798317624742866 0.00592546303824895  1.77 
167 0.009534495 0.0029063916 0.9709664354644437 0.009894931184694138 0.007627405 0.0016064075 0.9781285017695411 0.005250831144732824  1.72 
168 0.009549521 0.0031195772 0.9708576381133669 0.01082193819772767 0.0078846235 0.0021953767 0.977200736490183 0.006271300840323815  1.66 
169 0.009365544 0.0029147929 0.9715315121350173 0.009866122767594295 0.007546993 0.0015913659 0.9782674996685985 0.006404468002903267  1.61 
170 0.00927212 0.0027383838 0.9717895776848052 0.009393252434988909 0.007259952 0.0024260518 0.9790531993994401 0.007698015124481497  1.56 
171 0.009470256 0.003092214 0.9712062957703631 0.010468143143979484 0.0074658897 0.0017408103 0.9786356176036667 0.005421723005912004  1.51 
172 0.009241332 0.0028105038 0.9718644799571228 0.00953440591248456 0.0074238605 0.0017447462 0.9788876099068865 0.005470026845771747  1.46 
173 0.009317749 0.0028765586 0.9717496027473423 0.009597048606645498 0.007927227 0.0019756516 0.9785465127183476 0.005420182466881975  1.4 
174 0.009475456 0.0030721815 0.9712103706260962 0.010123705767892208 0.007094444 0.0016375089 0.9792328237856319 0.005437161257833945  1.35 
175 0.009303425 0.0028465765 0.9717116862185611 0.009777313763492036 0.007370355 0.0018637314 0.9787552400380072 0.005964565796594807  1.3 
176 0.009274088 0.0028105027 0.971782623498322 0.009563534087953891 0.0068723727 0.0010351465 0.9804009147635319 0.0032998553593859372  1.25 
177 0.009325704 0.0029188893 0.9716460704364105 0.009846268782063109 0.0074681896 0.001529777 0.9785015788063252 0.005250069676297193  1.2 
178 0.009451216 0.0038979128 0.9712883216015609 0.012646547265532191 0.0069554765 0.0017291371 0.9798068239146958 0.005719037719405331  1.14 
179 0.009312079 0.0028278048 0.9716322848965788 0.009826026654260606 0.0073055555 0.0014507994 0.9791164915245454 0.004984440794097178  1.09 
180 0.00932781 0.002855598 0.9717068011219013 0.009627479159462165 0.00707237 0.0015446116 0.9800886661955519 0.004707440573939149  1.04 
181 0.009261844 0.0029331415 0.9718504937644066 0.010001284533270417 0.0072457395 0.0018918545 0.979213162218893 0.0064252597614302305  0.99 
182 0.00899988 0.0027584052 0.972699623203637 0.009429812144923616 0.0070096306 0.0017320791 0.9804291752854901 0.005607326335548039  0.94 
183 0.009260515 0.0028745874 0.9718641007765761 0.00979431448107057 0.0072301924 0.0018202966 0.9791255037382408 0.006332258469935964  0.88 
184 0.009184612 0.0030863276 0.9721464598212626 0.010160803095134082 0.008421859 0.0018567212 0.9755880111808671 0.006732803654618437  0.83 
185 0.009334731 0.0028392412 0.971624898886777 0.009710098037608918 0.0069576344 0.0014542049 0.9802160451736021 0.0044116854186311925  0.78 
186 0.009131209 0.002779006 0.9723161763036955 0.009397184727323822 0.0071105403 0.0018494515 0.9796774581170482 0.006023346932145667  0.73 
187 0.009058524 0.0028864662 0.9725103533646073 0.00975101999518199 0.007213243 0.0014517588 0.979225909653432 0.004657682207304924  0.68 
188 0.009182713 0.0034987526 0.9721816885169141 0.01108637719653149 0.0073581887 0.0014295625 0.9788320107472634 0.004717892520710484  0.62 
189 0.009207489 0.002861974 0.9720700377750036 0.009822055187934244 0.0073537114 0.00179198 0.9787195090743613 0.0064596315849357435  0.57 
190 0.009103815 0.0027832226 0.9723678943940216 0.009508077573927605 0.007366265 0.0018447967 0.9787035827284659 0.00573384152241147  0.52 
191 0.009099409 0.0027087869 0.972341556223339 0.00924362121961112 0.007144659 0.0015984937 0.9792828757449382 0.005402163239053142  0.47 
192 0.009228941 0.0028838771 0.9719680038757288 0.00980737151541411 0.0067136446 0.0015767181 0.9806003596620309 0.005340409066701004  0.42 
193 0.009234108 0.0028968914 0.9719825149702883 0.009828766059572221 0.0068851584 0.0022664429 0.9799771181960568 0.0079164566155043  0.36 
194 0.009105811 0.00279587 0.9723197422792986 0.00958251287989346 0.0067396676 0.0013271229 0.980700606631654 0.004617571583784474  0.31 
195 0.008969479 0.0026189238 0.9728861251009703 0.00887935138684504 0.0073052146 0.001650021 0.9788284185774306 0.005771716900348834  0.26 
196 0.009152112 0.00332441 0.9722559644165379 0.010965171773231568 0.0070629073 0.0016177151 0.9794068691823935 0.005971043154494104  0.21 
197 0.009435859 0.0037290552 0.9716115680584259 0.010929022184772676 0.0071272203 0.0009801207 0.9797043517071231 0.0031223822405255564  0.16 
198 0.009078079 0.0027373729 0.9724946284345357 0.009295334892891326 0.007386758 0.0020650432 0.9787864569475268 0.006869199079320996  0.1 
199 0.008997525 0.0027209527 0.9726681916540226 0.009394965159314171 0.0072763935 0.0017988955 0.9787221793599008 0.006985874125097747  0.05 
