0 0.20875236 4.7115307 0.009651594 145.10037 0.02013685 0.0054235 0.010514911 0.03697492  1.34 
1 0.029748783 0.057410628 0.007805503 1.4763196 0.019954488 0.0040371777 0.009314331 0.028290516  1.33 
2 0.022163711 0.006435067 0.007369992 0.09735268 0.021746816 0.0044549187 0.013294324 0.030357137  1.31 
3 0.021289878 0.005112309 0.0073010894 0.06812273 0.02128752 0.0046037673 0.0094457045 0.033450674  1.3 
4 0.021283654 0.0048054247 0.008001506 0.037957974 0.02051719 0.0047780285 0.010211535 0.030908937  1.3 
5 0.021051649 0.004908633 0.006322746 0.041421168 0.022763027 0.0054252814 0.008565035 0.033094384  1.28 
6 0.021096414 0.004795069 0.00722607 0.035588577 0.020588377 0.0042717108 0.013720462 0.028159365  1.27 
7 0.021174772 0.004912783 0.00814526 0.038512178 0.02264216 0.005793348 0.01008982 0.03885372  1.26 
8 0.020886 0.005016668 0.0074898703 0.039130554 0.021524748 0.0063587264 0.010110651 0.038293853  1.24 
9 0.020281425 0.0048644347 0.0078083156 0.03851671 0.022182375 0.0049341307 0.012304551 0.032378353  1.23 
10 0.02010489 0.0046755024 0.005935789 0.038142 0.02068793 0.005539382 0.009394217 0.035101075  1.22 
11 0.01922425 0.004662877 0.0072611864 0.03788165 0.02141341 0.0056120567 0.0098279435 0.036414698  1.21 
12 0.01828604 0.0046477285 0.0060287137 0.03445728 0.019729406 0.005374282 0.009856444 0.031334575  1.19 
13 0.01804285 0.004601417 0.004706132 0.03468997 0.019362627 0.0058282088 0.00758407 0.03107993  1.18 
14 0.017654251 0.0044519133 0.0054022064 0.035587706 0.02065156 0.0041336473 0.014745915 0.036498137  1.17 
15 0.017233437 0.0043713814 0.005175 0.031761616 0.01809502 0.0052343183 0.008233999 0.0327443  1.15 
16 0.01682874 0.0045859055 0.0059224777 0.031495232 0.01791364 0.00459624 0.009585133 0.025616802  1.14 
17 0.015955765 0.0044328044 0.0044296 0.03601639 0.01674862 0.0043651685 0.008031218 0.024704222  1.13 
18 0.014824016 0.0042777653 0.0048265676 0.031678 0.01630695 0.004644363 0.00676568 0.025349524  1.11 
19 0.013900321 0.004011036 0.0028170247 0.03288721 0.018382 0.0044772243 0.0067426153 0.030071046  1.1 
20 0.01327196 0.003967725 0.0041606496 0.028844276 0.018516582 0.0054530273 0.008570371 0.034083117  1.08 
21 0.012234148 0.003730221 0.0025333064 0.026947238 0.017241346 0.0038810864 0.009701155 0.027498608  1.07 
22 0.011665473 0.0036910793 0.0031372532 0.029108256 0.018026074 0.005557365 0.008110252 0.03037341  1.06 
23 0.011109902 0.0034290564 0.002450191 0.023577947 0.018040968 0.0045525646 0.009464111 0.029609017  1.04 
24 0.010705432 0.0033598451 0.002824351 0.024586651 0.01705945 0.00479377 0.006563572 0.028244667  1.03 
25 0.0101370895 0.0034115133 0.0027765734 0.027932078 0.016450182 0.0053226626 0.00738562 0.027650606  1.02 
26 0.009604753 0.0031316432 0.002450526 0.023122761 0.016396722 0.0053846957 0.0051857843 0.027528131  1.0 
27 0.009300281 0.0029584062 0.0027742255 0.022257727 0.017707475 0.005420088 0.0065298434 0.03236152  0.99 
28 0.008883019 0.0030391836 0.0022996191 0.024690138 0.016649175 0.0044112275 0.0053087417 0.028013749  0.97 
29 0.008405015 0.0029081863 0.0015407567 0.020420313 0.019247284 0.004829072 0.010282127 0.029192258  0.96 
30 0.008128266 0.0028172585 0.0019927407 0.016981127 0.017651832 0.0045158314 0.007617403 0.026445039  0.95 
31 0.007926641 0.0027921426 0.002144161 0.017096696 0.018264703 0.0056305407 0.0059002265 0.0335828  0.93 
32 0.007606179 0.0027396693 0.0016176725 0.018699687 0.016940385 0.004339368 0.007743584 0.02561869  0.92 
33 0.0074143484 0.0026565546 0.0018611145 0.022016982 0.016889365 0.004546918 0.00929158 0.025798699  0.91 
34 0.0072712786 0.0026711263 0.0019633502 0.020741161 0.018763585 0.004811474 0.010682297 0.031838343  0.89 
35 0.007240538 0.0025964268 0.0017392944 0.017590627 0.018204525 0.0058985637 0.0062752054 0.031119648  0.88 
36 0.0069966926 0.0025365634 0.0014865636 0.018697355 0.016748786 0.0060628476 0.009705423 0.037582383  0.87 
37 0.00685532 0.0025078033 0.0016157539 0.020926373 0.017560193 0.00568198 0.0050755064 0.031070676  0.85 
38 0.006493835 0.0022798304 0.0013507362 0.017397434 0.017882803 0.004676172 0.009853049 0.0297767  0.84 
39 0.0066123996 0.0023626643 0.0015564243 0.015179181 0.01853579 0.0050353203 0.009793217 0.03021355  0.83 
40 0.0063805557 0.0023796943 0.0015791273 0.015507533 0.018267857 0.0054622022 0.008366401 0.030833287  0.81 
41 0.0062460136 0.002306291 0.0016031598 0.024049595 0.017332159 0.005010218 0.0078105857 0.027938649  0.8 
42 0.006244373 0.0023699068 0.0013623569 0.017795514 0.017731816 0.005769411 0.008179398 0.031010438  0.79 
43 0.0061418856 0.0022015802 0.0012863531 0.016255379 0.018204346 0.004243932 0.012623139 0.030495869  0.77 
44 0.0060010976 0.0021957343 0.0012057184 0.01477919 0.017396105 0.005256068 0.008887794 0.028774882  0.76 
45 0.005921504 0.0023004229 0.0017504696 0.01501314 0.018779023 0.0045492705 0.0093186535 0.027317379  0.75 
46 0.0058562597 0.002182621 0.0014118608 0.020319227 0.017907511 0.005345358 0.007259872 0.034639444  0.73 
47 0.0057470715 0.0021499274 0.0014072314 0.017028712 0.017898336 0.0051010856 0.0073991716 0.026392229  0.72 
48 0.005673626 0.0020785409 0.0013100419 0.015516823 0.017532747 0.0052640517 0.008986595 0.0309087  0.71 
49 0.0057223085 0.0021393816 0.001499355 0.015301367 0.016750235 0.0053136013 0.00871119 0.02965587  0.69 
50 0.0056136674 0.0020154496 0.0011066068 0.015787803 0.016856851 0.004189587 0.009783041 0.0241924  0.68 
51 0.005451114 0.002021444 0.0013632746 0.014104399 0.015938826 0.004003303 0.008674582 0.024250505  0.67 
52 0.00537235 0.0019203108 0.001058628 0.015543768 0.016954537 0.0052008783 0.0066448636 0.03182445  0.65 
53 0.005347319 0.0019803047 0.0010082024 0.014502311 0.01774849 0.004948889 0.0066947537 0.033123985  0.64 
54 0.0053806705 0.0020208256 0.0011308193 0.015659563 0.01560235 0.0043449206 0.008121057 0.025282174  0.62 
55 0.0053156056 0.0020293605 0.0013919997 0.013879163 0.017337149 0.0054873703 0.008337884 0.03410797  0.61 
56 0.0053537707 0.0020730863 0.001393396 0.016603235 0.018159207 0.0054726205 0.006398695 0.029144574  0.59 
57 0.0052047092 0.0019805671 0.0013213097 0.015221085 0.01787422 0.0056321505 0.008269477 0.031073257  0.58 
58 0.0052392557 0.001970337 0.0011475456 0.013896039 0.017615499 0.0050307307 0.008946545 0.028799064  0.57 
59 0.005159019 0.0018936662 0.0013177224 0.015502421 0.01802499 0.0052936845 0.008603476 0.03222891  0.55 
60 0.0052169636 0.0020111618 0.0014627725 0.015911343 0.016369192 0.0049772463 0.002986937 0.029761415  0.54 
61 0.0051190574 0.0019410033 0.0011313484 0.015938338 0.018799087 0.0051652333 0.010979927 0.031888716  0.53 
62 0.0051309164 0.0018923484 0.0014615873 0.014712596 0.01649008 0.0047114086 0.0055613983 0.025049625  0.51 
63 0.0050153825 0.0018702945 0.001263187 0.014375702 0.016825348 0.0051679597 0.0083499625 0.026392177  0.5 
64 0.005089148 0.0019144696 0.0014700899 0.015563083 0.017976867 0.005314305 0.003420863 0.029847775  0.49 
65 0.0049738428 0.0019064866 0.0013123563 0.014837155 0.017064337 0.005327159 0.008082988 0.03111394  0.47 
66 0.0050427467 0.0019342885 0.0012652508 0.012583513 0.016204301 0.004999498 0.0071155736 0.027652558  0.46 
67 0.0049859863 0.0018673775 0.0013149852 0.012871575 0.01683881 0.0045213643 0.008672207 0.027285941  0.45 
68 0.0049126316 0.0019016741 0.0011813907 0.014285281 0.017078776 0.0052928836 0.009613225 0.03131608  0.43 
69 0.004929576 0.0019765308 0.001326493 0.014912816 0.014337249 0.0050418447 0.0037432248 0.02730772  0.42 
70 0.004810746 0.0018568101 0.00092003314 0.013268397 0.017202282 0.0036749663 0.00907382 0.023195188  0.41 
71 0.0049795625 0.0018522253 0.001392724 0.013627332 0.018262 0.0056914953 0.009383024 0.034062006  0.39 
72 0.004911246 0.00186592 0.0012158847 0.015441444 0.015129623 0.004212868 0.0069428273 0.023505585  0.38 
73 0.0047389916 0.0018000496 0.0007594569 0.014622658 0.01758376 0.0051939604 0.008775975 0.029157396  0.37 
74 0.0047642626 0.0017918132 0.0010511506 0.016975565 0.016809741 0.004399587 0.008609351 0.027294807  0.35 
75 0.0049454384 0.0018510557 0.0013906301 0.013880519 0.016610574 0.0044445377 0.008361151 0.028111503  0.34 
76 0.004790822 0.0018236584 0.001427425 0.012856636 0.018303564 0.0046713958 0.0081225205 0.027464664  0.33 
77 0.0047627944 0.0017426929 0.0011632885 0.011789186 0.015426472 0.004503678 0.008407008 0.026505858  0.31 
78 0.00478796 0.0018587965 0.0010016625 0.01260151 0.017222473 0.005109148 0.007319552 0.030011872  0.3 
79 0.0046772836 0.0018081078 0.0014620569 0.012772183 0.01694913 0.005188601 0.008128214 0.028504655  0.29 
80 0.0047295135 0.0017277165 0.0009144637 0.01432908 0.01688166 0.0048603467 0.0089207385 0.028114874  0.27 
81 0.0047826245 0.0018364926 0.0010866214 0.012957947 0.017476913 0.0058267307 0.010628654 0.034695297  0.26 
82 0.00461041 0.001717556 0.001363422 0.012394678 0.017806293 0.005307648 0.007427914 0.029046025  0.24 
83 0.004653347 0.0017928791 0.0009638384 0.011408458 0.01542954 0.004582014 0.0048441365 0.026102467  0.23 
84 0.004636545 0.001754928 0.0009906992 0.0165365 0.017785374 0.004305721 0.009523496 0.02992957  0.22 
85 0.0046598827 0.0017991276 0.00097106514 0.012123605 0.01619491 0.005075915 0.007984855 0.027608093  0.2 
86 0.004568253 0.0018270323 0.0009906768 0.013357185 0.016725803 0.0045978674 0.007861981 0.029207617  0.19 
87 0.0046116416 0.0016986105 0.0009547025 0.011600275 0.015207925 0.004353904 0.007851075 0.027201885  0.18 
88 0.004560819 0.0017407907 0.0009256606 0.012132928 0.01768588 0.004551952 0.0060357917 0.027064104  0.16 
89 0.0046522156 0.0018153962 0.00094152836 0.01334332 0.015607415 0.004760046 0.007494507 0.026891083  0.15 
90 0.0045754476 0.00179157 0.0010568418 0.013359445 0.016034564 0.0045696683 0.006844841 0.028331773  0.14 
91 0.004566719 0.0017661238 0.0010838157 0.012448289 0.017330008 0.004314949 0.007870114 0.025803324  0.12 
92 0.004634376 0.0018030555 0.0013424715 0.012204366 0.016668392 0.004302584 0.008738603 0.026967064  0.11 
93 0.0045708744 0.0017723812 0.0012741663 0.011950913 0.016413277 0.005224144 0.0055267783 0.026005032  0.1 
94 0.0046819462 0.0017394479 0.0010070506 0.012645308 0.01778452 0.0050192224 0.00648235 0.027886625  0.08 
95 0.00454648 0.0017489028 0.0011063322 0.016050125 0.014606137 0.003675252 0.008126092 0.023063846  0.07 
96 0.004597932 0.0018096983 0.0008538818 0.015048779 0.016316202 0.0042603747 0.00843316 0.026043542  0.06 
97 0.00456638 0.0018194116 0.0013609185 0.0145126665 0.01668136 0.0042490144 0.008435337 0.026640013  0.04 
98 0.004430907 0.0017230375 0.00072987855 0.0124261975 0.015803257 0.004318778 0.0071808086 0.025139716  0.03 
99 0.004541123 0.001786839 0.0010337471 0.012512031 0.015321317 0.004381848 0.00549483 0.02716985  0.01 
