0 0.26381668 0.050171368 50.42794585987261 0.24995255 0.0022286673 50.87890625  0.09 
1 0.250123 0.0027916988 50.74641719745223 0.25156382 0.003236951 48.6328125  0.09 
2 0.2425877 0.01848007 54.59792993630573 0.19240934 0.014394489 67.28515625  0.08 
3 0.17012729 0.014910397 67.96377388535032 0.1746513 0.014965705 65.0390625  0.08 
4 0.16815807 0.014646947 66.58041401273886 0.17576343 0.015264974 66.69921875  0.08 
5 0.16639093 0.016055126 67.68511146496816 0.1734803 0.0121170115 65.72265625  0.08 
6 0.16784284 0.015447632 67.88415605095541 0.16673079 0.015924312 68.26171875  0.08 
7 0.15534042 0.01915707 74.20382165605096 0.14887455 0.022003353 78.02734375  0.08 
8 0.11251569 0.025997693 83.43949044585987 0.09992944 0.018761314 84.375  0.08 
9 0.08237563 0.020879833 88.19665605095541 0.08191302 0.028874507 88.28125  0.08 
10 0.061644774 0.020197954 91.87898089171975 0.07240404 0.016231528 91.30859375  0.08 
11 0.05395317 0.01793489 92.77468152866243 0.049556643 0.016328622 93.5546875  0.08 
12 0.049330465 0.018218288 93.36186305732484 0.0675612 0.021889137 90.13671875  0.08 
13 0.044579037 0.016658999 93.88933121019109 0.06708185 0.021158144 91.2109375  0.08 
14 0.043489363 0.016587188 94.32722929936305 0.05243973 0.019739676 92.578125  0.08 
15 0.041614227 0.015590826 94.1281847133758 0.054673072 0.01373351 91.6015625  0.08 
16 0.043113995 0.015609205 94.15804140127389 0.057439886 0.019038785 91.6015625  0.08 
17 0.03985557 0.01707619 94.44665605095541 0.057772256 0.022229502 92.578125  0.08 
18 0.03770122 0.016475853 95.06369426751593 0.0499615 0.019380542 93.45703125  0.08 
19 0.039530993 0.014759793 94.73527070063695 0.05822847 0.020312762 91.6015625  0.08 
20 0.039540216 0.01684593 94.61584394904459 0.051535845 0.014939449 92.67578125  0.08 
21 0.038187154 0.016260566 94.80493630573248 0.05322101 0.02348453 91.2109375  0.08 
22 0.03426316 0.015472461 95.45183121019109 0.054931007 0.016879508 92.3828125  0.07 
23 0.036445674 0.016824465 95.10350318471338 0.057038095 0.021556992 92.48046875  0.07 
24 0.034281798 0.016017683 95.421974522293 0.054030083 0.017231511 92.67578125  0.07 
25 0.034005202 0.016411744 95.41202229299363 0.04412765 0.011482604 94.04296875  0.07 
26 0.03150972 0.013820118 95.91958598726114 0.053558037 0.02400102 91.89453125  0.07 
27 0.033252377 0.014815786 95.5812101910828 0.05498114 0.020883605 91.89453125  0.07 
28 0.029748194 0.015377903 96.08877388535032 0.056939725 0.024210854 92.48046875  0.07 
29 0.031747673 0.016245099 95.80015923566879 0.060817074 0.027157212 91.40625  0.07 
30 0.02796715 0.013751551 96.55652866242038 0.054151498 0.018888634 92.48046875  0.07 
31 0.028206648 0.015295533 96.38734076433121 0.053774446 0.017118072 93.06640625  0.07 
32 0.025255907 0.014013692 96.61624203821655 0.055379774 0.023000345 92.578125  0.07 
33 0.029859398 0.015793573 96.04896496815287 0.0678065 0.026288804 90.72265625  0.07 
34 0.026385559 0.015756147 96.55652866242038 0.06476683 0.021004632 91.6015625  0.07 
35 0.025057847 0.014973063 96.82523885350318 0.052709334 0.020342333 93.359375  0.07 
36 0.026137618 0.014121402 96.77547770700637 0.050040297 0.028888198 93.26171875  0.06 
37 0.022353537 0.0140965935 97.21337579617834 0.05644439 0.02019214 92.7734375  0.06 
38 0.024242135 0.013632621 96.92476114649682 0.049701758 0.015004074 92.96875  0.06 
39 0.023156006 0.014357686 97.07404458598727 0.06401115 0.021038698 91.6015625  0.06 
40 0.023017928 0.0133465035 97.04418789808918 0.05799653 0.019164065 92.87109375  0.06 
41 0.020721288 0.013882049 97.46218152866243 0.062949866 0.02435877 91.796875  0.06 
42 0.0204687 0.013186402 97.49203821656052 0.06403316 0.02375672 91.796875  0.06 
43 0.01889026 0.012738362 97.78065286624204 0.06448755 0.02418378 91.6015625  0.06 
44 0.019120386 0.01339735 97.62141719745223 0.06493108 0.019700112 91.9921875  0.06 
45 0.016258072 0.0136926295 98.15883757961784 0.0710544 0.03380586 91.2109375  0.06 
46 0.01832016 0.013084393 97.77070063694268 0.06709648 0.019895947 91.69921875  0.05 
47 0.016123386 0.012374903 98.17874203821655 0.05455338 0.030822543 92.96875  0.05 
48 0.015579038 0.010949009 98.25835987261146 0.066239625 0.028702943 91.69921875  0.05 
49 0.01648635 0.01240126 98.03941082802548 0.07262932 0.035863012 91.50390625  0.05 
50 0.014059924 0.011100881 98.35788216560509 0.0592798 0.017678846 92.3828125  0.05 
51 0.011185506 0.010717422 98.71616242038216 0.065281026 0.018064719 92.67578125  0.05 
52 0.013226114 0.0115864845 98.47730891719745 0.06696446 0.03427119 92.48046875  0.05 
53 0.013545966 0.011042164 98.42754777070064 0.075003326 0.031012975 91.2109375  0.05 
54 0.012358643 0.0104957195 98.58678343949045 0.07475373 0.034489546 91.69921875  0.05 
55 0.011212685 0.0104456395 98.78582802547771 0.06407638 0.026878737 92.08984375  0.05 
56 0.0117616635 0.012000676 98.74601910828025 0.064776726 0.026228528 92.7734375  0.05 
57 0.010699495 0.010937687 98.76592356687898 0.056657936 0.02785092 93.45703125  0.04 
58 0.011452364 0.012129483 98.7062101910828 0.054197006 0.028247926 94.04296875  0.04 
59 0.009933839 0.009201561 98.8953025477707 0.07130077 0.028042136 92.1875  0.04 
60 0.012198552 0.010997278 98.5967356687898 0.06840071 0.033204496 92.67578125  0.04 
61 0.0101510845 0.012197638 98.88535031847134 0.061014198 0.021280143 93.06640625  0.04 
62 0.010570361 0.010981546 98.83558917197452 0.079618424 0.033919413 90.234375  0.04 
63 0.01175754 0.011260093 98.68630573248407 0.06863777 0.021168305 91.40625  0.04 
64 0.01079412 0.009859281 98.79578025477707 0.0691589 0.025105402 91.6015625  0.04 
65 0.0103452625 0.010789861 98.84554140127389 0.0759829 0.030729674 91.69921875  0.04 
66 0.009067831 0.010264584 99.04458598726114 0.07248369 0.031110251 92.1875  0.04 
67 0.009094049 0.008994293 98.98487261146497 0.070068136 0.03621084 91.796875  0.03 
68 0.011765856 0.011148682 98.63654458598727 0.07326707 0.02840815 91.2109375  0.03 
69 0.0070764185 0.007744451 99.18391719745223 0.065119684 0.019567914 92.87109375  0.03 
70 0.007864337 0.009843409 99.0843949044586 0.08027846 0.024242068 91.11328125  0.03 
71 0.009267726 0.0101107955 98.93511146496816 0.07305862 0.023076823 91.6015625  0.03 
72 0.0101501215 0.010841452 98.82563694267516 0.076187015 0.022351116 91.9921875  0.03 
73 0.009617714 0.008652688 98.87539808917198 0.08350845 0.03750187 91.015625  0.03 
74 0.007347283 0.008905811 99.24363057324841 0.073412836 0.026616536 91.9921875  0.03 
75 0.0068659526 0.008460947 99.22372611464968 0.06988236 0.030480841 92.48046875  0.03 
76 0.0073498534 0.00875767 99.19386942675159 0.088574566 0.03834316 90.33203125  0.03 
77 0.0051932274 0.00751581 99.4327229299363 0.08256462 0.036154035 90.52734375  0.03 
78 0.007318722 0.009034708 99.17396496815287 0.059421003 0.019793667 93.26171875  0.02 
79 0.011673665 0.011335194 98.6265923566879 0.082471594 0.030073708 90.8203125  0.02 
80 0.0072306404 0.00811058 99.24363057324841 0.07371624 0.0357758 91.89453125  0.02 
81 0.0067887525 0.008432705 99.25358280254777 0.07136066 0.028878275 91.89453125  0.02 
82 0.007075176 0.009616853 99.23367834394904 0.07631837 0.04054314 91.6015625  0.02 
83 0.012098532 0.011733417 98.60668789808918 0.077733144 0.023789007 91.015625  0.02 
84 0.005648148 0.006888281 99.39291401273886 0.072701186 0.029597837 91.30859375  0.02 
85 0.00794508 0.0086975135 99.06449044585987 0.076928765 0.027681729 90.91796875  0.02 
86 0.007075095 0.00853621 99.25358280254777 0.074003294 0.026478196 91.2109375  0.02 
87 0.0071277316 0.00859327 99.19386942675159 0.067009255 0.02840597 92.67578125  0.01 
88 0.0061143567 0.007812611 99.34315286624204 0.07033165 0.028349547 91.50390625  0.01 
89 0.0044496446 0.007873318 99.56210191082802 0.0717376 0.02536885 91.69921875  0.01 
90 0.0049148193 0.0072777006 99.50238853503184 0.08374186 0.0265499 90.72265625  0.01 
91 0.008015895 0.010081523 99.0843949044586 0.08068764 0.029452952 91.2109375  0.01 
92 0.009524198 0.010765644 98.88535031847134 0.08624422 0.033814207 90.8203125  0.01 
93 0.004533956 0.0067264815 99.52229299363057 0.074749425 0.028143408 91.9921875  0.01 
94 0.0051908866 0.007640417 99.47253184713375 0.08260288 0.03514724 91.015625  0.01 
95 0.006614137 0.008737296 99.26353503184713 0.090728074 0.032816254 89.84375  0.01 
96 0.007094336 0.008822747 99.21377388535032 0.087806165 0.033852268 90.234375  0.0 
97 0.00544799 0.0075352597 99.45262738853503 0.08358003 0.03131517 91.015625  0.0 
98 0.0043903845 0.007232026 99.55214968152866 0.08138279 0.037410613 90.91796875  0.0 
99 0.004386891 0.005942814 99.51234076433121 0.07513288 0.029268675 91.69921875  0.0 
