0 57.06470189701897 79.86918604651163 0.1378544 0.081848696 0.023424916 0.01712819 
1 68.47052845528455 81.03197674418605 0.111276984 0.0746726 0.016477115 0.016067844 
2 70.96375338753387 85.10174418604652 0.10356115 0.061202053 0.016116997 0.013786748 
3 72.98272357723577 83.64825581395348 0.0982066 0.06270889 0.016304653 0.014025855 
4 74.23272357723577 86.19186046511628 0.09436507 0.057130814 0.016384896 0.018218307 
5 75.21680216802169 85.82848837209302 0.09124035 0.0589632 0.01681133 0.015125867 
6 75.87567750677506 87.28197674418605 0.08969104 0.054580446 0.016512759 0.016325707 
7 76.88177506775068 87.42732558139535 0.08693378 0.052911043 0.01628296 0.014997383 
8 77.13584010840108 86.99127906976744 0.08603115 0.05433601 0.016632386 0.016189676 
9 78.15040650406505 87.93604651162791 0.0832127 0.049667053 0.016231358 0.016382933 
10 78.95155826558266 88.66279069767442 0.081164666 0.048674297 0.016568132 0.01813682 
11 78.97357723577235 88.29941860465117 0.080534466 0.052623704 0.016368866 0.019756384 
12 79.40040650406505 88.73546511627907 0.07900857 0.04724293 0.01574222 0.018058145 
13 79.89668021680217 89.68023255813954 0.07740356 0.04841664 0.016005706 0.014551068 
14 80.35230352303523 87.93604651162791 0.07622517 0.05144922 0.0155861 0.013732065 
15 80.7909891598916 89.09883720930233 0.075035304 0.045276236 0.015555755 0.012659568 
16 80.74864498644986 87.86337209302326 0.07445805 0.04751144 0.015408476 0.014183088 
17 81.22967479674797 88.51744186046511 0.07321285 0.04807799 0.015489105 0.015716385 
18 81.74119241192412 90.98837209302326 0.07214192 0.04071118 0.015503291 0.014878556 
19 81.82079945799458 88.95348837209302 0.07192732 0.045668185 0.015754124 0.015052716 
20 82.27134146341463 90.4796511627907 0.07044044 0.04500183 0.01575983 0.013895802 
21 82.39668021680217 90.69767441860465 0.069830276 0.04190528 0.01604255 0.016205018 
22 82.97086720867209 91.64244186046511 0.06853754 0.039965212 0.014947037 0.014340248 
23 83.21307588075881 91.42441860465117 0.06769446 0.03683859 0.015141265 0.011922157 
24 83.0691056910569 90.625 0.0681553 0.039927855 0.0153199 0.013716442 
25 83.52472899728997 91.13372093023256 0.066778526 0.04102034 0.015306428 0.014006342 
26 83.62127371273712 90.84302325581395 0.066283286 0.04008945 0.015361838 0.010548999 
27 83.85670731707317 90.0436046511628 0.065632105 0.041088607 0.014966794 0.014308892 
28 83.97865853658537 91.13372093023256 0.06543926 0.040451664 0.014897341 0.013374764 
29 84.16836043360433 90.18895348837209 0.064726405 0.039080746 0.014432572 0.0139379 
30 84.35975609756098 90.40697674418605 0.06405474 0.03989157 0.01476755 0.011622813 
31 84.8949864498645 91.35174418604652 0.06296808 0.03948087 0.014628702 0.013330038 
32 84.71205962059621 91.42441860465117 0.06357871 0.03948883 0.015116294 0.012327891 
33 85.11348238482385 90.33430232558139 0.0623805 0.04120152 0.0149178365 0.015217792 
34 85.05928184281842 91.06104651162791 0.062124703 0.041553542 0.014423031 0.0116651645 
35 85.48949864498645 91.27906976744185 0.061510354 0.03858217 0.0145617 0.012404289 
36 85.69952574525745 91.49709302325581 0.061084837 0.040279154 0.014304917 0.013522249 
37 85.64193766937669 90.84302325581395 0.06036739 0.041150488 0.014658325 0.01505412 
38 85.86382113821138 90.84302325581395 0.06012263 0.041356873 0.014243864 0.013199807 
39 86.10264227642277 91.93313953488372 0.059377782 0.039028343 0.014307908 0.012096842 
40 86.24661246612466 91.49709302325581 0.05905626 0.04044504 0.014148139 0.013800842 
41 86.3821138211382 91.49709302325581 0.058262035 0.03942973 0.013845544 0.013225667 
42 86.3058943089431 92.51453488372093 0.05868464 0.037222892 0.014409401 0.015469307 
43 86.75474254742548 91.27906976744185 0.05767444 0.038776536 0.013594785 0.012401017 
44 86.98340108401084 92.87790697674419 0.05744277 0.03554881 0.013839686 0.01315583 
45 86.880081300813 92.15116279069767 0.05705588 0.03760559 0.01403127 0.013217595 
46 86.93936314363144 92.07848837209302 0.05709921 0.03927395 0.013963355 0.013793462 
47 86.94444444444444 93.45930232558139 0.05661266 0.034349173 0.0137943765 0.012561942 
48 87.45765582655827 91.42441860465117 0.055550434 0.040375143 0.013594971 0.019143991 
49 87.66768292682927 92.29651162790698 0.055159993 0.039228436 0.013323131 0.013851345 
50 87.54573170731707 92.07848837209302 0.055495463 0.039190404 0.013561904 0.014578839 
51 87.56266937669376 92.07848837209302 0.0548482 0.038686574 0.01400787 0.013477746 
52 87.82181571815718 92.51453488372093 0.054485522 0.037319534 0.013352684 0.012780185 
53 87.7269647696477 90.84302325581395 0.055280533 0.04031453 0.013711385 0.014922954 
54 88.19952574525745 91.93313953488372 0.053582095 0.038952466 0.013290917 0.013143539 
55 87.94376693766938 92.22383720930233 0.054163706 0.036757715 0.013499045 0.012949552 
56 88.1029810298103 92.36918604651163 0.053326692 0.035873763 0.013485098 0.010714938 
57 88.32825203252033 91.06104651162791 0.05318882 0.039605375 0.013433996 0.014627041 
58 88.48915989159892 93.53197674418605 0.052519143 0.034661926 0.013520531 0.01434235 
59 88.41463414634147 92.22383720930233 0.052324496 0.03955405 0.013348392 0.015275142 
60 88.61957994579946 91.93313953488372 0.052213635 0.03706081 0.013236905 0.01291807 
61 88.80928184281842 92.22383720930233 0.051571853 0.03598208 0.013075048 0.013874445 
62 88.73136856368563 93.38662790697674 0.052014012 0.03494587 0.013970457 0.011741123 
63 88.7279810298103 91.64244186046511 0.051673107 0.03874331 0.013606754 0.012529182 
64 88.75846883468834 92.22383720930233 0.051458027 0.035221655 0.013247713 0.012818916 
65 88.69918699186992 89.89825581395348 0.05142753 0.041346252 0.013407895 0.014245018 
66 88.94647696476964 92.80523255813954 0.05122478 0.036149662 0.013216307 0.015822973 
67 88.97357723577235 92.58720930232558 0.050916694 0.0357529 0.013233094 0.012319761 
68 89.0210027100271 93.02325581395348 0.05059011 0.03345187 0.013209859 0.013096575 
69 89.09044715447155 92.07848837209302 0.05068881 0.03673493 0.01302768 0.014805457 
70 89.41565040650407 91.78779069767442 0.05003487 0.03854659 0.013062357 0.01675037 
71 89.58672086720867 91.71511627906976 0.04919059 0.036798645 0.01295504 0.013826251 
72 89.29708672086721 91.71511627906976 0.04968199 0.038290597 0.012680972 0.011725445 
73 89.49525745257452 92.00581395348837 0.049417183 0.03855857 0.012935296 0.013371846 
74 89.6900406504065 91.64244186046511 0.049239874 0.038832497 0.013027086 0.013558012 
75 89.77472899728997 91.86046511627907 0.048687916 0.037188925 0.012578047 0.014208001 
76 89.79505420054201 92.00581395348837 0.048417825 0.037941806 0.012804026 0.013870117 
77 89.92208672086721 93.67732558139535 0.04840362 0.03146812 0.012702035 0.012033975 
78 89.86280487804878 92.07848837209302 0.048357945 0.038009554 0.012504388 0.012918862 
79 89.85264227642277 93.75 0.04828365 0.034144726 0.01291007 0.013254039 
80 89.98136856368563 92.87790697674419 0.04792852 0.035401147 0.012516664 0.011622495 
81 90.17953929539296 91.56976744186046 0.047508225 0.040301286 0.012556976 0.0160611 
82 90.23882113821138 93.24127906976744 0.047499597 0.033039425 0.012531417 0.012758371 
83 90.11348238482385 92.58720930232558 0.047635466 0.034776006 0.012427498 0.012233102 
84 90.2540650406504 93.1686046511628 0.047192458 0.033853114 0.012625512 0.011784461 
85 90.07960704607046 92.29651162790698 0.04757107 0.038123142 0.012749218 0.0165103 
86 90.34214092140921 92.95058139534883 0.046531774 0.034727775 0.012596685 0.01284347 
87 90.3201219512195 94.84011627906976 0.04676049 0.028855097 0.012702935 0.009921393 
88 90.29132791327913 92.87790697674419 0.04693788 0.033980493 0.012630381 0.012639181 
89 90.62161246612466 91.71511627906976 0.04629575 0.03949665 0.012438973 0.013721885 
90 90.6029810298103 93.1686046511628 0.046336066 0.03413814 0.012715488 0.013663829 
91 90.47764227642277 92.29651162790698 0.046334013 0.037332043 0.012438142 0.011901583 
92 90.72323848238483 93.38662790697674 0.045880925 0.03402044 0.012388262 0.011523197 
93 90.63346883468834 92.00581395348837 0.045798887 0.038955 0.012469829 0.017472744 
94 90.63685636856368 93.6046511627907 0.045802236 0.03216136 0.011812296 0.011252322 
95 90.62669376693766 92.87790697674419 0.045899767 0.03334842 0.012485777 0.010001617 
