0 0.25694937 0.03091578 50.41799363057325 0.25477713 0.005308877 46.58203125  0.18 
1 0.21649459 0.029932765 61.733678343949045 0.17385691 0.015461387 65.8203125  0.18 
2 0.16947317 0.01494242 66.79936305732484 0.16530852 0.0143565135 68.5546875  0.19 
3 0.16646947 0.017061012 66.85907643312102 0.1651351 0.016228301 67.48046875  0.19 
4 0.16660102 0.014754781 66.73964968152866 0.15890257 0.016652461 68.06640625  0.2 
5 0.16690573 0.01495106 66.84912420382166 0.15403695 0.017510377 66.796875  0.2 
6 0.16610184 0.014268381 66.43113057324841 0.1614973 0.01453744 63.37890625  0.2 
7 0.16553167 0.013616157 67.01831210191082 0.15006918 0.01548433 69.23828125  0.2 
8 0.16521737 0.01451349 66.97850318471338 0.15884875 0.014141354 68.359375  0.21 
9 0.16573049 0.014951375 66.5406050955414 0.15732878 0.015240326 67.28515625  0.21 
10 0.16552685 0.014250164 67.0282643312102 0.15540397 0.0148549415 67.7734375  0.21 
11 0.16634206 0.013226494 67.49601910828025 0.15817043 0.0105241 68.65234375  0.21 
12 0.16816616 0.014744741 66.87898089171975 0.1630009 0.011020065 64.2578125  0.21 
13 0.16582026 0.014260726 67.40644904458598 0.1605194 0.015347653 69.140625  0.21 
14 0.16706386 0.016471121 67.26711783439491 0.15963572 0.0137966 66.6015625  0.21 
15 0.16573884 0.014321394 67.65525477707007 0.15753226 0.01412484 68.9453125  0.21 
16 0.16282466 0.013619525 67.89410828025478 0.15470687 0.016686482 68.1640625  0.21 
17 0.16564828 0.0138454335 67.94386942675159 0.15753226 0.016471105 67.3828125  0.21 
18 0.16721576 0.015008606 66.9984076433121 0.15372264 0.012870244 69.7265625  0.2 
19 0.16608654 0.01506578 67.08797770700637 0.16367924 0.0145914415 68.65234375  0.2 
20 0.16660339 0.015942426 66.5406050955414 0.172376 0.014703963 65.72265625  0.2 
21 0.16627917 0.014361724 67.01831210191082 0.1555846 0.013348985 68.359375  0.2 
