best model
epoch = 19

TRAINING result

loss_mean = 0.07053124
loss_std  = 0.0073885047


accuracy   = 82.97 [%]
hit_count  = 41525
miss_count = 8523

class_accuracy = 81.384%   77.241%   97.816%   71.462%   86.891%   


confusion_matrix = 
        8044        1164           0           0           9
        1801        7745         118           0           2
           0        1113        9899        1200          34
           0           0         102        7227        1253
          38           4           0        1685        8610





TESTING result

loss_mean = 0.07252275
loss_std  = 0.0077168155


accuracy   = 82.1 [%]
hit_count  = 4151
miss_count = 905

class_accuracy = 81.189%   76.977%   95.753%   70.928%   84.369%   


confusion_matrix = 
         833         112           0           0           3
         186         769          21           0           0
           0         115         992         132          10
           0           0          22         688         147
           6           2           0         149         869

