0 0.16874196 0.015057583 24.862132352941178 0.15882313 0.00088252506 29.529272151898734  0.06 
1 0.15548548 0.0029903022 38.367167519181585 0.14760153 0.0018654955 54.074367088607595  0.05 
2 0.12565555 0.014074182 72.20068734015345 0.100372754 0.004207161 82.27848101265823  0.05 
3 0.07891788 0.014115755 83.92742966751918 0.05797252 0.006686867 84.55300632911393  0.05 
4 0.045261998 0.008881043 86.38906649616368 0.03961285 0.0078442665 87.32199367088607  0.05 
5 0.03869769 0.008139494 86.76470588235294 0.0382016 0.0074045653 87.2626582278481  0.05 
6 0.0381462 0.008188349 86.82664641943734 0.036839187 0.008108844 87.5  0.04 
7 0.038440656 0.008533924 86.59686700767263 0.036776792 0.007825978 87.81645569620254  0.04 
8 0.037660815 0.007755251 86.72074808184144 0.03633407 0.00745334 88.03401898734177  0.04 
9 0.03767073 0.007794278 86.83064258312021 0.037785538 0.007528695 87.46044303797468  0.04 
10 0.03744425 0.008171273 87.00247762148338 0.036970668 0.008731153 87.0253164556962  0.04 
11 0.036802102 0.007999034 87.15433184143222 0.037182976 0.0078099235 87.2626582278481  0.04 
12 0.03713736 0.008696473 86.82864450127877 0.036383655 0.008432007 88.37025316455696  0.03 
13 0.036983173 0.0084585445 86.79467710997443 0.036203463 0.008715569 87.79667721518987  0.03 
14 0.03658278 0.008232728 87.05642583120205 0.037368763 0.0075109988 86.96598101265823  0.03 
15 0.03721324 0.008319114 86.644820971867 0.035321172 0.007841796 88.23180379746836  0.03 
16 0.036410913 0.008119368 86.96251598465473 0.0376826 0.008080695 86.98575949367088  0.03 
17 0.036174756 0.008643539 87.08639705882354 0.038063593 0.010531582 86.21439873417721  0.02 
18 0.036577396 0.007669687 86.86061381074168 0.035016965 0.008223294 87.67800632911393  0.02 
19 0.03627919 0.008285575 86.91855818414322 0.035188936 0.0076137367 87.4011075949367  0.02 
20 0.036052044 0.008065268 87.22026854219949 0.034979016 0.008780588 88.13291139240506  0.02 
21 0.036163475 0.0080729425 86.89657928388746 0.036594845 0.0080662295 87.46044303797468  0.02 
22 0.036173 0.008463697 87.06841432225065 0.035761103 0.00778909 87.75712025316456  0.02 
23 0.036595225 0.008247501 86.73873081841433 0.035247505 0.0073964167 88.01424050632912  0.01 
24 0.036310364 0.008356171 86.88059462915601 0.03527805 0.008564323 87.85601265822785  0.01 
25 0.03605085 0.00817485 87.00047953964194 0.035663415 0.00856491 87.53955696202532  0.01 
26 0.036176063 0.008377687 87.00247762148338 0.035607506 0.007077435 87.32199367088607  0.01 
27 0.03549735 0.008217056 87.2762148337596 0.035390355 0.008109971 87.61867088607595  0.01 
28 0.035931323 0.0083850715 86.95252557544757 0.034710158 0.00747751 88.13291139240506  0.0 
29 0.035830695 0.008257815 86.99648337595907 0.036044475 0.007715194 87.4011075949367  0.0 
