0 24.800106609808104 37.566489361702125 0.19895051 0.15007077 0.047710188 0.0028446587 
1 49.05383795309169 62.63297872340426 0.136578 0.11911092 0.0102968495 0.00293706 
2 67.82382729211088 73.37101063829788 0.10603717 0.09301478 0.009418717 0.0054498343 
3 76.52085554371003 78.72340425531915 0.08620157 0.079580404 0.0072576688 0.0073199603 
4 80.95015991471216 82.7626329787234 0.078916974 0.07356084 0.0069510657 0.006513967 
5 82.86413912579957 84.4747340425532 0.073648766 0.069683604 0.0074402746 0.0062815235 
6 83.53045042643923 84.30851063829788 0.0688995 0.063798614 0.00778152 0.007233971 
7 83.86027452025586 84.45811170212765 0.06565835 0.06205048 0.00812912 0.0068617584 
8 83.95688965884861 84.77393617021276 0.062438328 0.058384646 0.008313736 0.0074927225 
9 83.66204690831556 84.22539893617021 0.062484354 0.059831437 0.009014817 0.007460107 
10 84.05683635394456 84.65757978723404 0.060362007 0.057737138 0.008459879 0.009269771 
11 84.30836886993603 85.65492021276596 0.05818521 0.054007336 0.008293395 0.007390031 
12 84.16344616204691 84.4747340425532 0.05728405 0.055909995 0.009064838 0.008861333 
13 84.48993869936034 84.45811170212765 0.05616568 0.05553517 0.009240357 0.007923161 
14 84.40664978678038 85.95412234042553 0.055135936 0.052057885 0.009019888 0.010299664 
15 84.52158848614073 84.4747340425532 0.054396216 0.053792458 0.009171708 0.008444429 
16 84.72647921108742 85.15625 0.053683087 0.052401796 0.008879833 0.009159221 
17 84.50159914712154 84.97340425531915 0.05349843 0.050713204 0.0096951295 0.008733894 
18 84.78811300639659 84.70744680851064 0.054419354 0.052965347 0.00984754 0.010070526 
19 84.5915511727079 85.28922872340425 0.053272523 0.050654177 0.009137029 0.009081799 
20 84.82142857142857 85.17287234042553 0.051707286 0.05037766 0.009320257 0.008130725 
21 84.61320628997868 84.94015957446808 0.05126843 0.050536368 0.009252737 0.008145303 
22 84.80810234541578 85.52194148936171 0.05039547 0.049665127 0.008984123 0.00896876 
23 84.94469616204691 84.87367021276596 0.050060153 0.049795363 0.0087965075 0.008424686 
24 84.72148187633262 85.15625 0.049847223 0.049040247 0.009407297 0.008857204 
25 84.64152452025586 84.80718085106383 0.04959283 0.0491854 0.009104962 0.007497537 
26 84.86473880597015 84.64095744680851 0.048764396 0.049140085 0.008795348 0.00827147 
27 84.9463619402985 84.09242021276596 0.048332565 0.04899115 0.008639967 0.00926893 
28 84.51325959488273 84.77393617021276 0.048793934 0.047681496 0.008992341 0.00851556 
29 84.75313166311301 84.64095744680851 0.048446868 0.04662153 0.008714094 0.008289485 
30 85.01799040511727 84.67420212765957 0.04774941 0.048104454 0.0088999625 0.009349119 
31 84.98967217484008 85.07313829787235 0.04755456 0.04602035 0.008985405 0.0075839115 
32 84.99466950959489 85.08976063829788 0.04744002 0.046967853 0.008650434 0.008189815 
33 85.00466417910448 84.75731382978724 0.04742523 0.04758589 0.008628849 0.006779527 
34 84.9613539445629 85.52194148936171 0.04718135 0.04480544 0.008585973 0.008457605 
35 84.88306236673775 85.32247340425532 0.04682032 0.045461148 0.008895931 0.008318064 
36 84.65151918976545 85.02327127659575 0.047371782 0.045873404 0.008767013 0.008278102 
37 84.84974680170576 85.15625 0.046713088 0.046133664 0.008424564 0.0094438875 
38 84.9646855010661 83.92619680851064 0.046578683 0.047588557 0.008686084 0.00991075 
39 84.84974680170576 84.10904255319149 0.04660293 0.047370475 0.0083606215 0.0086288275 
40 84.82975746268657 85.28922872340425 0.04660461 0.045129396 0.00875141 0.0077124783 
41 84.82309434968018 84.4248670212766 0.046358187 0.047036227 0.00851267 0.009213365 
42 84.7514658848614 84.89029255319149 0.046284568 0.046303492 0.0089431545 0.007991883 
43 84.761460554371 84.55784574468085 0.046453122 0.045953587 0.008724803 0.008511158 
44 84.90638326226012 84.87367021276596 0.046062265 0.045201816 0.008692345 0.008254615 
45 84.73314232409382 85.42220744680851 0.04624598 0.044767234 0.008447738 0.009262565 
46 84.85640991471216 85.33909574468085 0.04579698 0.04505401 0.008706073 0.007858558 
47 84.93136993603412 84.12566489361703 0.045718145 0.046353914 0.0088024065 0.008562439 
48 84.94136460554371 84.67420212765957 0.04556952 0.045888733 0.008337507 0.008268873 
49 85.04131130063966 84.17553191489361 0.045237668 0.046480596 0.008399573 0.009663475 
50 84.88472814498934 84.72406914893617 0.045482554 0.044614095 0.008428033 0.007988787 
51 84.86140724946695 84.72406914893617 0.04533672 0.04410936 0.008467635 0.007316895 
52 84.72647921108742 85.2061170212766 0.046007834 0.044236742 0.008414793 0.007534771 
53 85.09295042643923 85.42220744680851 0.04496349 0.044225585 0.008429238 0.008283309 
54 85.09961353944563 85.13962765957447 0.044807248 0.044463858 0.00834034 0.00847905 
55 84.91804371002132 85.1063829787234 0.045221504 0.044071693 0.008656776 0.008810749 
56 84.9596881663113 85.00664893617021 0.04509854 0.044201612 0.00848604 0.007644317 
57 84.7797841151386 84.55784574468085 0.045236126 0.044987213 0.008713965 0.008463984 
58 85.3411513859275 85.1063829787234 0.044278912 0.044081017 0.008678012 0.008335831 
59 85.20122601279317 84.82380319148936 0.044605028 0.044884406 0.008102782 0.008057247 
60 85.13126332622602 84.94015957446808 0.044936597 0.04482969 0.008345464 0.008386691 
61 85.08628731343283 84.99002659574468 0.044749886 0.043983586 0.008409046 0.007279953 
62 85.09628198294243 85.42220744680851 0.044927306 0.043314602 0.008285807 0.0075634792 
63 85.06296641791045 84.4747340425532 0.044847794 0.045577582 0.008453986 0.009562914 
64 85.31116737739872 85.08976063829788 0.044513132 0.044428878 0.0082111545 0.008173355 
65 85.26119402985074 84.44148936170212 0.044304032 0.0452915 0.008183527 0.009254302 
66 85.42110874200426 84.52460106382979 0.04394602 0.04543305 0.008518095 0.008836865 
67 85.01465884861408 85.32247340425532 0.0448373 0.044160068 0.008461753 0.0074750884 
68 85.21288646055437 85.22273936170212 0.044197846 0.044683073 0.00835995 0.007756376 
69 84.99800106609808 85.95412234042553 0.04493828 0.042684965 0.008086101 0.007766311 
70 85.07795842217485 85.73803191489361 0.044645462 0.04293244 0.008668236 0.00680024 
71 85.30283848614073 84.99002659574468 0.044387385 0.044088326 0.008112991 0.0075237495 
72 85.26119402985074 85.15625 0.044410013 0.044784214 0.00874709 0.009203759 
73 85.38446162046908 85.82114361702128 0.043983046 0.04309371 0.008001126 0.0077478536 
74 85.44942697228144 85.42220744680851 0.043835428 0.043326322 0.008326068 0.008394917 
75 85.48607409381663 85.43882978723404 0.04379541 0.0426813 0.008213941 0.008077596 
76 85.29617537313433 85.43882978723404 0.044161513 0.044078972 0.008232642 0.008805479 
77 85.10627665245202 85.30585106382979 0.04429275 0.043577652 0.008161254 0.008551409 
78 85.34614872068231 85.13962765957447 0.04407376 0.044928625 0.008428621 0.00820663 
79 85.30950159914713 85.53856382978724 0.044068173 0.04324616 0.008328546 0.008993961 
80 85.38446162046908 85.27260638297872 0.044210825 0.04497089 0.008151411 0.009798667 
81 85.21122068230277 84.35837765957447 0.04459307 0.046242334 0.008282218 0.008696645 
82 85.21455223880596 85.8876329787234 0.044508897 0.043419875 0.008352874 0.007377503 
83 85.47774520255864 85.8876329787234 0.04404107 0.04384581 0.008651158 0.007857164 
84 85.39612206823028 85.47207446808511 0.0440209 0.043350615 0.008393991 0.00957466 
85 85.45275852878464 85.1063829787234 0.04396135 0.044630896 0.008550704 0.008051088 
86 85.5527052238806 86.08710106382979 0.04403425 0.042917963 0.008312721 0.007866343 
87 85.47441364605544 86.08710106382979 0.043884 0.04317854 0.008102362 0.009066047 
88 85.47607942430703 85.60505319148936 0.043900546 0.04362729 0.008231777 0.0072000893 
89 85.64598880597015 85.2559840425532 0.044030227 0.044305142 0.00839231 0.008331172 
90 85.75426439232409 84.85704787234043 0.04351614 0.045122765 0.0081599895 0.008832936 
91 85.58268923240938 85.18949468085107 0.043808307 0.04427952 0.008407041 0.007940027 
92 85.44276385927505 85.62167553191489 0.044122443 0.043098222 0.008229302 0.006891315 
93 85.87086886993603 84.95678191489361 0.04341109 0.044064336 0.007967284 0.0073851747 
94 85.70429104477611 86.63563829787235 0.04360917 0.04238029 0.007937581 0.007442839 
95 85.67097547974414 86.08710106382979 0.043708656 0.043037776 0.008260799 0.008842464 
96 85.81589818763327 85.9873670212766 0.043297365 0.04358436 0.00826511 0.008018216 
97 85.9308368869936 86.33643617021276 0.04306213 0.04299265 0.008201821 0.00726878 
98 85.7326092750533 85.55518617021276 0.0437975 0.043614727 0.008199635 0.007963072 
99 85.5360474413646 85.40558510638297 0.04415356 0.044760365 0.00805347 0.0076041445 
