new best net in 145
TRAINING result
accuracy   = 96.353 [%]
hit_count  = 56887
miss_count = 2153

class_accuracy = 99.198%   91.875%   97.091%   97.237%   


confusion_matrix = 
14595	221	    0	    0	 
74	    13581	380	    185	 
17	    711	    14318	223	 
26	    268	    48	    14393	 



TESTING result
accuracy   = 96.512 [%]
hit_count  = 1328
miss_count = 48

class_accuracy = 99.178%   94.279%   72.414%   80.645%   


confusion_matrix = 
845	 2	 0	 0	 
5	 412 7	 7	 
1	 19	 21	 4	 
0	 3	 0	 50	 



