0 66.1670054200542 84.9563953488372 0.116977096 0.06449075 0.025349654 0.016008602 
1 75.43529810298104 89.02616279069767 0.091487646 0.05530042 0.01622651 0.015333391 
2 78.59925474254743 90.11627906976744 0.08327118 0.04547949 0.016815035 0.011608625 
3 80.29640921409214 92.58720930232558 0.07749532 0.039069448 0.016368434 0.013056988 
4 81.69715447154472 92.29651162790698 0.07337192 0.040265717 0.015453821 0.012236067 
5 82.5440379403794 90.33430232558139 0.070107415 0.042486638 0.014933511 0.012818823 
6 83.6890243902439 91.64244186046511 0.06701471 0.04161037 0.014970989 0.012249113 
7 84.52913279132791 91.2063953488372 0.06439232 0.041771125 0.014756395 0.011480772 
8 85.36415989159892 90.33430232558139 0.062587164 0.041804347 0.014415048 0.012424929 
9 85.86382113821138 92.51453488372093 0.060668502 0.036037926 0.014631626 0.015218417 
10 86.7259485094851 92.00581395348837 0.05874048 0.04165651 0.014088688 0.018971365 
11 87.1239837398374 92.87790697674419 0.057165973 0.035056103 0.013943459 0.01169267 
12 87.42886178861788 92.65988372093024 0.056079987 0.035566397 0.013699041 0.016189605 
13 87.90650406504065 93.09593023255815 0.05484088 0.03432008 0.013584744 0.01287955 
14 88.3960027100271 93.38662790697674 0.053043675 0.033654563 0.013560685 0.011936182 
15 88.95325203252033 93.75 0.05211749 0.035461076 0.013457682 0.013511159 
16 88.87364498644986 92.65988372093024 0.051570594 0.03539548 0.01372862 0.012873615 
17 89.32079945799458 93.6046511627907 0.050567362 0.03218672 0.013467535 0.011865996 
18 89.5240514905149 92.65988372093024 0.04953337 0.035535302 0.013508815 0.012944733 
19 89.57994579945799 94.98546511627907 0.04925142 0.030201498 0.013168886 0.0102607645 
20 89.74085365853658 94.11337209302326 0.048688356 0.03046578 0.013313952 0.01088238 
21 90.22527100271003 93.53197674418605 0.047634557 0.032264102 0.012690269 0.011053946 
22 90.33536585365853 93.1686046511628 0.047168043 0.03293416 0.012499726 0.013866544 
23 90.4759485094851 93.24127906976744 0.046401225 0.03457601 0.013029611 0.012157615 
24 90.91463414634147 93.6046511627907 0.04572217 0.0315468 0.01253777 0.014712553 
25 90.8519647696477 93.6046511627907 0.045475066 0.034220487 0.012214712 0.014087083 
26 90.95359078590786 93.75 0.04475861 0.0335389 0.012360309 0.010826364 
27 91.28556910569105 93.38662790697674 0.044309232 0.03111793 0.012126009 0.010977313 
28 91.47865853658537 92.73255813953489 0.043632034 0.035156623 0.01233368 0.011146704 
29 91.66158536585365 94.54941860465117 0.043299604 0.03241795 0.012170148 0.014210224 
30 91.45325203252033 93.6046511627907 0.04337633 0.03210926 0.012453009 0.011817418 
31 91.92920054200542 93.38662790697674 0.041958816 0.032507416 0.011913028 0.013759746 
32 91.96646341463415 94.47674418604652 0.04161134 0.030846572 0.011777261 0.012550217 
33 91.95460704607046 92.87790697674419 0.04185245 0.03460669 0.011814436 0.012962708 
34 92.0579268292683 94.84011627906976 0.041579876 0.02842503 0.012036847 0.012729315 
35 92.44241192411924 94.3313953488372 0.040519703 0.031080412 0.011539668 0.011855252 
36 92.28658536585365 94.98546511627907 0.04050625 0.02888941 0.012113484 0.009534414 
37 92.51355013550136 94.47674418604652 0.040184725 0.03232748 0.011553848 0.015151289 
38 92.48475609756098 94.40406976744185 0.03998343 0.03034679 0.011867901 0.0129634505 
39 92.61348238482385 93.53197674418605 0.039565213 0.031944714 0.011404923 0.014805296 
40 92.96578590785907 93.6046511627907 0.038443428 0.034224518 0.011228667 0.014180186 
41 92.66937669376694 96.22093023255815 0.039238002 0.02701849 0.011724565 0.010642228 
42 92.91158536585365 94.98546511627907 0.038453903 0.027714025 0.011250382 0.012386493 
43 93.18936314363144 93.6046511627907 0.037784435 0.031771157 0.010936509 0.010827433 
44 93.10806233062331 94.47674418604652 0.037861682 0.029801812 0.011073766 0.013198005 
45 93.0030487804878 93.45930232558139 0.03769857 0.03274003 0.011177781 0.0120927375 
46 93.17411924119241 94.62209302325581 0.037677094 0.02856992 0.011190974 0.011469314 
47 93.29268292682927 91.86046511627907 0.037228476 0.038558748 0.010914092 0.01500655 
48 93.24186991869918 93.38662790697674 0.03753945 0.0317557 0.011131587 0.012425728 
49 93.33163956639567 95.93023255813954 0.036942314 0.0274098 0.010945986 0.010713536 
50 93.3130081300813 95.34883720930233 0.036726903 0.025510056 0.010966382 0.0094560655 
51 93.74830623306234 93.82267441860465 0.035970017 0.030513844 0.010792379 0.012322661 
52 93.73475609756098 94.3313953488372 0.03565998 0.030826718 0.010908589 0.013699542 
53 93.65684281842819 93.96802325581395 0.03572925 0.031539682 0.010520592 0.012057498 
54 93.74322493224932 94.76744186046511 0.035875306 0.028041143 0.010699483 0.015739268 
55 93.9159891598916 93.6046511627907 0.03501149 0.032815233 0.010936805 0.010262296 
56 93.8821138211382 93.8953488372093 0.035227098 0.03229335 0.010551805 0.012788973 
57 94.05826558265582 94.47674418604652 0.034818567 0.02960334 0.010092663 0.012397388 
58 93.96680216802169 94.47674418604652 0.034783643 0.031380117 0.010472911 0.0138625335 
59 94.08367208672087 94.04069767441861 0.034444794 0.030455772 0.010696206 0.01033173 
60 94.23949864498645 94.47674418604652 0.033788294 0.030924207 0.009967627 0.011647991 
61 94.16158536585365 94.25872093023256 0.034004696 0.02939332 0.010471622 0.012098702 
62 94.20223577235772 94.04069767441861 0.033935186 0.028729659 0.01059685 0.011603254 
63 94.26151761517615 93.96802325581395 0.034099642 0.030534796 0.010406476 0.0123217525 
64 94.47662601626017 94.11337209302326 0.033214692 0.029544069 0.010305151 0.011644605 
65 94.54437669376694 93.6046511627907 0.033082575 0.0316728 0.00991956 0.014103862 
66 94.5409891598916 92.87790697674419 0.03319638 0.031714894 0.0100981025 0.011919617 
67 94.60873983739837 94.18604651162791 0.032732468 0.031548806 0.010198453 0.014559205 
68 94.4359756097561 94.84011627906976 0.033180848 0.02698867 0.0103619555 0.010133143 
69 94.5409891598916 93.6046511627907 0.032636497 0.031187806 0.010080714 0.013065047 
70 94.58163956639567 94.47674418604652 0.032561276 0.030541444 0.01031054 0.01267989 
71 94.65955284552845 95.05813953488372 0.032351382 0.027221568 0.010140137 0.009615677 
72 94.63414634146342 93.82267441860465 0.032416664 0.028176699 0.010298522 0.011783717 
73 94.67649051490515 94.04069767441861 0.03205641 0.02963799 0.009968506 0.010957167 
74 94.73577235772358 94.76744186046511 0.031953417 0.029031765 0.00982692 0.014263086 
75 94.86957994579946 94.76744186046511 0.03200208 0.028234404 0.010167226 0.01008438 
76 94.85433604336043 94.84011627906976 0.031752538 0.028950067 0.00992693 0.012315969 
77 94.88990514905149 94.40406976744185 0.031746797 0.028557777 0.009994291 0.01114705 
78 94.8509485094851 94.98546511627907 0.0316111 0.027612966 0.010343603 0.014644655 
79 94.89837398373983 94.25872093023256 0.031441465 0.029416278 0.009680831 0.011983517 
80 94.9390243902439 95.56686046511628 0.031311292 0.025955517 0.009867364 0.013575864 
81 95.09146341463415 95.34883720930233 0.031023923 0.027966835 0.009612617 0.013527218 
82 94.95765582655827 94.47674418604652 0.030994197 0.030105272 0.0097953295 0.013917751 
83 95.08976964769647 95.05813953488372 0.030750014 0.02671178 0.009457752 0.0109892255 
84 95.08976964769647 93.8953488372093 0.031042702 0.030760776 0.009664896 0.011017072 
85 95.18123306233062 94.54941860465117 0.030436898 0.02800458 0.009670005 0.012111462 
86 95.2540650406504 95.27616279069767 0.030285181 0.024735224 0.009480491 0.008182246 
87 95.30657181571816 95.05813953488372 0.030046599 0.025864981 0.009613883 0.012682178 
88 95.35230352303523 94.76744186046511 0.030177513 0.02510906 0.009470415 0.011097794 
89 95.26084010840108 94.62209302325581 0.030117752 0.028811414 0.009678764 0.013524505 
90 95.24728997289972 94.18604651162791 0.030188633 0.03195463 0.0097366 0.013665211 
91 95.29132791327913 95.42151162790698 0.029778676 0.024114622 0.009490087 0.010455696 
92 95.42682926829268 93.6046511627907 0.029776039 0.029785963 0.009664436 0.014091368 
93 95.40650406504065 94.98546511627907 0.029837118 0.027410427 0.009701655 0.010042075 
94 95.31165311653116 94.91279069767442 0.029835315 0.025092818 0.00966849 0.010500839 
95 95.50982384823848 94.84011627906976 0.029572189 0.030956866 0.009337453 0.013179181 
96 95.39972899728997 94.54941860465117 0.02953946 0.029096542 0.009424387 0.01186993 
97 95.61483739837398 94.47674418604652 0.028955098 0.028745877 0.009232484 0.012181022 
98 95.414972899729 95.71220930232558 0.029661706 0.025055295 0.009671001 0.012363237 
99 95.54878048780488 94.25872093023256 0.029091356 0.02949219 0.008990406 0.012363771 
100 95.59112466124661 95.56686046511628 0.02886225 0.025609123 0.009095171 0.010326202 
101 95.66056910569105 94.76744186046511 0.028815303 0.027541563 0.009380467 0.011273035 
102 95.5860433604336 94.40406976744185 0.028969463 0.029792648 0.009521725 0.011838811 
103 95.5640243902439 95.85755813953489 0.028898265 0.024977509 0.009351605 0.011465858 
104 95.54031165311653 95.27616279069767 0.028841315 0.027302487 0.009302313 0.012673928 
105 95.71815718157181 94.62209302325581 0.028253445 0.029218448 0.009266214 0.0117855435 
106 95.56741192411924 95.20348837209302 0.028729223 0.026762487 0.009135955 0.013145204 
107 95.74864498644986 95.05813953488372 0.028288936 0.025839364 0.009039578 0.0114704715 
108 95.7520325203252 94.3313953488372 0.028379982 0.028996827 0.009224696 0.0156080015 
109 95.88245257452574 95.20348837209302 0.02796656 0.025307367 0.009429258 0.010134059 
110 95.71646341463415 94.98546511627907 0.028233657 0.027100427 0.009255784 0.013400173 
111 95.95189701897019 95.42151162790698 0.027686957 0.02623703 0.008734839 0.010780586 
112 95.93326558265582 94.84011627906976 0.027825492 0.027260944 0.009253638 0.01237864 
113 95.93157181571816 94.18604651162791 0.02793427 0.030288355 0.009047924 0.014566521 
114 95.82994579945799 95.34883720930233 0.027919738 0.0258658 0.009130538 0.011285211 
115 95.93326558265582 95.49418604651163 0.027770268 0.024754887 0.009020033 0.012320428 
116 96.03658536585365 95.27616279069767 0.027319634 0.024158916 0.008925558 0.012642588 
117 96.08739837398375 95.78488372093024 0.02697735 0.023567513 0.008930437 0.010423705 
118 95.86720867208672 93.45930232558139 0.027702484 0.032601457 0.009227546 0.014195093 
119 96.06029810298104 95.78488372093024 0.027354907 0.02343556 0.008615083 0.012782801 
120 95.95189701897019 95.56686046511628 0.027379686 0.02326253 0.008755533 0.010364258 
121 96.14159891598916 95.20348837209302 0.026992952 0.026156168 0.008865756 0.013987741 
122 96.04674796747967 95.20348837209302 0.027121695 0.024995292 0.008944913 0.011267915 
123 96.02642276422765 93.82267441860465 0.027467486 0.029417701 0.009229561 0.013036138 
124 96.11957994579946 94.84011627906976 0.027142437 0.026860137 0.008958953 0.013907639 
125 96.0840108401084 95.34883720930233 0.026970882 0.026758755 0.008741416 0.012062717 
126 96.20088075880759 94.25872093023256 0.026627826 0.028769096 0.008988428 0.013341597 
127 96.15345528455285 95.93023255813954 0.026743438 0.023219578 0.00879812 0.01033887 
128 96.14668021680217 94.62209302325581 0.026701247 0.02594003 0.008655454 0.010136521 
129 96.09925474254743 95.63953488372093 0.026989235 0.023316473 0.009041869 0.010462922 
130 96.13482384823848 94.04069767441861 0.02701038 0.028412048 0.008948752 0.011210563 
131 96.36686991869918 94.47674418604652 0.025998296 0.026778396 0.008586381 0.012186012 
132 96.27371273712737 95.93023255813954 0.026105478 0.023223115 0.008597262 0.008754774 
133 96.22459349593495 94.04069767441861 0.026369704 0.028162967 0.008826615 0.011297234 
134 96.33468834688347 95.71220930232558 0.02630144 0.024667082 0.008723075 0.01257606 
135 96.20257452574526 94.11337209302326 0.026867196 0.028225522 0.008779157 0.012317828 
136 96.20257452574526 94.62209302325581 0.02648584 0.026350165 0.008790588 0.010658151 
137 96.13313008130082 95.05813953488372 0.026727183 0.026937842 0.0088746855 0.0103391055 
138 96.31775067750678 95.34883720930233 0.026178863 0.026310893 0.008650771 0.011940815 
139 96.43631436314364 93.82267441860465 0.02600933 0.02890014 0.008561961 0.009762289 
140 96.42276422764228 95.63953488372093 0.02596414 0.02364595 0.00842364 0.008684306 
141 96.37364498644986 94.18604651162791 0.025794813 0.028630462 0.008713887 0.013265652 
142 96.42953929539296 94.40406976744185 0.025969217 0.026544668 0.008712057 0.012697727 
143 96.32960704607046 94.47674418604652 0.026106486 0.02711336 0.008703942 0.010366045 
144 96.39227642276423 94.47674418604652 0.025904004 0.025748048 0.008719005 0.012519648 
145 96.35331978319783 96.51162790697674 0.02603645 0.02173769 0.00875653 0.008802601 
146 96.38888888888889 94.18604651162791 0.025745107 0.028091703 0.008500386 0.016221708 
147 96.40243902439025 95.71220930232558 0.02572404 0.022623949 0.008669595 0.008837898 
148 96.38550135501355 94.69476744186046 0.0257947 0.026373325 0.008477309 0.013371283 
149 96.42615176151762 94.69476744186046 0.02582711 0.02540195 0.00868958 0.010293645 
150 96.55826558265582 94.69476744186046 0.025318194 0.029711524 0.008667297 0.012269789 
151 96.38719512195122 95.34883720930233 0.025499105 0.027031569 0.0086958045 0.009262636 
152 96.5548780487805 95.71220930232558 0.024988286 0.023358619 0.008551731 0.01098461 
153 96.44478319783198 94.04069767441861 0.025604868 0.030942986 0.008487062 0.01392991 
154 96.5040650406504 96.00290697674419 0.025314722 0.024532141 0.008370298 0.010706477 
155 96.68360433604336 95.20348837209302 0.02525395 0.026247103 0.008694501 0.013658348 
156 96.6260162601626 95.13081395348837 0.024931684 0.024797319 0.008433099 0.010817762 
157 96.65989159891599 95.63953488372093 0.024932051 0.022737833 0.008426195 0.011087934 
158 96.67852303523036 94.40406976744185 0.024955617 0.028026007 0.008397186 0.013219701 
159 96.51592140921409 93.96802325581395 0.025341172 0.02986201 0.008533283 0.014462707 
160 96.664972899729 94.91279069767442 0.025144355 0.026428886 0.008460691 0.011173715 
161 96.56673441734418 94.40406976744185 0.025017738 0.02839197 0.008542361 0.011303993 
162 96.5819783197832 93.8953488372093 0.024976512 0.028125599 0.008263993 0.011452588 
163 96.79031165311653 95.78488372093024 0.024509817 0.022809567 0.008469516 0.010297832 
164 96.65311653116531 94.98546511627907 0.024688683 0.025946962 0.008367796 0.010965581 
165 96.66158536585365 94.91279069767442 0.024607558 0.024943901 0.008314248 0.011646661 
166 96.7310298102981 94.62209302325581 0.024730835 0.027309276 0.008450909 0.0121329045 
167 96.76829268292683 95.13081395348837 0.024445994 0.026856847 0.008268849 0.01295743 
168 96.75474254742548 95.20348837209302 0.024569206 0.024642188 0.008153323 0.012652169 
169 96.71917344173441 94.18604651162791 0.024609651 0.027779305 0.007972028 0.012366592 
170 96.72933604336043 95.20348837209302 0.02446133 0.025443442 0.008544559 0.011065158 
171 96.68021680216802 94.18604651162791 0.024728054 0.029349219 0.008314227 0.0138114225 
172 96.72086720867209 95.63953488372093 0.024633938 0.023808751 0.008298956 0.014263983 
173 96.72425474254743 94.69476744186046 0.024520982 0.026501736 0.008134349 0.011195069 
174 96.82418699186992 94.47674418604652 0.024168901 0.027623126 0.007947782 0.0127770705 
175 96.7428861788618 94.76744186046511 0.02438871 0.026174346 0.008411066 0.013268769 
176 96.71239837398375 95.34883720930233 0.024370478 0.02432529 0.008185113 0.010695499 
177 96.92411924119241 95.13081395348837 0.02409075 0.02681613 0.008288848 0.013658425 
178 96.69037940379404 95.34883720930233 0.024268627 0.024183908 0.008129848 0.010094511 
179 96.90379403794039 94.62209302325581 0.023858672 0.026414407 0.008066175 0.01252814 
180 96.73780487804878 95.56686046511628 0.024195688 0.023994362 0.008291576 0.009068829 
181 96.90548780487805 94.91279069767442 0.023864983 0.02489866 0.00823891 0.0112848 
182 96.85467479674797 95.34883720930233 0.023930045 0.02396139 0.008069542 0.0120545095 
183 96.94613821138212 94.98546511627907 0.023853643 0.02592626 0.008052798 0.013905154 
184 96.95121951219512 95.49418604651163 0.023775378 0.02395967 0.008075773 0.010302344 
185 96.84789972899729 95.63953488372093 0.02410407 0.02417242 0.008149495 0.01018893 
186 96.72933604336043 94.91279069767442 0.024621204 0.026455475 0.00856613 0.011971666 
187 96.94275067750678 95.20348837209302 0.023642903 0.024829037 0.008015276 0.011165457 
188 96.93766937669376 94.47674418604652 0.023912694 0.028955465 0.008082657 0.014020341 
189 96.9308943089431 95.85755813953489 0.023726042 0.021855572 0.008172356 0.01101553 
190 96.9410569105691 96.00290697674419 0.023610702 0.023663571 0.008102143 0.013723432 
191 96.96985094850949 95.34883720930233 0.023620337 0.023576709 0.007911135 0.011034901 
192 96.86314363143632 94.98546511627907 0.023856988 0.025929444 0.008213995 0.013095048 
193 96.90379403794039 94.98546511627907 0.023994409 0.02620181 0.008335338 0.010471456 
194 96.90040650406505 94.76744186046511 0.023922663 0.027415955 0.008046208 0.01202267 
195 97.0071138211382 94.3313953488372 0.023380963 0.02784058 0.008166149 0.01131263 
196 96.89871273712737 95.27616279069767 0.023803595 0.025951719 0.008263181 0.011074444 
197 96.84451219512195 95.05813953488372 0.023775352 0.026121728 0.00830896 0.014518206 
198 96.98509485094851 94.98546511627907 0.023434289 0.0272161 0.007986682 0.011445794 
199 96.90887533875339 95.34883720930233 0.023642734 0.024327302 0.008201634 0.012379389 
