best model
epoch = 4

TRAINING result

loss_mean = 0.08221352
loss_std  = 0.0067112506


accuracy   = 71.934 [%]
hit_count  = 671231
miss_count = 261889

class_accuracy = 96.684%   74.333%   60.299%   52.839%   75.445%   


confusion_matrix = 
      180431        5253        1797        2372        2659
        2135      138769       35684       19063        5472
        1325       26785      112372       29814       10766
        1202       10487       23490       98404       27077
        1525        5390       13015       36578      141255





TESTING result

loss_mean = 0.034068998
loss_std  = 0.0057747834


accuracy   = 92.144 [%]
hit_count  = 4246
miss_count = 362

class_accuracy = 97.891%   91.667%   41.538%   37.363%   68.085%   


confusion_matrix = 
        2599          10           0           0           0
          32        1463          56          16           3
           6          86          54          17           8
           3          26          15          34          33
          14          10           4          23          96

