0 62.06564359113034 86.33720930232558 0.12676162 0.057290733 0.027774464 0.014396569 
1 72.79272579772851 86.84593023255815 0.099028476 0.06069256 0.016216664 0.014777239 
2 76.50757166035694 88.44476744186046 0.0895145 0.05441735 0.01573698 0.012922507 
3 78.37006489994592 87.57267441860465 0.08396091 0.050362755 0.015424077 0.011880207 
4 80.11425094645755 88.59011627906976 0.0792929 0.054417282 0.015230724 0.017639253 
5 81.22633856138454 87.93604651162791 0.07608666 0.052468695 0.015073709 0.017244004 
6 81.74351000540833 90.26162790697674 0.07433222 0.04917567 0.01496417 0.01830358 
7 82.71024878312602 89.75290697674419 0.07201475 0.045586664 0.015414416 0.0144197 
8 83.2730530016225 88.66279069767442 0.07017954 0.051817972 0.014806029 0.0152297225 
9 84.13838561384532 90.33430232558139 0.06779023 0.04588367 0.014694029 0.013280595 
10 84.40880205516495 90.91569767441861 0.066832736 0.047671832 0.01444777 0.01342266 
11 84.72147106544078 89.31686046511628 0.065988645 0.05262904 0.014626497 0.017269768 
12 85.38568144943213 92.73255813953489 0.063980535 0.040959083 0.014286211 0.014701642 
13 85.9163737155219 92.00581395348837 0.06264374 0.045447424 0.013628547 0.015408695 
14 86.26791508923742 91.56976744186046 0.061395682 0.04287616 0.014166335 0.013465924 
15 86.60086533261222 89.68023255813954 0.06085708 0.047562573 0.014000466 0.017490992 
16 86.97268793942672 91.93313953488372 0.059533052 0.046195786 0.013238156 0.016375458 
17 87.14338831800974 91.35174418604652 0.05892687 0.04295441 0.013679177 0.012740745 
18 87.66055976203353 92.00581395348837 0.05773959 0.040855523 0.013329059 0.015346413 
19 87.7619659275284 92.95058139534883 0.057141274 0.039782513 0.013584179 0.015209697 
20 87.81942942130881 91.78779069767442 0.056850374 0.042889267 0.013334168 0.016023336 
21 88.28082747431044 91.35174418604652 0.055541277 0.043189038 0.013505863 0.014953025 
22 88.39744456462952 91.93313953488372 0.055101212 0.042865302 0.012889321 0.015408212 
23 88.80644943212548 93.09593023255815 0.054263555 0.040428903 0.013082598 0.015056783 
24 88.73377501352083 91.2063953488372 0.05399799 0.043301847 0.012976696 0.015517006 
25 89.01095186587345 89.17151162790698 0.05336635 0.050498564 0.013051113 0.01842583 
26 89.27291779340185 91.49709302325581 0.052690085 0.043108974 0.0125115095 0.015226424 
27 89.4808004326663 91.27906976744185 0.051927112 0.044240072 0.012689343 0.017163241 
28 89.37601406165494 90.84302325581395 0.051983822 0.04455618 0.0125123095 0.014771161 
29 89.4520686857761 92.36918604651163 0.051884174 0.0418965 0.012761385 0.01535823 
30 89.70896430502975 89.97093023255815 0.0512718 0.049034026 0.012777795 0.017616147 
31 89.94895889670092 91.42441860465117 0.05047557 0.046147607 0.012664184 0.01594511 
32 90.21092482422931 92.29651162790698 0.049896993 0.040599268 0.012404205 0.014611909 
33 90.2920497566252 92.00581395348837 0.049388573 0.044361264 0.012451714 0.020370966 
34 90.46275013520822 92.36918604651163 0.048849195 0.039571777 0.0127409445 0.01520993 
35 90.42556787452678 92.44186046511628 0.048898295 0.03739281 0.012375242 0.011996402 
36 90.4830313683072 91.64244186046511 0.04857522 0.040465698 0.0121779 0.013616351 
37 90.67739318550568 91.13372093023256 0.048297904 0.045311954 0.012534817 0.016367212 
38 90.59795835586803 91.56976744186046 0.048266537 0.04459773 0.012614918 0.01616612 
39 90.9190778799351 89.82558139534883 0.04702898 0.04628917 0.012289739 0.017235892 
40 90.8447133585722 92.07848837209302 0.047453415 0.04277104 0.012116245 0.015582571 
41 91.21822606814494 92.00581395348837 0.04644086 0.04183592 0.012004984 0.015311857 
42 90.79401027582477 91.13372093023256 0.047235046 0.044792462 0.012293383 0.018385965 
43 91.21484586262845 91.2063953488372 0.046944864 0.042364214 0.012122954 0.016723972 
44 91.03907517577069 92.00581395348837 0.046781845 0.04062499 0.012115107 0.018949304 
45 91.29766089778259 92.51453488372093 0.0460775 0.041909024 0.01183187 0.0148495305 
46 91.26047863710113 90.55232558139535 0.046585146 0.045731604 0.01232407 0.014254736 
47 91.58835857220119 91.2063953488372 0.04524203 0.04360416 0.011502051 0.014093802 
48 91.44131963223364 92.15116279069767 0.045624968 0.04244116 0.012077522 0.014735553 
49 91.61202001081666 91.2063953488372 0.045431245 0.045615137 0.011696134 0.018404312 
50 91.49878312601406 89.46220930232558 0.045400023 0.048621356 0.011705267 0.019677194 
51 91.72018658734451 91.49709302325581 0.044927433 0.043944146 0.011842683 0.014082478 
52 91.74722823147647 92.07848837209302 0.044623516 0.04041561 0.011764161 0.012745057 
53 91.88243645213629 91.06104651162791 0.04472883 0.04672702 0.011672323 0.016313186 
54 91.79286100594916 91.86046511627907 0.04447621 0.04245877 0.011587559 0.016817076 
55 91.8689156300703 91.06104651162791 0.04423643 0.04472898 0.011803679 0.01750347 
56 91.97032179556517 91.49709302325581 0.044047154 0.043389972 0.011575113 0.017140025 
57 91.9889129259059 93.24127906976744 0.0436846 0.037318353 0.011708554 0.015037731 
58 92.06834775554354 91.56976744186046 0.043531794 0.041413747 0.01162459 0.017767202 
59 92.10045970795025 90.91569767441861 0.043603316 0.044456467 0.01122855 0.014980787 
60 92.27454029204975 91.2063953488372 0.04279795 0.04428377 0.011300913 0.015980234 
61 92.22383720930233 91.42441860465117 0.043302834 0.042497985 0.01161829 0.01575996 
62 92.37425635478637 92.51453488372093 0.0426795 0.04035016 0.011470058 0.015730957 
63 92.10045970795025 92.44186046511628 0.043443672 0.039426003 0.01161507 0.013968288 
64 92.4638318009735 91.06104651162791 0.042485327 0.043623574 0.011359483 0.014440688 
65 92.27792049756626 90.11627906976744 0.04251955 0.04810447 0.011357947 0.015459615 
66 92.30158193618172 92.22383720930233 0.042776328 0.039172374 0.011684898 0.014422607 
67 92.43171984856679 93.09593023255815 0.042333905 0.039982878 0.011547328 0.015875384 
68 92.39622769064358 92.15116279069767 0.04247697 0.04296241 0.011305787 0.015023609 
69 92.66495402920498 92.65988372093024 0.04200196 0.037070442 0.011576472 0.016642306 
70 92.74438885884261 91.93313953488372 0.041790944 0.044891644 0.011513612 0.015680876 
71 92.8001622498648 92.95058139534883 0.040981296 0.040670227 0.011175199 0.015153655 
72 92.79847214710654 91.35174418604652 0.041786045 0.040994886 0.0112386765 0.015466804 
73 92.67171444023796 93.02325581395348 0.04147668 0.037977096 0.010618727 0.015031689 
74 92.76805029745809 92.58720930232558 0.04133671 0.040332116 0.011203771 0.015570529 
75 92.90494862087616 91.49709302325581 0.041077238 0.04203719 0.010940524 0.016377708 
76 93.0418469442942 91.49709302325581 0.040812958 0.041749045 0.01099687 0.014750862 
77 93.02156571119524 92.58720930232558 0.040721696 0.037608813 0.010981883 0.012445854 
78 92.92184964845863 91.71511627906976 0.040895592 0.042472478 0.010994983 0.017578466 
79 93.13480259599784 91.42441860465117 0.04038699 0.042622894 0.011465511 0.015271997 
80 92.98438345051379 92.51453488372093 0.040751845 0.038656168 0.011124028 0.0135526145 
81 93.21423742563547 89.38953488372093 0.040434483 0.049759492 0.011116029 0.019197648 
82 93.11114115738236 91.64244186046511 0.040469468 0.040802743 0.010960208 0.01714081 
83 93.06381828015144 92.07848837209302 0.04044994 0.03985654 0.010879119 0.015304116 
84 93.15170362358032 93.02325581395348 0.04001777 0.03763971 0.01082671 0.012697318 
85 93.24634937804218 92.36918604651163 0.03984447 0.03835465 0.011258585 0.01306186 
86 93.197336398053 92.29651162790698 0.040119994 0.040099233 0.010860949 0.012899386 
87 93.4525419145484 91.49709302325581 0.039253443 0.042150643 0.010849174 0.015710654 
88 93.33254461871282 91.35174418604652 0.039761122 0.04562706 0.010771536 0.016462542 
89 93.35958626284479 91.71511627906976 0.039751917 0.043803733 0.011205132 0.017115768 
90 93.36634667387777 90.98837209302326 0.03948898 0.04253414 0.010815034 0.017100776 
91 93.381557598702 92.58720930232558 0.03934871 0.042211793 0.010933631 0.01625482 
92 93.33761492698756 93.09593023255815 0.039743733 0.040407944 0.010960981 0.013770805 
93 93.44578150351542 93.96802325581395 0.039274704 0.033765234 0.010857015 0.012761395 
94 93.46606273661439 92.95058139534883 0.03924383 0.037315752 0.010830775 0.011655261 
95 93.49310438074635 92.65988372093024 0.039183814 0.04050831 0.010819066 0.014549574 
96 93.39000811249323 90.91569767441861 0.0395014 0.046736635 0.0113092465 0.014773499 
97 93.54211736073553 93.45930232558139 0.038918216 0.037075058 0.010726259 0.012860924 
98 93.4880340724716 93.45930232558139 0.039035562 0.037881598 0.010788011 0.015931023 
99 93.65197404002163 91.42441860465117 0.038610555 0.04213551 0.010695726 0.016581023 
100 93.59113034072472 90.98837209302326 0.038732793 0.04761874 0.010894064 0.017852342 
101 93.61141157382369 92.51453488372093 0.038392626 0.038343817 0.010956247 0.014651353 
102 93.58098972417523 91.35174418604652 0.038591027 0.045456465 0.010727082 0.016198996 
103 93.65028393726338 91.64244186046511 0.038824342 0.043295573 0.011069673 0.013880086 
104 93.83619524067063 92.00581395348837 0.03832691 0.04045771 0.0106683 0.011323563 
105 93.75507030827474 93.24127906976744 0.03818109 0.0382112 0.010627048 0.013205868 
106 93.62324229313143 92.44186046511628 0.038509212 0.040064435 0.010817315 0.013855177 
107 93.8953488372093 92.44186046511628 0.03795839 0.038313176 0.010960933 0.016603855 
108 93.70605732828555 92.58720930232558 0.038550384 0.038299654 0.010639171 0.014768277 
109 93.73309897241752 93.31395348837209 0.03800182 0.037549663 0.010916634 0.013955453 
110 93.92070037858302 91.42441860465117 0.037799675 0.043065004 0.010397035 0.016004039 
111 93.90548945375879 92.73255813953489 0.037586227 0.03911201 0.010445955 0.013607753 
112 93.81591400757166 93.75 0.03814296 0.037710812 0.010749528 0.017309431 
113 93.87675770686857 92.87790697674419 0.037912004 0.03672626 0.010887249 0.012739819 
114 94.05928880475933 91.86046511627907 0.037327256 0.04088285 0.010699935 0.016492572 
115 93.96126284478096 90.4796511627907 0.037648786 0.04550314 0.010717208 0.015478484 
116 93.89703893996754 92.80523255813954 0.03757284 0.038086165 0.010622697 0.014021485 
117 93.91224986479178 91.78779069767442 0.037863836 0.045078054 0.010800023 0.017233334 
118 94.0829502433748 93.02325581395348 0.037404433 0.03919157 0.010568004 0.014478481 
119 93.98661438615468 91.56976744186046 0.0369453 0.04179712 0.010400685 0.01641377 
120 94.10492157923201 91.78779069767442 0.03724748 0.04084802 0.010754234 0.014587872 
121 93.95450243374798 92.51453488372093 0.037464097 0.0385141 0.010189118 0.012885029 
122 94.13534342888047 93.09593023255815 0.037145842 0.03795254 0.0107342675 0.015543031 
123 94.21815846403462 93.09593023255815 0.036803387 0.04014227 0.0102755185 0.013923173 
124 93.87844780962682 92.87790697674419 0.037497565 0.03902117 0.010771874 0.015876992 
125 94.1150621957815 92.15116279069767 0.03708168 0.042802274 0.010557622 0.016405592 
126 94.28069226608977 91.86046511627907 0.036617372 0.03808151 0.010777951 0.014836807 
127 94.08633044889129 92.58720930232558 0.03692943 0.04009305 0.010348538 0.015410379 
128 94.05928880475933 93.53197674418605 0.036985267 0.03658802 0.010523155 0.015039801 
129 94.24689021092482 93.31395348837209 0.036795847 0.037144624 0.010257838 0.013032574 
130 94.18097620335317 92.36918604651163 0.036772728 0.03969025 0.010446153 0.01518687 
131 94.32463493780422 92.29651162790698 0.036385115 0.03997409 0.0108177895 0.017639717 
132 94.20294753921038 92.51453488372093 0.03634501 0.040026303 0.010460304 0.011776527 
133 94.08633044889129 92.15116279069767 0.03663722 0.040190868 0.010271589 0.015899548 
134 94.1606949702542 92.22383720930233 0.03689419 0.04167385 0.010545958 0.013941906 
135 94.10830178474852 91.78779069767442 0.036906976 0.040489007 0.010252988 0.014158604 
136 94.16914548404543 92.87790697674419 0.036494303 0.036011495 0.010602373 0.011727265 
137 94.2992833964305 93.6046511627907 0.036415685 0.036013164 0.010465461 0.015425713 
138 94.3736479177934 92.65988372093024 0.03603716 0.040184543 0.010586221 0.014374736 
139 94.1894267171444 92.80523255813954 0.0366323 0.038292333 0.010454528 0.013725076 
140 94.35336668469444 91.56976744186046 0.036297005 0.04226876 0.010317284 0.018038398 
141 94.31787452677123 93.31395348837209 0.036253806 0.038310822 0.01032103 0.015121835 
142 94.31111411573823 93.31395348837209 0.03595622 0.036102302 0.010385589 0.013154633 
143 94.41590048674959 92.58720930232558 0.03601405 0.03752541 0.009880208 0.012929826 
144 94.36181719848567 91.78779069767442 0.035981737 0.041818753 0.010209681 0.01507935 
145 94.29252298539751 92.80523255813954 0.036164004 0.037031732 0.009998292 0.013157251 
146 94.40237966468361 92.58720930232558 0.03619903 0.039066963 0.01039504 0.016069146 
147 94.26210113574905 93.96802325581395 0.036122784 0.038381588 0.010336096 0.0138691235 
148 94.40237966468361 92.07848837209302 0.035493456 0.042893633 0.010230814 0.0135539165 
149 94.4480124391563 93.31395348837209 0.035796944 0.038039275 0.010196404 0.015599426 
150 94.5291373715522 92.65988372093024 0.035723303 0.039126843 0.010420007 0.016702272 
151 94.46153326122229 92.51453488372093 0.035838705 0.037778467 0.010480714 0.012917652 
152 94.66096538669551 92.44186046511628 0.0351936 0.03976438 0.010079549 0.016561478 
153 94.40406976744185 92.80523255813954 0.035730712 0.037193395 0.0101653645 0.011968352 
154 94.6001216873986 92.44186046511628 0.035306685 0.039808236 0.010306815 0.012168731 
155 94.70152785289346 92.58720930232558 0.035410132 0.03947243 0.010086061 0.011692509 
156 94.5189967550027 92.95058139534883 0.03539936 0.038939495 0.010005884 0.016066132 
157 94.671106003245 93.75 0.035072625 0.037753012 0.010237301 0.013315079 
158 94.44125202812332 92.87790697674419 0.03560078 0.038865566 0.010568797 0.015691595 
159 94.47336398053001 93.31395348837209 0.035298035 0.037043642 0.01018033 0.011305956 
160 94.5578691184424 92.36918604651163 0.03520833 0.0389439 0.009881832 0.012385571 
161 94.62716333153055 92.58720930232558 0.03522477 0.040072937 0.01006583 0.015295495 
162 94.83166576527853 92.80523255813954 0.034681574 0.038085554 0.009909458 0.012154927 
163 94.50209572742023 93.31395348837209 0.035384778 0.03749883 0.010468791 0.013622143 
164 94.66772579772851 92.58720930232558 0.03470682 0.03877913 0.010312146 0.014752783 
165 94.73871011357491 92.95058139534883 0.034791984 0.040516466 0.010086694 0.016216522 
166 94.62040292049757 92.65988372093024 0.03482036 0.0393513 0.009987853 0.014398609 
167 94.57646024878312 93.67732558139535 0.035055082 0.037332058 0.010344555 0.012302748 
168 94.51730665224446 92.36918604651163 0.035508443 0.03827669 0.009962797 0.015470411 
169 94.68124661979448 94.11337209302326 0.034590147 0.03580938 0.009958727 0.013276489 
170 94.6744862087615 92.07848837209302 0.03501145 0.038783565 0.01045171 0.013989601 
171 94.80800432666307 92.44186046511628 0.034457333 0.04073511 0.010105495 0.017614076 
172 94.76744186046511 92.29651162790698 0.03462575 0.040015854 0.010065648 0.017412467 
173 94.92800162249864 93.67732558139535 0.03458825 0.03575616 0.009963181 0.013720124 
174 94.75561114115739 93.1686046511628 0.034516178 0.03656621 0.00985407 0.011841792 
175 94.83335586803678 92.65988372093024 0.034590688 0.039156225 0.010144726 0.014256597 
176 94.72856949702542 92.07848837209302 0.034681875 0.041846216 0.0100780865 0.01293298 
177 94.82490535424554 92.15116279069767 0.03447435 0.039681025 0.010231388 0.009560597 
178 94.82997566252028 93.53197674418605 0.03460518 0.036721185 0.0097075235 0.015515972 
179 94.77420227149811 92.87790697674419 0.03471778 0.04004667 0.010196448 0.013076849 
180 94.80124391563007 92.44186046511628 0.034239147 0.03814249 0.010321781 0.014100868 
181 94.68293672255272 93.02325581395348 0.03464612 0.03726108 0.010332483 0.011760463 
182 94.8941995673337 94.04069767441861 0.034587502 0.03532613 0.009763436 0.015132066 
183 94.76575175770687 92.58720930232558 0.03438126 0.039388657 0.009737375 0.013900344 
184 94.8130746349378 93.6046511627907 0.03424995 0.03675444 0.009829613 0.01613142 
185 94.80124391563007 94.04069767441861 0.034270167 0.037898213 0.010040828 0.012927411 
186 94.98884532179557 92.73255813953489 0.03413208 0.03842312 0.009878399 0.013912261 
187 95.02602758247701 93.31395348837209 0.033724986 0.037206545 0.010030367 0.009717916 
188 94.86377771768524 93.31395348837209 0.034339927 0.035513397 0.009919386 0.015600399 
189 95.01081665765278 91.49709302325581 0.0336825 0.044324398 0.0095795775 0.016145926 
190 94.94997295835587 93.6046511627907 0.03386991 0.034323607 0.0101076355 0.010183632 
191 94.93814223904813 93.67732558139535 0.034464307 0.0346944 0.010158972 0.01268437 
192 95.03109789075175 91.49709302325581 0.033582244 0.03908029 0.009869807 0.014384945 
193 94.9939156300703 92.87790697674419 0.034000438 0.04152711 0.009876466 0.016951531 
194 94.82997566252028 93.82267441860465 0.03402088 0.03629156 0.010070294 0.012352954 
195 95.06828015143321 93.09593023255815 0.033911478 0.038365986 0.009901737 0.014137216 
196 95.03109789075175 94.84011627906976 0.033637267 0.03309799 0.009758679 0.011097984 
197 94.95166306111412 93.8953488372093 0.03392368 0.03572863 0.010102937 0.01429216 
198 94.90941049215792 92.65988372093024 0.034276526 0.038324334 0.010126945 0.013462855 
199 95.15447539210383 93.09593023255815 0.03342094 0.039475974 0.010042421 0.017831055 
