0 0.054866 0.08042203 0.29147624493074353 0.11413243035299808 0.022344751 0.0008897155 0.417662617812631 0.04265565902340128  4.13 
1 0.018955946 0.001790896 0.4934457524524201 0.06088825238190952 0.016844086 0.001193276 0.535567555318672 0.05812033479336732  4.09 
2 0.016516836 0.0015348296 0.5608597025317051 0.05607666464578071 0.014829046 0.0014530803 0.6276232746778811 0.04702552624469833  4.05 
3 0.014971391 0.0016238878 0.6163625112817918 0.05182558540966073 0.01348026 0.00148668 0.6622141345468521 0.0464835311840177  4.01 
4 0.013948201 0.0015267599 0.6411311062393829 0.048484840398513744 0.01263499 0.0016398544 0.6823205665945062 0.04804012651528494  3.97 
5 0.013468468 0.001823277 0.6524382216596171 0.05516063111916835 0.01225806 0.0018195852 0.6893687805511607 0.05052271229196872  3.92 
6 0.01293044 0.00184255 0.6670182590546538 0.05405205280208222 0.011556718 0.0018749232 0.7089243593809853 0.0521631090908588  3.88 
7 0.012413195 0.0017433754 0.6809051457440253 0.05117287821382817 0.011304894 0.0018448279 0.7158587018456178 0.05060360736326762  3.84 
8 0.012058094 0.0018742651 0.691029527812956 0.0540269431048956 0.010575286 0.001690744 0.7361577208142039 0.04831352157056752  3.8 
9 0.0117493365 0.0019237297 0.6983768668421138 0.055265189315956496 0.010398398 0.001756371 0.7398002105049791 0.047463358122570534  3.76 
10 0.011354307 0.0018043809 0.7091647460420387 0.051119962560081604 0.010225034 0.0018301609 0.7430722358783797 0.0493199556122261  3.72 
11 0.011141136 0.0017133529 0.7148589886514408 0.04927796392771376 0.009971415 0.0018243453 0.7497094119955964 0.04784161164664503  3.68 
12 0.011049005 0.00181679 0.7167390924528473 0.05082519536548597 0.009940932 0.0020112698 0.7499169431143543 0.052222987306568505  3.63 
13 0.010790271 0.0018716442 0.7231994391503316 0.05268705624942995 0.009517418 0.0017199349 0.7602976283043766 0.045377888735800925  3.59 
14 0.010554769 0.0019123659 0.7301625455811871 0.05369350614725389 0.009187046 0.0015617703 0.7692366952126309 0.04189881936698796  3.55 
15 0.0104483375 0.0018289374 0.7318789227856908 0.05141048932845593 0.0092819445 0.0017786442 0.7666675364559288 0.046432658164494094  3.51 
16 0.010300525 0.0018616323 0.7361551723186733 0.05102909834624982 0.009090815 0.001860268 0.7705346085302719 0.04815986064020871  3.47 
17 0.010072886 0.0019007603 0.7413508390482414 0.05354273963420379 0.008949743 0.0017629091 0.7741458716880689 0.04844087036431867  3.43 
18 0.0098554 0.0017919439 0.747151123886631 0.04967599372686246 0.008932733 0.0018321126 0.7741883775203755 0.04765667112204895  3.38 
19 0.009887293 0.0019474665 0.7456217459643297 0.05460063424991007 0.008839418 0.001609864 0.7759241363614263 0.04303316801807541  3.34 
20 0.00974878 0.0017784642 0.7501819181561543 0.048222483032454015 0.008519766 0.001589269 0.7844790629891096 0.04319379150919646  3.3 
21 0.009519184 0.0019535394 0.7564427729744473 0.05351809702526254 0.008502964 0.0017203488 0.7847291948081191 0.04516989221216508  3.26 
22 0.009571114 0.0019162106 0.754687995070108 0.052013325979544375 0.008498049 0.0017197878 0.7843804852083947 0.04721723930349093  3.22 
23 0.009609736 0.0019519575 0.7539464583033773 0.05315197332148837 0.008170839 0.001467026 0.7925197953700429 0.0384360534501317  3.18 
24 0.009338575 0.001891786 0.7604331053399773 0.05195059405797931 0.008210196 0.0016012666 0.7933092963925145 0.04253497441931831  3.14 
25 0.009183451 0.0018157634 0.7647203733793951 0.04958807784696898 0.008267923 0.0015971648 0.7921651789924941 0.04242580161583768  3.1 
26 0.009326798 0.0018492996 0.760874804397156 0.05024186011515157 0.008428724 0.0017942324 0.7873541209371967 0.04713504818104095  3.06 
27 0.009215447 0.001956717 0.7642203977544438 0.05338652492587013 0.008107963 0.0016111748 0.7952923410142315 0.043062628757729655  3.0 
28 0.009064214 0.0018432367 0.7677378598157624 0.05071176740962963 0.008047195 0.0016733772 0.7959023069477519 0.04397821441451449  2.95 
29 0.008928639 0.0017813627 0.7709761060534681 0.04875036598363079 0.008013563 0.0016070715 0.7977455861215745 0.04256017612803457  2.9 
30 0.008854356 0.0018294343 0.7736633090421667 0.0493661468984361 0.007852581 0.0017140374 0.8016085888603922 0.04445830627360371  2.86 
31 0.0088536935 0.0018001655 0.7731660483074703 0.04890375906895857 0.00792967 0.0016639457 0.7992934365292858 0.044110457872945576  2.81 
32 0.008709678 0.0018582374 0.7772757281715083 0.0496059521413104 0.0076718493 0.0016539902 0.8053167221758983 0.042837486313018515  2.77 
33 0.008712613 0.0017926899 0.776540851730445 0.04855602220437121 0.0076793674 0.0017270906 0.8052914623373411 0.04432770245451698  2.72 
34 0.00883961 0.0019318232 0.7733921789256959 0.05230465712426332 0.007746115 0.0015720833 0.8041712316872037 0.04238340231116984  2.69 
35 0.008679143 0.0018834249 0.7769529715583893 0.0511295488849014 0.0075954194 0.001488938 0.8082710747466633 0.03959044179230773  2.68 
36 0.008545301 0.0018027362 0.7805531595815877 0.04877659340478502 0.007688898 0.0016951832 0.8046447625369961 0.04318524037273891  2.66 
37 0.008452678 0.0017537416 0.7829565270750597 0.04693347664696323 0.0075628543 0.0017020537 0.8078188392539469 0.043028791013411484  2.62 
38 0.008516516 0.0018069518 0.7808394971853022 0.04943101068796778 0.0075937286 0.001678398 0.8066709920457821 0.04394052052152457  2.6 
39 0.008320125 0.0017890139 0.7862884024174716 0.04806185774628059 0.0075418386 0.001730642 0.8087897527520667 0.04338765185099019  2.56 
40 0.008389284 0.0016913799 0.7841840061246694 0.04590355120702289 0.007407212 0.001543479 0.811584762126967 0.041587211239457904  2.54 
41 0.008380868 0.0017786185 0.7839921948981721 0.04826098676157216 0.007360886 0.0015896207 0.8120130709254025 0.04071126157446026  2.5 
42 0.008379527 0.0017930566 0.7832209097022476 0.04881566124084611 0.007400635 0.0016878702 0.8111807894528894 0.04339811353748316  2.46 
43 0.008299204 0.0018173661 0.7859891543441412 0.04922795398346235 0.0073210564 0.0015620783 0.8125904771816679 0.042303075150524866  2.43 
44 0.008386966 0.0018885988 0.7832683728544445 0.051669933197429345 0.007441282 0.0016749469 0.8105288819016816 0.046634775338822335  2.39 
45 0.008294777 0.0018091616 0.7860539194739862 0.04870122354879441 0.007108382 0.0015498593 0.8174304949253689 0.040224304302447805  2.35 
46 0.008086068 0.0017657746 0.7908699604586873 0.048149938174002246 0.0071756877 0.0016853124 0.8155106173757191 0.04404505139720579  2.31 
47 0.0081308335 0.0017688274 0.7892012771335978 0.0486822059095534 0.007192258 0.001591895 0.8155119205616974 0.04098173324871029  2.28 
48 0.008160094 0.0017156253 0.7887357337003474 0.047100582150707976 0.0071666585 0.0016761998 0.8155909056152927 0.043684569451134456  2.24 
49 0.007977564 0.0017990381 0.7931327048405975 0.04878545030625205 0.0070695216 0.0017726083 0.8180303299609976 0.0459789248649423  2.2 
50 0.008039387 0.0017432076 0.7914224701073407 0.04714823790305301 0.0068598455 0.0015273982 0.8232235760144236 0.04130867458176911  2.16 
51 0.007974267 0.001726661 0.7935418559783484 0.04682846072704178 0.0067949784 0.0014479344 0.8239669063060909 0.03969669838179424  2.11 
52 0.007989517 0.001811336 0.7926533177743202 0.049267120192700305 0.0069413623 0.001504758 0.8213603396208511 0.041180023040465925  2.08 
53 0.007994867 0.0017370436 0.7923219575996386 0.04767540783833044 0.00701596 0.0015988685 0.8186079259531525 0.04172893897936691  2.04 
54 0.00779937 0.0017504292 0.7969092248576604 0.04867164897182155 0.006887163 0.0014784922 0.8209514288205961 0.04062725933911531  1.99 
55 0.007932621 0.0017760216 0.7936717989833934 0.048019006345309506 0.007009432 0.0016019865 0.8189507387611519 0.04230667266539847  1.95 
56 0.007816097 0.0016834339 0.7970753766539783 0.04623558358110135 0.0068381573 0.0014184539 0.8238344057455462 0.03775369448596167  1.91 
57 0.007778502 0.0018253161 0.7976496720791991 0.049503727218724605 0.0068238648 0.0014571657 0.8225104287083423 0.04008359389355152  1.87 
58 0.007865922 0.0017183027 0.7950205585128632 0.04649016876701466 0.006820178 0.001348949 0.8220684689119593 0.03748839406651346  1.82 
59 0.007829423 0.0017376054 0.7954750424215062 0.04832439992086093 0.0067219352 0.001551171 0.8259328347533518 0.040751533967827144  1.78 
60 0.0077536213 0.00179095 0.7979257115581231 0.04928658303232155 0.00667752 0.0015265545 0.8260751666288044 0.041194017568195816  1.74 
61 0.0076572574 0.0017578745 0.8000495222644278 0.04834552249606852 0.006653991 0.0015063515 0.8261558193610077 0.041576055540816025  1.69 
62 0.007767064 0.0016851967 0.7974092543189621 0.046064942153883015 0.0065534525 0.001427665 0.8290926762855374 0.04049186275802959  1.66 
63 0.007712429 0.0016964515 0.7982071423630204 0.04717712381801083 0.0066471207 0.0014116863 0.8262895681839837 0.039163992944989595  1.61 
64 0.0076791076 0.0017706472 0.7989107296298068 0.04904187240170841 0.0067447703 0.0014958114 0.823894626918276 0.04135204412656009  1.57 
65 0.007532287 0.0017336286 0.8033139996230838 0.047844574636912225 0.0066597755 0.0014486108 0.8260280022811046 0.03939814075433765  1.52 
66 0.00770801 0.00188575 0.7988447493366182 0.050971364640854264 0.006701557 0.001575702 0.8248450888847234 0.042799433405940904  1.48 
67 0.007449787 0.0017091726 0.8052020250589446 0.046803678553907845 0.0067261546 0.0014852484 0.8252994863679707 0.04149168750542743  1.44 
68 0.0074687707 0.0017124098 0.8044295708451202 0.04801160080861506 0.0066575147 0.001477502 0.8262164849151629 0.040887238863355456  1.39 
69 0.0075378404 0.0017249606 0.8030037791887619 0.04730506857725506 0.0065307454 0.001575145 0.8297090383157547 0.04083606367096016  1.35 
70 0.0076675247 0.0018082411 0.7993049886075104 0.04977410874638864 0.0066824146 0.0015259862 0.825639508061174 0.04083437171739374  1.3 
71 0.0074997013 0.0015348615 0.8039988005671255 0.04241071959666321 0.006459399 0.0013167898 0.831213698843347 0.037304703829383834  1.26 
72 0.007470962 0.0016925844 0.8048068867541802 0.04679313258648748 0.006596343 0.001438786 0.8276594013898594 0.04073286990486934  1.22 
73 0.0073968456 0.0016720047 0.806693004845046 0.04653639439832661 0.006456496 0.0014053371 0.8315538303836443 0.03890480772517128  1.17 
74 0.0074537313 0.0017524086 0.8045440756357042 0.04804094864136489 0.0062918905 0.0013517927 0.8353136467568509 0.03807349269306218  1.13 
75 0.0073607024 0.0016598328 0.8076211845486105 0.04554839607074383 0.0063483864 0.0012932993 0.8341597879168178 0.035649424605279374  1.09 
76 0.007372015 0.001668785 0.8068007724008901 0.046314134256973366 0.006357862 0.0013496637 0.833003397600574 0.03694940421144037  1.05 
77 0.007273574 0.0016049786 0.8090925140667207 0.04493781426765151 0.0064113177 0.0013641712 0.8318437568089595 0.037720535821507875  1.0 
78 0.0072930665 0.0015678762 0.808708781377389 0.04391664092398868 0.0063078757 0.0013439143 0.8355357326155566 0.03700605984451119  0.96 
79 0.0072857393 0.0017190976 0.8094315984759042 0.0469156122011529 0.0062969048 0.0012065644 0.8358519873920701 0.03513936409992201  0.92 
80 0.007319905 0.0016918213 0.8089148900004403 0.04622892139602013 0.0063269977 0.0013877675 0.8340049384657051 0.03795548208861368  0.87 
81 0.0073259366 0.0017422462 0.8077477794453716 0.04782052502308496 0.0062700543 0.0012420589 0.8355966428291481 0.0359882345798749  0.83 
82 0.007254686 0.0016769647 0.8098581490094614 0.04629613773265607 0.006134354 0.0012964173 0.838973622107762 0.03606014368247822  0.78 
83 0.0072396365 0.0016506186 0.8100784371018225 0.04645786370719805 0.006111889 0.0012656192 0.8399137884056771 0.03535473596661144  0.74 
84 0.0071364073 0.0015886936 0.8124187904286638 0.044241078294396725 0.0062551256 0.0014067171 0.8356869221612209 0.038330113121171336  0.7 
85 0.007093763 0.0015212346 0.8137492686716309 0.04227969891560828 0.006205751 0.0014026008 0.8376028651876875 0.03780295216716519  0.65 
86 0.007130107 0.0015821905 0.8126666709325565 0.04429888252709156 0.006171893 0.001294107 0.8379741733304656 0.034799809436449156  0.61 
87 0.0072889854 0.0016039725 0.8089785322578287 0.04408732412168046 0.0062296917 0.0012313441 0.8369502036859712 0.03434476262871142  0.57 
88 0.006972372 0.0015726116 0.8173961302472162 0.04377554398498953 0.0061925882 0.0013261873 0.8372383675647335 0.03721218955230333  0.52 
89 0.0071156877 0.0016184534 0.812696068143653 0.045690096469366344 0.0062208152 0.0013793448 0.8367609671014045 0.03746449498074215  0.48 
90 0.007169294 0.0016551146 0.8115664558886375 0.045963726482698294 0.0059896475 0.0012655277 0.8425949862051523 0.03610965120136088  0.44 
91 0.0069828904 0.001622269 0.8163114533995521 0.04473290637359847 0.006078276 0.0012574334 0.8396599317715733 0.03603223812691027  0.39 
92 0.007087874 0.0016317785 0.8136897102859856 0.04539965652797682 0.005978553 0.0012358993 0.8418385042205101 0.034756983333365306  0.35 
93 0.00705391 0.00209138 0.8160406283557351 0.04435920579642327 0.0059932065 0.0011321247 0.8425354490802349 0.0327054781881758  0.31 
94 0.007039705 0.0017028853 0.8151608629132291 0.0461301733019453 0.0059406464 0.0012352556 0.8436286523522123 0.033412122754736207  0.26 
95 0.006936565 0.0015269241 0.8174045466633695 0.04218484882145122 0.006014156 0.0013368819 0.8412499984147066 0.03627641321466849  0.22 
96 0.0069487947 0.0015989946 0.8168350836915296 0.04436237104128401 0.0059390306 0.0012661979 0.8436470916848456 0.03486822628645656  0.17 
97 0.0069999797 0.0015931459 0.8149904631724804 0.04508528057125057 0.0059368787 0.0012648443 0.8437107980062831 0.03472991157553728  0.13 
98 0.0070448704 0.001562336 0.8147484610853528 0.043039280243560844 0.0060361363 0.0010975029 0.8411245380542739 0.03135216692758241  0.09 
99 0.006921872 0.0016278944 0.8181621087171471 0.04366103907455047 0.005893105 0.0011644362 0.8452213053951031 0.03155227934163647  0.04 
