0 0.12333989 0.014021699 49.91222993827161 0.057443876 0.006176626 81.90104166666667  3.74 
1 0.0856146 0.011530113 68.35648148148148 0.053706028 0.0069340803 80.57725694444444  3.66 
2 0.06229997 0.010219063 78.5161608367627 0.037509672 0.009082126 87.56510416666667  3.58 
3 0.045164738 0.008677612 85.0829475308642 0.03341643 0.0074038464 89.49652777777777  3.51 
4 0.035181426 0.0076276627 88.63876028806584 0.03325125 0.0063773375 89.43142361111111  3.44 
5 0.028942162 0.0069155036 90.77878515089164 0.03168564 0.007626137 89.90885416666667  3.36 
6 0.024560845 0.0065260725 92.27419838820302 0.035275765 0.0078041353 88.71527777777777  3.29 
7 0.021408914 0.00612892 93.35744598765432 0.03010826 0.007500833 90.32118055555556  3.22 
8 0.018896893 0.005753602 94.19142232510288 0.029716618 0.0075325803 90.69010416666667  3.14 
9 0.016702268 0.005406662 94.91855281207133 0.029344596 0.0069966437 90.58159722222223  3.06 
10 0.015097503 0.005126759 95.45042438271605 0.027899418 0.007132523 91.27604166666667  2.99 
11 0.013706192 0.0049444637 95.87512860082305 0.03504267 0.007961719 89.49652777777777  2.92 
12 0.012737249 0.0048926547 96.21034807956104 0.025402375 0.00799332 92.36111111111111  2.84 
13 0.011848574 0.004690757 96.50859482167353 0.024388874 0.006352564 92.59982638888889  2.77 
14 0.011310978 0.0047729914 96.67095336076818 0.020998418 0.0064398763 93.53298611111111  2.69 
15 0.010468143 0.004418074 96.94112225651577 0.028160026 0.008881363 91.71006944444444  2.62 
16 0.11357757 0.03568131 54.157986111111114 0.055612113 0.00654711 82.72569444444444  2.54 
17 0.013633699 0.010978893 95.93053412208505 0.02530313 0.0052596387 92.27430555555556  2.47 
18 0.009887798 0.0046504783 97.10701731824417 0.027019229 0.0077045914 91.66666666666667  2.39 
19 0.009087403 0.0040956233 97.35671724965707 0.025462655 0.008891591 92.46961805555556  2.32 
20 0.008751403 0.004162529 97.46634945130316 0.025607852 0.0065485225 92.51302083333333  2.24 
21 0.008563918 0.0049176607 97.51532493141289 0.024837695 0.007815876 92.53472222222223  2.17 
22 0.007840628 0.0038082565 97.74230538408779 0.024763577 0.008196463 92.83854166666667  2.1 
23 0.007747843 0.0037984294 97.77338391632374 0.027787749 0.008471418 92.20920138888889  2.02 
24 0.0073298393 0.0037508942 97.90959362139918 0.021972366 0.0059684315 93.77170138888889  1.95 
25 0.007055732 0.0038286177 97.98332475994513 0.022712652 0.006624907 93.20746527777777  1.87 
26 0.006813794 0.0037208162 98.05051868998628 0.02407842 0.0069637997 92.88194444444444  1.8 
27 0.006779189 0.0036649457 98.0608067558299 0.02384157 0.007783694 92.88194444444444  1.72 
28 0.0064522363 0.003533251 98.17740483539094 0.022749418 0.0069980463 93.27256944444444  1.65 
29 0.0063418616 0.003545981 98.20859053497942 0.026761828 0.0072788685 92.12239583333333  1.57 
30 0.0061141737 0.0034460286 98.26431755829904 0.024240881 0.007278474 92.88194444444444  1.5 
31 0.006056653 0.0034257716 98.27214077503429 0.021279357 0.006574324 93.98871527777777  1.42 
32 0.0057708616 0.0033170192 98.36355452674897 0.023804672 0.0072108144 92.90364583333333  1.35 
33 0.0055431533 0.0031751513 98.43942901234568 0.026826767 0.008733836 91.9921875  1.27 
34 0.005515893 0.0032220643 98.44339420438958 0.022239355 0.00697374 93.57638888888889  1.2 
35 0.0054104826 0.0032313883 98.47490140603567 0.022040997 0.0060636336 93.68489583333333  1.12 
36 0.0053849444 0.0031860294 98.47779492455419 0.021052267 0.007906451 94.03211805555556  1.05 
37 0.0052226493 0.003114664 98.53534379286694 0.023331953 0.007375092 92.99045138888889  0.97 
38 0.016331915 0.028220413 94.43458504801097 0.040644158 0.007828489 87.65190972222223  0.9 
39 0.00873991 0.010183833 97.4519890260631 0.02005743 0.0071083214 94.37934027777777  0.82 
40 0.0055860714 0.004047157 98.42153206447188 0.02564937 0.00527993 92.29600694444444  0.75 
41 0.0050024386 0.0030956164 98.59621484910836 0.02237788 0.0063534197 93.57638888888889  0.67 
42 0.0048833243 0.0030425023 98.62911522633745 0.02141912 0.007361967 93.85850694444444  0.6 
43 0.0047788885 0.0030568219 98.66769547325103 0.020029597 0.0062033096 94.11892361111111  0.53 
44 0.07124684 0.03295035 73.56835133744856 0.046706337 0.0067461506 83.28993055555556  0.45 
45 0.049868442 0.010623212 83.3655907064472 0.036988035 0.0067091906 87.04427083333333  0.37 
46 0.034022305 0.007586072 89.14137517146776 0.03148669 0.0056761685 89.99565972222223  0.3 
47 0.026311573 0.0066340715 91.80298353909465 0.04057179 0.00955293 87.73871527777777  0.22 
48 0.030083328 0.019142635 90.24723508230453 0.032497484 0.006033799 89.32291666666667  0.15 
49 0.019754699 0.0058417744 93.99026920438958 0.027796663 0.0066413386 91.25434027777777  0.08 
