0 0.03198107 0.025530756 0.015627878 0.28025892 0.0269865 0.0050943773 0.01699802 0.03847032  1.63 
1 0.028238429 0.0051577627 0.012402569 0.044972748 0.028505042 0.005354179 0.015698314 0.046694994  1.62 
2 0.027681662 0.0049670245 0.01294962 0.04360452 0.028089538 0.0052087842 0.015499817 0.0415389  1.6 
3 0.027513461 0.005340628 0.012645336 0.04587543 0.02725345 0.004947325 0.01716875 0.0384217  1.58 
4 0.027288765 0.0052304277 0.012120264 0.050150663 0.027246153 0.003933688 0.016087878 0.036987916  1.57 
5 0.027217561 0.005058626 0.01402632 0.044896193 0.027818328 0.005177249 0.016940992 0.04278147  1.55 
6 0.0252258 0.0047604754 0.011874034 0.04560167 0.023666963 0.0040023164 0.014735138 0.033528887  1.53 
7 0.021980885 0.0039372146 0.012033675 0.036185086 0.021356322 0.0032619876 0.01368894 0.031401165  1.52 
8 0.020806435 0.003858706 0.010683017 0.03514879 0.020543795 0.003888231 0.011883805 0.033065192  1.5 
9 0.019891175 0.0036980868 0.009647327 0.031263873 0.020373791 0.0037288542 0.010338426 0.029464737  1.49 
10 0.01923774 0.0035798913 0.009053381 0.03348232 0.019200856 0.0031832466 0.011694649 0.028095251  1.47 
11 0.017417878 0.0033176108 0.009233728 0.030775875 0.01473818 0.0025978384 0.008848345 0.023979742  1.45 
12 0.013849222 0.002789331 0.0073124915 0.023903303 0.012633899 0.0024493122 0.00778363 0.021728434  1.44 
13 0.012123708 0.0024568748 0.006407696 0.022675518 0.010820396 0.0019938734 0.006186371 0.015975337  1.42 
14 0.01098693 0.0020934034 0.005910986 0.02457862 0.01006213 0.0020068225 0.0059699863 0.016259696  1.4 
15 0.010396782 0.0019679365 0.0057251146 0.018373247 0.00950867 0.0015059608 0.0054170657 0.014171064  1.39 
16 0.009805947 0.0017148174 0.0055426266 0.017208673 0.008935119 0.0015202437 0.0062067662 0.01656872  1.37 
17 0.009430956 0.0017072547 0.0054329187 0.015771193 0.008816135 0.0015923526 0.0057395264 0.015401598  1.35 
18 0.0090756295 0.0016433666 0.0050944258 0.016985897 0.008530391 0.0014337641 0.005742116 0.014894683  1.34 
19 0.008644741 0.0014754509 0.004444994 0.014394632 0.007940627 0.0013976545 0.0052611586 0.012047863  1.32 
20 0.008269934 0.0014617215 0.0045920596 0.014033517 0.007883271 0.0013517832 0.0050394256 0.012982411  1.31 
21 0.0065576346 0.0015540195 0.003401356 0.014736893 0.0049839267 0.0012064829 0.0028959187 0.008613205  1.29 
22 0.0049478565 0.0011616481 0.0025178697 0.009172663 0.0042047054 0.00090437836 0.0021120873 0.0076292977  1.27 
23 0.0042856312 0.0009642177 0.0020088525 0.008484637 0.003768872 0.0009985162 0.00229084 0.0073611713  1.26 
24 0.003824742 0.0009823985 0.0018646037 0.013203903 0.0037162448 0.00082859263 0.0019222645 0.00689188  1.24 
25 0.0035389368 0.00083459343 0.0016947517 0.0075169643 0.002949449 0.00064884155 0.0016596628 0.005343923  1.23 
26 0.0032964635 0.00076002104 0.0014793212 0.006547547 0.002823716 0.000647399 0.001415116 0.0052262116  1.21 
27 0.0030609746 0.00072780525 0.0016809506 0.007335628 0.0024898308 0.00050485134 0.0015080357 0.0041270107  1.19 
28 0.0028932968 0.0006996862 0.0014103402 0.0065780235 0.0023383712 0.0005424254 0.0013663793 0.0040791957  1.18 
29 0.0027404174 0.00066334236 0.0014425488 0.006891231 0.0023030797 0.00047082626 0.0015645282 0.0036227414  1.16 
30 0.0026388743 0.00059313705 0.0013548408 0.0050439453 0.0024239244 0.0004943351 0.0015853579 0.0042624986  1.14 
31 0.0025218872 0.00064179586 0.0012359708 0.006635675 0.002333821 0.00051567366 0.0014264137 0.0039299624  1.13 
32 0.002488539 0.0005873243 0.0013687238 0.0058354037 0.0020718507 0.0004345582 0.0010870504 0.003354845  1.11 
33 0.0023620385 0.0005484111 0.0012149108 0.0051978985 0.001914979 0.0004031972 0.0012234476 0.003557845  1.09 
34 0.0022608559 0.00052104925 0.0012425731 0.004432166 0.0019787187 0.00042276797 0.0012859877 0.0035094472  1.08 
35 0.0021332821 0.0005156179 0.001094669 0.0046267137 0.0017663297 0.00032821659 0.0010042335 0.0028321662  1.06 
36 0.0020814082 0.0005061986 0.0011619905 0.005029613 0.0018320057 0.00038846408 0.0010448387 0.0029133386  1.04 
37 0.0020003293 0.0004562214 0.00093819696 0.004497669 0.0017366123 0.00039147175 0.0010140622 0.003473399  1.03 
38 0.0019617456 0.00044256053 0.001067145 0.003929147 0.0015568989 0.0003041484 0.0009825721 0.002642177  1.01 
39 0.0019154708 0.00047468202 0.0010141934 0.0041842572 0.0015476109 0.00026707284 0.00092377374 0.0025069087  0.99 
40 0.0018105987 0.00043882168 0.00096669036 0.0040036715 0.0016232114 0.00031381883 0.00096713967 0.0023463161  0.98 
41 0.0017573421 0.0003958611 0.00088036683 0.0035255183 0.001602132 0.0003240273 0.0009275253 0.002932826  0.96 
42 0.0016978111 0.00037146025 0.0008906922 0.0033690752 0.0014829113 0.00032098097 0.00077956787 0.002468112  0.95 
43 0.0016621614 0.00039059043 0.0008897289 0.0036173828 0.0013985928 0.00027494945 0.00082818675 0.0022428657  0.93 
44 0.001613004 0.00037568144 0.0008448105 0.003532459 0.0013692128 0.0002818799 0.0007152636 0.0024408689  0.91 
45 0.0015859553 0.00035760854 0.0008637673 0.0035759734 0.0014688559 0.0003695895 0.0008006162 0.0031077936  0.9 
46 0.0015106082 0.00036088625 0.00077088067 0.003552658 0.0013546874 0.00029046263 0.0007822893 0.0023916247  0.88 
47 0.0015029743 0.0003427337 0.0007797892 0.003064624 0.0012130161 0.0002978509 0.00070578314 0.0025535284  0.86 
48 0.0014785719 0.00035513102 0.0007027437 0.0032351306 0.001200349 0.0002561889 0.0006567256 0.0018335143  0.85 
49 0.001430429 0.00033115558 0.00062711746 0.0033560782 0.0011471878 0.00023783192 0.00070117944 0.0020873072  0.83 
50 0.0014075969 0.00033647227 0.00067729026 0.0028845337 0.0012874339 0.0002669995 0.00079685525 0.002275953  0.82 
51 0.0013613505 0.00032056047 0.00071169384 0.0029425367 0.0012293973 0.00029170307 0.0006106315 0.0023973305  0.8 
52 0.0013438924 0.0003141682 0.00066193164 0.0032309953 0.0012181512 0.00021270169 0.00073871017 0.0018496877  0.78 
53 0.0013333311 0.00031172688 0.00071821606 0.002673882 0.0011663891 0.00022825126 0.00069542165 0.002079904  0.77 
54 0.0012919225 0.00029333116 0.000626934 0.002572774 0.001040308 0.00025254654 0.0006236199 0.0019269625  0.75 
55 0.0012593005 0.00028562162 0.0005656393 0.002455876 0.0010582834 0.00023063531 0.00065368507 0.0020332206  0.73 
56 0.0012409216 0.0002876332 0.0006111481 0.002589312 0.0010542588 0.0002227161 0.00063043437 0.0017737399  0.72 
57 0.0011952503 0.0002823168 0.00059081503 0.0026955581 0.0010785948 0.00023731068 0.0006671747 0.0019321141  0.7 
58 0.001216894 0.0002893267 0.0005682635 0.0031220757 0.0010606742 0.00022992096 0.00062577275 0.0017986763  0.69 
59 0.0011834815 0.00028053613 0.00058917364 0.0025068894 0.0010259219 0.00023426488 0.0006824642 0.0018328135  0.67 
60 0.0011561669 0.00028946198 0.00056678517 0.0027546426 0.0009150866 0.00019142024 0.0005653365 0.0016857074  0.65 
61 0.0011355135 0.00027297428 0.00043737062 0.0023562815 0.00096973515 0.00019478555 0.0005965434 0.0018434494  0.64 
62 0.0010874934 0.0002583387 0.00059094693 0.0026340233 0.00097571075 0.00021582535 0.00053575943 0.0021557224  0.62 
63 0.0010977394 0.0002696834 0.00056212605 0.0034701605 0.00091619504 0.0002323428 0.00059201394 0.0021577154  0.6 
64 0.0010825602 0.00025561498 0.0005699444 0.0022036561 0.00087592145 0.00020380809 0.0005328111 0.0014471083  0.59 
65 0.0010510045 0.00026339875 0.00051584723 0.0025766033 0.0008936852 0.00017099024 0.0005330648 0.0014087553  0.57 
66 0.0010273164 0.0002743044 0.0004834173 0.0037842472 0.00082888454 0.0001829994 0.0005371422 0.0014872411  0.56 
67 0.0010148833 0.00023947112 0.00049436657 0.002295333 0.00085824396 0.00022922634 0.0004733592 0.0019430458  0.54 
68 0.0010033583 0.00024346726 0.0004958326 0.0024579368 0.00084427925 0.00019017668 0.0005221255 0.0015960671  0.52 
69 0.00096397323 0.0002361527 0.0004805816 0.0025355022 0.0008364699 0.00017504551 0.0005426514 0.001487201  0.51 
70 0.0009543616 0.0002275771 0.0004576481 0.0020003729 0.00093737483 0.00018637648 0.00050034444 0.0014700014  0.49 
71 0.0009697633 0.00023295825 0.00051799265 0.0022805221 0.0008042814 0.00016687093 0.00053449546 0.0012423536  0.47 
72 0.0009476006 0.00024110514 0.000502507 0.0021430778 0.00074361876 0.00014688258 0.00048286034 0.001167669  0.46 
73 0.0009309052 0.0002233111 0.0004614719 0.002025448 0.00076096196 0.00014594538 0.00036248268 0.0011279585  0.44 
74 0.00091169315 0.00021062292 0.00048499528 0.0018367356 0.00078540365 0.00018392719 0.00041449582 0.0013258363  0.42 
75 0.0008943132 0.00021123026 0.0004402237 0.0024266788 0.00074925454 0.0001677877 0.0004891187 0.0017526932  0.41 
76 0.00088956836 0.00022229197 0.00044033042 0.0025446657 0.00081952906 0.00016423102 0.00052363775 0.0014812398  0.39 
77 0.0008685802 0.00020968319 0.00041617136 0.0021603273 0.00071256876 0.00016841796 0.000403124 0.0013140643  0.38 
78 0.0008664944 0.0001944392 0.00037623974 0.0017129018 0.00070592354 0.00019656381 0.0003548257 0.0013661225  0.36 
79 0.0008427012 0.00019816813 0.00042023216 0.0019361076 0.00072541076 0.00017046001 0.00044733364 0.0016490318  0.34 
80 0.0008328027 0.00020643153 0.00041238853 0.002150353 0.00067070965 0.00015531905 0.00040574273 0.0012225108  0.33 
81 0.00084137823 0.00020478042 0.0004145645 0.002001431 0.00071702164 0.00015085343 0.00042698788 0.0011915884  0.31 
82 0.0008044248 0.00018351202 0.00036664944 0.0018331481 0.00064861163 0.00015018719 0.00040566042 0.0010959727  0.29 
83 0.00079356146 0.00019816495 0.0004065687 0.0021633562 0.0006948375 0.00020139207 0.00035903783 0.0016945623  0.28 
84 0.0007949856 0.00020973054 0.0003921626 0.0025690084 0.0006524953 0.00014347893 0.00037238235 0.0010770443  0.26 
85 0.00077944936 0.00020048302 0.00036994746 0.0019041775 0.0006826286 0.0001680774 0.0004039532 0.0012408553  0.25 
86 0.00077560113 0.00020129097 0.00031565252 0.0020221833 0.0007058559 0.00017659782 0.00041103747 0.0013321085  0.23 
87 0.00076529005 0.00019645815 0.00036396887 0.002159575 0.0006123505 0.00013541461 0.00033192168 0.0010440627  0.21 
88 0.00074621214 0.00020247261 0.00027305353 0.0020573742 0.00062808365 0.00015623121 0.00037285013 0.0012150599  0.2 
89 0.00074515416 0.00018452435 0.0003646805 0.0017501821 0.00059810956 0.00014974925 0.0003082667 0.0010702559  0.18 
90 0.00071812083 0.00017711872 0.00034915807 0.001647904 0.00058622984 0.00013133697 0.00033919216 0.0009922374  0.16 
91 0.0007200852 0.00018857367 0.00035926566 0.0016472897 0.0006131695 0.00015975551 0.00035820968 0.0012637815  0.15 
92 0.0007086732 0.00017678054 0.00032952073 0.0016137981 0.0005962179 0.00017336964 0.00033271042 0.0015193942  0.13 
93 0.00072008104 0.00018842358 0.00032323046 0.0017589543 0.00060972443 0.0001416299 0.0003671975 0.0011068769  0.11 
94 0.0006849066 0.0001700484 0.0002698227 0.0015944138 0.00069182616 0.0001615217 0.00046528724 0.0013016551  0.1 
95 0.00067975314 0.00017355086 0.00027797127 0.001656079 0.0005687252 0.00012955876 0.0003410357 0.0009785318  0.08 
96 0.00066249515 0.00017343138 0.00030670478 0.0018042396 0.0005314402 0.00012394748 0.0003089545 0.0009386037  0.07 
97 0.0006696235 0.00016813475 0.0003433354 0.0016425987 0.0005588391 0.00014386936 0.00029473493 0.0010602337  0.05 
98 0.0006610352 0.00017421949 0.0003300285 0.0016776089 0.00055274676 0.00011484452 0.00032886805 0.00094230485  0.03 
99 0.0006613784 0.00017194076 0.00026958645 0.0017381678 0.00065845763 0.00014395865 0.00037623232 0.0012614612  0.02 
