0 59.58590534979424 88.80208333333333 0.10803293 0.04723345 0.012520838 0.006221133 4.4 
1 67.33346193415638 88.69357638888889 0.09340821 0.045441907 0.0067599835 0.005724695 4.38 
2 69.96034807956104 89.71354166666667 0.088200405 0.042588226 0.0063880193 0.0058335825 4.35 
3 71.48158864883402 90.19097222222223 0.08502155 0.04132943 0.006278979 0.005881594 4.33 
4 72.64639060356653 90.75520833333333 0.082680635 0.03985342 0.006277001 0.0057973247 4.3 
5 73.61443329903977 90.12586805555556 0.08066386 0.04079245 0.006210956 0.0042049466 4.28 
6 74.33534807956104 90.92881944444444 0.07916399 0.039435674 0.0063811312 0.005614831 4.25 
7 74.92166066529492 91.29774305555556 0.07794869 0.038653854 0.0062905056 0.0052169324 4.23 
8 75.41580932784636 90.95052083333333 0.076876946 0.04095371 0.006280501 0.0051121493 4.21 
9 75.82604595336076 90.10416666666667 0.07599017 0.042128734 0.0062909108 0.0056844866 4.19 
10 76.3250171467764 91.10243055555556 0.07488759 0.039899155 0.0061811456 0.0069891037 4.17 
11 76.53077846364883 90.86371527777777 0.07430385 0.03970702 0.006216247 0.005577372 4.15 
12 76.93201303155007 90.49479166666667 0.07350592 0.041169744 0.0062431213 0.006895702 4.13 
13 77.23133144718793 89.95225694444444 0.072846755 0.041465376 0.006186305 0.0058766888 4.11 
14 77.48971193415638 90.66840277777777 0.072272286 0.04042821 0.006291338 0.0053939004 4.09 
15 77.77970679012346 90.88541666666667 0.071704954 0.039993368 0.0061847037 0.004723994 4.07 
16 78.02190500685872 90.69010416666667 0.07127219 0.039204415 0.006236743 0.005778484 4.05 
17 78.22295096021948 90.625 0.07076301 0.0397916 0.0061306655 0.005458229 4.02 
18 78.43085562414267 88.88888888888889 0.07031282 0.043809675 0.0061275014 0.0069144974 4.0 
19 78.67648319615913 90.625 0.06984756 0.04088004 0.0060590142 0.0066132885 3.98 
20 78.85127314814815 90.34288194444444 0.06953683 0.041545913 0.006167139 0.0051961667 3.96 
21 78.99927126200275 90.45138888888889 0.06918363 0.04031925 0.006122345 0.0052399854 3.94 
22 79.17609739368999 91.12413194444444 0.068852894 0.03997983 0.006060205 0.006299137 3.92 
23 79.26976165980795 90.49479166666667 0.068643786 0.04031891 0.0060484586 0.0056193313 3.89 
24 79.41025805898491 90.49479166666667 0.06827871 0.041252628 0.0060397577 0.0046269144 3.87 
25 79.57475994513031 90.90711805555556 0.068034716 0.040953882 0.0060831183 0.0061081257 3.85 
26 79.64709790809327 90.234375 0.06776237 0.040703762 0.0059855673 0.005748321 3.83 
27 79.74622770919068 90.34288194444444 0.06752935 0.042044777 0.006049684 0.0065148585 3.81 
28 79.90504972565158 91.53645833333333 0.06727792 0.038695883 0.0060640695 0.0061979536 3.79 
29 80.03461505486969 90.36458333333333 0.06703927 0.04124864 0.0060477573 0.0053706532 3.75 
30 80.0383659122085 90.45138888888889 0.066958256 0.041657902 0.005979083 0.0053355168 3.73 
31 80.08777006172839 91.05902777777777 0.06689804 0.039556216 0.00600179 0.0060915686 3.7 
32 80.28013545953361 90.12586805555556 0.06654959 0.04157942 0.00613606 0.0060487087 3.68 
33 80.2619170096022 90.625 0.066502005 0.039646305 0.006085046 0.0065277633 3.66 
34 80.39566186556927 90.16927083333333 0.06620002 0.041342426 0.0059707714 0.0075348425 3.63 
35 80.49296982167353 90.49479166666667 0.06602263 0.040737182 0.0059653046 0.006709637 3.61 
36 80.48118141289437 89.84375 0.065967456 0.04254683 0.00600866 0.0061484016 3.59 
37 80.59542181069959 90.34288194444444 0.06575954 0.040796544 0.0060197143 0.0070015504 3.57 
38 80.65072016460906 90.60329861111111 0.06570852 0.03961942 0.0060203783 0.0056365225 3.55 
39 80.78596536351166 90.4296875 0.06533105 0.040229574 0.0059835585 0.005330004 3.53 
40 80.71823559670781 89.95225694444444 0.065493524 0.041526318 0.006102109 0.005649458 3.5 
