best model
epoch = 0

TRAINING result

loss_mean = 0.048968453
loss_std  = 0.18099219


accuracy   = 93.325 [%]
hit_count  = 56025
miss_count = 4007

class_accuracy = 99.983%   94.869%   94.337%   94.483%   94.415%   89.531%   96.402%   90.953%   88.724%   89.17%   


confusion_matrix = 
        5803           1           2           0         309           6           3           0           0         618
           0        6342           4           1           2           0           0           1           0           5
           0           0        5631           2           0           0           0           1           0           0
           0           3           0        5823           0           3           0           0           0           0
           0         258           0           0        5545           0           0           1           0          17
           0           0           0           1           0        4892           0           1         661           0
           0          72           2           0           4           0        5680           0           0           0
           0           8         144           2           2           0           0        5781           0           1
           0           0           5         333           3         561         208         569        5209           4
           0           0         180           0           7           1           0           1           0        5319





TESTING result

loss_mean = 0.0029468103
loss_std  = 0.0012730228


accuracy   = 99.323 [%]
hit_count  = 9980
miss_count = 68

class_accuracy = 99.901%   99.552%   99.427%   99.385%   99.004%   98.933%   98.608%   99.034%   99.475%   98.851%   


confusion_matrix = 
        1013           0           1           3           0           2           8           0           1           0
           0        1111           0           0           0           0           2           4           0           0
           0           0        1041           1           0           0           0           4           3           0
           0           2           0         969           0           7           0           0           0           1
           0           0           0           0         994           0           0           0           0           4
           0           0           0           0           0         927           0           0           0           0
           0           0           0           0           2           0         921           0           0           0
           0           2           4           1           0           0           0        1025           0           4
           0           0           0           0           1           0           2           0         947           2
           0           0           0           0           6           0           0           1           0        1032

