0 0.020108586 0.0037079388 0.42469374858653947 0.12044525871010149 0.016599989 0.0013176366 0.539850872983316 0.06180022972688695  6.43 
1 0.01605781 0.0014234752 0.5467063002702052 0.057438397301656806 0.0152075775 0.0016005471 0.5757990335033536 0.05321052550779261  6.38 
2 0.014799294 0.0016423969 0.5995321785200262 0.05532102535817684 0.013571369 0.0017859145 0.6388222258498393 0.0520612745309216  6.32 
3 0.013902549 0.0017800162 0.6294882340091631 0.05620604245333886 0.012276192 0.0016446082 0.6858484408288507 0.045848505869425446  6.26 
4 0.0131638255 0.0018082256 0.6534540520693288 0.05488035898420156 0.01169059 0.0018202771 0.6986441942680209 0.05013143893513232  6.21 
5 0.012416732 0.0017472854 0.6759143237650859 0.0521380857161556 0.01088789 0.0017498066 0.7206549255501835 0.04863851201840404  6.18 
6 0.011917383 0.0018474564 0.6913503155538222 0.053791206566796715 0.011813583 0.0019172109 0.6987713522653602 0.05037920980945662  6.12 
7 0.01159485 0.0019482959 0.6999507546082326 0.05707279997861161 0.010167838 0.001895605 0.7437660750611756 0.0474726396918235  6.07 
8 0.011175676 0.0018909769 0.7112880030030223 0.055379634547520894 0.010280391 0.0018425449 0.7379697834411477 0.04920017978758282  6.01 
9 0.011071537 0.0020321482 0.7153994287030031 0.05692608686227473 0.009955031 0.0016818695 0.748003192036717 0.04601283695069986  5.96 
10 0.010741793 0.0018440963 0.7224292768268639 0.05236971565814908 0.009945336 0.0017397557 0.7468412794074776 0.04635798125905901  5.91 
11 0.01055264 0.0019548826 0.7280379042569007 0.05508091796552261 0.009174201 0.0016875174 0.7681615368223587 0.043272543570038534  5.85 
12 0.010262114 0.0018872011 0.7355272379427443 0.053897629801674306 0.009136318 0.0018711538 0.7700788679166487 0.04784297744825679  5.8 
13 0.010172789 0.0018972938 0.7376720191894492 0.05378724135205582 0.008805121 0.0016498256 0.7771329337275806 0.044957287320627516  5.75 
14 0.010076382 0.0019242389 0.7409520449989035 0.05348668669119261 0.008648388 0.0016060808 0.7814121570914503 0.04274830773822313  5.69 
15 0.009876528 0.0020082295 0.7462943901476649 0.056189568008320166 0.009383895 0.0017682881 0.7614392441864849 0.04613486219645136  5.64 
16 0.009700202 0.0019184225 0.7510236905169083 0.05372914463801407 0.0087670935 0.0019210518 0.7778116389766608 0.04920220339837783  5.57 
17 0.009537787 0.0019118745 0.7551651312642004 0.0535437477065667 0.008716878 0.0018432668 0.7817733293432874 0.04529213847059315  5.51 
18 0.009485053 0.001880063 0.7563150603325011 0.05264177865511292 0.0085123675 0.0014677407 0.7841970056101607 0.03886892591497578  5.45 
19 0.009304759 0.0018130846 0.7614072894869994 0.0506756969945528 0.008155193 0.0017352427 0.7956908762571588 0.04426423646753443  5.38 
20 0.009343147 0.0019426326 0.7608987897731936 0.05269562107376277 0.008048309 0.0016122637 0.7967121296826031 0.04198276018711881  5.33 
21 0.009273198 0.0019500343 0.7623252813021104 0.05375252908966949 0.008240625 0.0015507346 0.7915986076541317 0.039313749596475094  5.27 
22 0.009210722 0.0018601948 0.764074078244255 0.05147526997770298 0.007966508 0.0018772729 0.799566711133769 0.04673290496201209  5.2 
23 0.008930358 0.001905766 0.7717175915474838 0.052348455939979964 0.007856485 0.0017073213 0.8025405465845596 0.044626332158668194  5.14 
24 0.00883563 0.0018504107 0.7739797462931725 0.05078436593890984 0.007857118 0.0017098959 0.8040909134893319 0.044304869454241155  5.08 
25 0.008791494 0.0018680028 0.7748346957416594 0.05119627549711203 0.007854162 0.0017132045 0.8028459614501211 0.04299012048063123  5.01 
26 0.008881173 0.0019992408 0.7726693336271874 0.055304191643011764 0.007960828 0.0018420153 0.7998689853710534 0.04580601245615558  4.95 
27 0.008704788 0.0018758981 0.777640049010973 0.0513084693282593 0.007994944 0.001875476 0.800271535025959 0.04554911724193225  4.88 
28 0.008634614 0.0019051487 0.7791383531043998 0.052381569468309686 0.0075705587 0.0017406831 0.8105169884572373 0.04417779497972562  4.82 
29 0.008549582 0.0018799048 0.7815180377308525 0.051760366296526604 0.007636201 0.0017654701 0.8082284141298155 0.04547857002008738  4.76 
30 0.00862496 0.0018853736 0.7795880455778339 0.05148139697043228 0.007713289 0.0017093858 0.8074999082027808 0.041876756139640044  4.7 
31 0.008481333 0.0018296802 0.7829446600051926 0.05004622302953187 0.007705444 0.0016131733 0.8074656658677689 0.039307335620132534  4.64 
32 0.008401831 0.0018694997 0.7847365260278658 0.051151980048058446 0.0075326925 0.0018762269 0.8116105462357452 0.04497682996567464  4.57 
33 0.00858306 0.0019119221 0.7805678133235103 0.0520727982475856 0.007315098 0.0016635784 0.8166328652179451 0.041338561269539525  4.5 
34 0.008261299 0.0018284062 0.7891324947865391 0.04974338688152981 0.0072011487 0.0016815711 0.818919377415831 0.04222408934933806  4.43 
35 0.008424721 0.0019106977 0.784952022685018 0.05189043577262177 0.0073049706 0.0016442691 0.8159225190127595 0.04378305743291074  4.36 
36 0.008328527 0.0017903874 0.7862488993542651 0.048783629152501985 0.007362282 0.0017494328 0.8149191057539815 0.04477727307509724  4.3 
37 0.008289637 0.0018342364 0.7881743743810999 0.049681081370334605 0.007324417 0.0016634992 0.8164086223617587 0.04196136539583758  4.23 
38 0.008276608 0.0017937041 0.7876468729991464 0.0497105409651894 0.007582118 0.0017565888 0.8081408809750914 0.04367306077147861  4.16 
39 0.008222148 0.0018655407 0.7893008179823338 0.05086277406409345 0.0073523596 0.0016048283 0.815114748421345 0.03977305917072153  4.09 
40 0.008113415 0.0018445957 0.791866907127496 0.05037402433363746 0.00695922 0.0015745766 0.8241398256041572 0.04038135358600698  4.03 
41 0.00808157 0.0018320739 0.792787903523701 0.050058139510069766 0.0069260984 0.0016069029 0.8251260427996832 0.041927958321477346  3.97 
42 0.007925312 0.0017648815 0.7968391248018284 0.04881538691820584 0.006873239 0.0015867895 0.8266138567775043 0.04012544885750264  3.9 
43 0.0080000805 0.0017963349 0.7955290172084972 0.04886813833809529 0.007145622 0.0017618376 0.8198626793489731 0.04474741973607125  3.83 
44 0.007946413 0.00188057 0.7960443823388302 0.051993726297810745 0.007047648 0.0017815416 0.82303555773399 0.04369944412034618  3.77 
45 0.00803607 0.0018112476 0.794272099929619 0.04895134178957362 0.0069898716 0.0016545419 0.823871429209255 0.042376557181754246  3.7 
46 0.007979911 0.0017994163 0.7955834073044793 0.049506638383707786 0.006947457 0.0016345434 0.8241737883283848 0.0416036014673977  3.64 
47 0.007881669 0.0017878215 0.7980406060213405 0.04905085642874635 0.006877343 0.0017226525 0.8266211516231522 0.042235244989390325  3.59 
48 0.007938573 0.0018580965 0.7964542538582257 0.05067903000984733 0.0069399686 0.0016206419 0.8245325489372048 0.04176726998271419  3.51 
49 0.007785874 0.0018535488 0.8005185035332131 0.05033003584530428 0.0070126774 0.001753543 0.822683198214917 0.043882217128537  3.44 
50 0.007854689 0.0018590736 0.7979087505440291 0.05074003386726914 0.0067427987 0.0017058899 0.8303063418751733 0.04293158698652409  3.37 
51 0.007823577 0.0017749219 0.798858716024161 0.04885286358311538 0.0068480093 0.0017172939 0.8280655809919152 0.04218625804395023  3.3 
52 0.007834228 0.0018732357 0.7992044043590258 0.05073577317720369 0.0069284607 0.0015912469 0.8238073384229885 0.042873352171226745  3.23 
53 0.007642533 0.001793001 0.8041952827379516 0.04936702626322541 0.0066856956 0.0016718033 0.8320503692065682 0.04104628206715679  3.15 
54 0.007741002 0.0018030732 0.8017063180105645 0.04900135601690462 0.006880313 0.0017852265 0.8256976671043673 0.04479134279423335  3.08 
55 0.0077271666 0.0017428068 0.8013095338516512 0.04821469971435737 0.0069373753 0.0016050506 0.8244985462685797 0.04006743787607459  3.01 
56 0.0076851756 0.0018091671 0.8028472205174044 0.05025130382057744 0.006808233 0.001621371 0.8275427687413398 0.04175856050647406  2.94 
57 0.007700944 0.0018652288 0.8020076887742923 0.051888826354724936 0.006626057 0.001618382 0.8322023376679896 0.042020744598676656  2.87 
58 0.007588463 0.0018571117 0.805544731885437 0.0510604805815552 0.0069416803 0.0016521577 0.8254101323498704 0.040238266283177546  2.81 
59 0.0075491737 0.0018856352 0.8063098028283138 0.05169845203910625 0.006763995 0.001618283 0.8296250851776834 0.04120394309239737  2.74 
60 0.007501211 0.0017218788 0.8073347290176515 0.04752868277224107 0.0065098843 0.001562271 0.835287927557719 0.040224459961817734  2.67 
61 0.007469656 0.0017979009 0.8086356793040989 0.04920584099473046 0.0065582013 0.0016542777 0.833566878241157 0.042624410432212864  2.6 
62 0.0076550064 0.0018709551 0.803725991269241 0.05127011808870612 0.0063001225 0.001578634 0.8406687125588053 0.041502251990196935  2.54 
63 0.0076622013 0.0017167269 0.8030218784571268 0.047790092590626464 0.0070344885 0.0017556212 0.823593685825268 0.043709540994145125  2.47 
64 0.007446335 0.0017661218 0.8088982468771788 0.048748579871517775 0.006525167 0.0016030576 0.8334594777415785 0.04278992199147238  2.41 
65 0.0074435747 0.0017194404 0.8086049336205999 0.0476851208100178 0.0065139825 0.0013890844 0.8343640136366578 0.037344525719515374  2.34 
66 0.007415569 0.0017564322 0.8102150429961708 0.048195349843196164 0.0063870354 0.0015171382 0.8379693500444317 0.0393924067077935  2.27 
67 0.007372952 0.0018636228 0.8106632793245012 0.05106039423683751 0.0065168906 0.0016491774 0.8347696489962936 0.043567132857353204  2.21 
68 0.007320988 0.0016740802 0.8121424099861858 0.045712280847732066 0.0062058014 0.0014336046 0.8423891127789028 0.03765222952281244  2.14 
69 0.007341031 0.0017716712 0.8116237608384624 0.048549352647956304 0.0065096896 0.0015981204 0.8349228357618478 0.0414315160345991  2.08 
70 0.007470356 0.0017413878 0.8079680265195607 0.048114646353793845 0.006423457 0.0014171595 0.8372690997857892 0.03867396951995702  2.01 
71 0.0072301496 0.0016629854 0.8144338158157334 0.045888830698993695 0.0069851805 0.0016951414 0.8240030609791476 0.041850803422293456  1.94 
72 0.0072344043 0.001672706 0.8142638544566971 0.04570825473844234 0.006645751 0.0015197014 0.831347557513417 0.04158110318722044  1.88 
73 0.0073600737 0.0018370502 0.8107205355652469 0.050617105148722266 0.0062714973 0.0016238745 0.8403187197453017 0.04263018769818958  1.81 
74 0.007330763 0.0017823792 0.811354891848719 0.049693626395068025 0.0065057026 0.001761398 0.8352317108108684 0.04524887910929084  1.75 
75 0.0072401357 0.0016298484 0.8134183007332183 0.045101140702437315 0.00643729 0.0015235035 0.836026908903076 0.03994082049788982  1.68 
76 0.0072293538 0.0016795996 0.8140761706837506 0.046380487284807884 0.0062064533 0.0014651685 0.8418039573094648 0.03790512997079522  1.6 
77 0.0071735973 0.0017889697 0.8155405040399104 0.04868859638823752 0.006301925 0.0015902605 0.8395080631711463 0.04132704596545811  1.52 
78 0.007225694 0.0017842255 0.8145043209260132 0.04879908115700983 0.0063001886 0.0017211293 0.8395521418141163 0.04410324258131076  1.44 
79 0.0071785063 0.0017758321 0.81532793505478 0.04821564896238169 0.0063397605 0.0015762734 0.8388079027873988 0.040026616337836295  1.36 
80 0.0071078897 0.0017436296 0.8173497899674762 0.04750215107875472 0.006324797 0.0014827902 0.8401851057346683 0.03883660095720243  1.29 
81 0.007133627 0.0018420226 0.8167127008482988 0.05041284008477877 0.0060585183 0.0014459199 0.845666151174227 0.03916087616029763  1.21 
82 0.0071062734 0.0017170862 0.8174883032068192 0.046822091220231586 0.0062229503 0.001506222 0.8415392008478119 0.039071666102476116  1.15 
83 0.007030696 0.0016539631 0.8193642949364891 0.04499600923913125 0.0060972925 0.0015462968 0.8451305217650084 0.04111446017726723  1.1 
84 0.007037096 0.0017097259 0.8188292590290789 0.0470161661965556 0.006191457 0.0015637168 0.8424491891531907 0.040389368291376876  1.03 
85 0.007161769 0.0018150898 0.8156254270376243 0.04959888861706614 0.006250306 0.001458271 0.8411120554299621 0.0392602157847119  0.97 
86 0.007129423 0.0017655144 0.8163577270247632 0.04863914561036803 0.006157248 0.0015025836 0.8428589637510482 0.039398013086176874  0.9 
87 0.007129286 0.0016696724 0.8168999590577117 0.04598554991608822 0.0061831824 0.0014606471 0.8437358731020008 0.037320108687933014  0.83 
88 0.0069636377 0.001686044 0.8210240004091973 0.0459866542163268 0.0060745 0.0015779163 0.8456296170293912 0.04096737377184476  0.77 
89 0.007126907 0.0017569487 0.8164725727789013 0.04765865017471808 0.005916135 0.0013957551 0.8501777510722849 0.03728208150414011  0.71 
90 0.006906382 0.0017486649 0.8221830355116668 0.04798765416735449 0.0063296496 0.0015417103 0.8390954974584928 0.039852312660229906  0.65 
91 0.0070511564 0.0017402822 0.8183322854215859 0.04785195003384373 0.0059875143 0.0014231226 0.8471266931144515 0.038121270876813676  0.59 
92 0.0071117603 0.0017861696 0.816748184130656 0.049610125405410765 0.0059827683 0.0014512137 0.8472666882426332 0.03702982450481386  0.52 
93 0.0070854193 0.0016553137 0.8175124270191866 0.04540285812716903 0.0060442956 0.0014250452 0.8462716932656912 0.03840850438930286  0.46 
94 0.007048093 0.0017821833 0.8185488613693872 0.04907665786054195 0.005845781 0.0012833924 0.8498513753839793 0.0348189232207503  0.39 
95 0.006965043 0.0016781752 0.8205215739484731 0.046021855804948095 0.0063184616 0.0016081501 0.8410021484194217 0.04081064219710248  0.33 
96 0.006876601 0.0016770131 0.8229527671443296 0.04625063631660375 0.006130209 0.001649943 0.8437893636437015 0.042591315018255964  0.26 
97 0.0070007388 0.0016983643 0.819516956881513 0.047206949095068625 0.006024377 0.0016799817 0.8460701388274534 0.043394658531761145  0.2 
98 0.0068351887 0.0017011021 0.8241492364559585 0.046489514450129374 0.006048079 0.0014313291 0.8461159201003795 0.03708052255075417  0.13 
99 0.0069373297 0.0017871582 0.8211952307679278 0.04925373179538314 0.006037161 0.0014904403 0.846562223850023 0.03864388643709849  0.07 
