best model
epoch = 18

TRAINING result

loss_mean = 0.007936857
loss_std  = 0.001994383


accuracy   = 97.751 [%]
hit_count  = 58682
miss_count = 1350

class_accuracy = 98.881%   98.744%   98.158%   96.052%   97.817%   97.223%   98.08%   97.944%   97.789%   96.513%   


confusion_matrix = 
        5832           1          21           5           7          14          21           3          11          18
           0        6684           7           4           7           7           2          13          23          12
           2          37        5861          67          12           5           3          41          20           1
           0           7          10        5961           1          38           0           8          16          57
           4           5           9           2        5736          11           3          13           4          28
           4           1           0          26           0        5217          52           1          12          16
          11           4           5           5          16          27        5824           0          12           0
           1          11          21          26           8           2           0        6242           0          25
          34          15          34          82          15          37          32           8        5706          45
           9           3           2          27          61           7           0          43          30        5619





TESTING result

loss_mean = 0.009062835
loss_std  = 0.0021301988


accuracy   = 97.014 [%]
hit_count  = 9748
miss_count = 300

class_accuracy = 99.011%   99.073%   96.875%   96.777%   96.096%   95.217%   96.137%   96.376%   98.4%   94.562%   


confusion_matrix = 
        1001           0           3           0           0           2           9           1           3           6
           1        1175           6           0           0           1           4           5           0           2
           1           0         992          10           2           0           4          17           1           0
           2           4           3         961           0          15           0           2           3           6
           1           0           0           0         960           0           1           1           2          14
           1           1           0           4           0         856          14           0           2           1
           1           0           0           0           6           6         896           0           0           0
           0           0           4           8           2           1           0         984           1          10
           2           5          11           8           4          12           3           6         984          14
           0           0           4           1          24           5           0           4           3         939

