0 0.14219566 0.15768181 57.45435767590618 0.05664338 0.0039258 77.9657643312102  0.02 
1 0.039041124 0.009058472 86.08742004264393 0.028119469 0.0031772354 90.55533439490446  0.02 
2 0.023831008 0.0042407354 91.73940565031982 0.020081805 0.002936159 92.93391719745223  0.02 
3 0.01794455 0.0032298847 93.85994136460555 0.016544448 0.0030198304 94.17794585987261  0.02 
4 0.01562904 0.0029273506 94.46795042643923 0.014884138 0.0027714965 94.69546178343948  0.02 
5 0.013889992 0.002738824 95.25086620469084 0.013793827 0.0027516899 94.72531847133757  0.02 
6 0.012898275 0.002651045 95.65565031982942 0.01268115 0.0028181702 95.59116242038216  0.02 
7 0.011923417 0.002529607 95.92883795309169 0.011973947 0.0023210407 95.79020700636943  0.01 
8 0.011348588 0.0025433244 96.23367537313433 0.011372981 0.0026350706 96.02906050955414  0.01 
9 0.010664936 0.002367658 96.61513859275053 0.011483971 0.0024508084 95.82006369426752  0.01 
10 0.01024255 0.0023260927 96.76505863539445 0.010891752 0.0026564598 96.07882165605096  0.01 
11 0.009863137 0.0022191717 96.98660714285714 0.010590837 0.002557385 96.48686305732484  0.01 
12 0.009453703 0.00225394 97.12986407249467 0.010618818 0.0023938701 96.44705414012739  0.01 
13 0.009089741 0.0022220544 97.2714552238806 0.0099537065 0.002183025 96.62619426751593  0.01 
14 0.008847574 0.0022019166 97.35141257995735 0.010072262 0.0025810255 96.53662420382166  0.01 
15 0.008578343 0.0021753146 97.4630197228145 0.009831159 0.002603064 96.73566878980891  0.01 
16 0.008247082 0.0020494186 97.69789445628997 0.009483208 0.0022975535 96.82523885350318  0.0 
17 0.0080720335 0.002031576 97.71954957356077 0.009137371 0.0020403576 96.97452229299363  0.0 
18 0.007936857 0.001994383 97.75119936034115 0.009062835 0.0021301988 97.01433121019109  0.0 
19 0.007757004 0.0020832417 97.8344882729211 0.009356534 0.0023851227 96.54657643312102  0.0 
